!SESSION 2016-02-26 12:17:51.991 -----------------------------------------------
eclipse.buildId=unknown
java.version=1.8.0_25
java.vendor=Oracle Corporation
BootLoader constants: OS=linux, ARCH=x86_64, WS=gtk, NL=es_ES
Command-line arguments:  -os linux -ws gtk -arch x86_64

!ENTRY org.python.pydev.shared_core 1 1 2016-02-26 12:19:54.713
!MESSAGE Restoring info for: /usr/bin/python
!STACK 0
java.lang.RuntimeException: Restoring info for: /usr/bin/python
	at org.python.pydev.ui.interpreters.AbstractInterpreterManager.getInterpretersFromPersistedString(AbstractInterpreterManager.java:517)
	at org.python.pydev.ui.interpreters.AbstractInterpreterManager.internalRecreateCacheGetInterpreterInfos(AbstractInterpreterManager.java:337)
	at org.python.pydev.ui.interpreters.AbstractInterpreterManager.setInfos(AbstractInterpreterManager.java:641)
	at org.python.pydev.ui.pythonpathconf.AutoConfigMaker$1.run(AutoConfigMaker.java:137)
	at org.eclipse.core.internal.jobs.Worker.run(Worker.java:55)
Caused by: java.io.IOException: Expecting: /home/dbarrada/Dropbox/Docking/3D_numpy_array_cardinalities/.metadata/.plugins/org.python.pydev/v1_bm109oo8jsa5gnqmc06ekl12p/modulesKeys to exist (and be a file).
	at org.python.pydev.editor.codecompletion.revisited.ModulesManager.loadFromFile(ModulesManager.java:289)
	at org.python.pydev.editor.codecompletion.revisited.SystemModulesManager.load(SystemModulesManager.java:371)
	at org.python.pydev.ui.interpreters.AbstractInterpreterManager.getInterpretersFromPersistedString(AbstractInterpreterManager.java:515)
	... 4 more

!ENTRY org.python.pydev.shared_core 1 1 2016-02-26 12:19:54.714
!MESSAGE - Ok, file is non-null. Getting info on:/usr/bin/python
- Beggining task:Getting libs totalWork:100
- Setting task name:Mounting executable string...
- Setting task name:Executing:  /usr/bin/python -u /home/dbarrada/Downloads/liclipse/plugins/org.python.pydev_4.5.1.201601132113/pysrc/interpreterInfo.py
- Setting task name:Making pythonpath environment... /usr/bin/python -u /home/dbarrada/Downloads/liclipse/plugins/org.python.pydev_4.5.1.201601132113/pysrc/interpreterInfo.py
- Setting task name:Making exec... /usr/bin/python -u /home/dbarrada/Downloads/liclipse/plugins/org.python.pydev_4.5.1.201601132113/pysrc/interpreterInfo.py
- Setting task name:Reading output...
- Setting task name:Waiting for process to finish.
- Success getting the info. Result:<xml>
<name>python</name>
<version>2.7</version>
<executable>/usr/bin/python</executable>
<lib>/usr/lib64/python2.7</lib>
<lib>/usr/lib64/python2.7/plat-linux2</lib>
<lib>/usr/lib64/python2.7/lib-tk</lib>
<lib>/usr/lib64/python2.7/lib-dynload</lib>
<lib>/usr/lib64/python2.7/site-packages</lib>
<lib>/usr/lib64/python2.7/site-packages/PIL</lib>
<lib>/usr/lib64/python2.7/site-packages/gtk-2.0</lib>
<lib>/usr/lib/python2.7/site-packages</lib>
<lib>/usr/lib64/python2.7/site-packages/wx-3.0-gtk2</lib>
<forced_lib>Image</forced_lib>
<forced_lib>OpenGL</forced_lib>
<forced_lib>__builtin__</forced_lib>
<forced_lib>__main__</forced_lib>
<forced_lib>_ast</forced_lib>
<forced_lib>_bisect</forced_lib>
<forced_lib>_bytesio</forced_lib>
<forced_lib>_codecs</forced_lib>
<forced_lib>_codecs_cn</forced_lib>
<forced_lib>_codecs_hk</forced_lib>
<forced_lib>_codecs_iso2022</forced_lib>
<forced_lib>_codecs_jp</forced_lib>
<forced_lib>_codecs_kr</forced_lib>
<forced_lib>_codecs_tw</forced_lib>
<forced_lib>_collections</forced_lib>
<forced_lib>_csv</forced_lib>
<forced_lib>_fileio</forced_lib>
<forced_lib>_functools</forced_lib>
<forced_lib>_heapq</forced_lib>
<forced_lib>_hotshot</forced_lib>
<forced_lib>_json</forced_lib>
<forced_lib>_locale</forced_lib>
<forced_lib>_lsprof</forced_lib>
<forced_lib>_md5</forced_lib>
<forced_lib>_multibytecodec</forced_lib>
<forced_lib>_random</forced_lib>
<forced_lib>_sha</forced_lib>
<forced_lib>_sha256</forced_lib>
<forced_lib>_sha512</forced_lib>
<forced_lib>_sre</forced_lib>
<forced_lib>_struct</forced_lib>
<forced_lib>_subprocess</forced_lib>
<forced_lib>_symtable</forced_lib>
<forced_lib>_warnings</forced_lib>
<forced_lib>_weakref</forced_lib>
<forced_lib>_winreg</forced_lib>
<forced_lib>array</forced_lib>
<forced_lib>audioop</forced_lib>
<forced_lib>binascii</forced_lib>
<forced_lib>cPickle</forced_lib>
<forced_lib>cStringIO</forced_lib>
<forced_lib>cmath</forced_lib>
<forced_lib>datetime</forced_lib>
<forced_lib>email</forced_lib>
<forced_lib>errno</forced_lib>
<forced_lib>exceptions</forced_lib>
<forced_lib>future_builtins</forced_lib>
<forced_lib>gc</forced_lib>
<forced_lib>gi</forced_lib>
<forced_lib>hashlib</forced_lib>
<forced_lib>imageop</forced_lib>
<forced_lib>imp</forced_lib>
<forced_lib>itertools</forced_lib>
<forced_lib>marshal</forced_lib>
<forced_lib>math</forced_lib>
<forced_lib>mmap</forced_lib>
<forced_lib>msvcrt</forced_lib>
<forced_lib>nt</forced_lib>
<forced_lib>numpy</forced_lib>
<forced_lib>operator</forced_lib>
<forced_lib>os</forced_lib>
<forced_lib>os.path</forced_lib>
<forced_lib>parser</forced_lib>
<forced_lib>posix</forced_lib>
<forced_lib>pwd</forced_lib>
<forced_lib>pytest</forced_lib>
<forced_lib>scipy</forced_lib>
<forced_lib>signal</forced_lib>
<forced_lib>socket</forced_lib>
<forced_lib>strop</forced_lib>
<forced_lib>sys</forced_lib>
<forced_lib>thread</forced_lib>
<forced_lib>time</forced_lib>
<forced_lib>wx</forced_lib>
<forced_lib>wxPython</forced_lib>
<forced_lib>xxsubtype</forced_lib>
<forced_lib>zipimport</forced_lib>
<forced_lib>zlib</forced_lib>
</xml>

!STACK 0
java.lang.RuntimeException: - Ok, file is non-null. Getting info on:/usr/bin/python
- Beggining task:Getting libs totalWork:100
- Setting task name:Mounting executable string...
- Setting task name:Executing:  /usr/bin/python -u /home/dbarrada/Downloads/liclipse/plugins/org.python.pydev_4.5.1.201601132113/pysrc/interpreterInfo.py
- Setting task name:Making pythonpath environment... /usr/bin/python -u /home/dbarrada/Downloads/liclipse/plugins/org.python.pydev_4.5.1.201601132113/pysrc/interpreterInfo.py
- Setting task name:Making exec... /usr/bin/python -u /home/dbarrada/Downloads/liclipse/plugins/org.python.pydev_4.5.1.201601132113/pysrc/interpreterInfo.py
- Setting task name:Reading output...
- Setting task name:Waiting for process to finish.
- Success getting the info. Result:<xml>
<name>python</name>
<version>2.7</version>
<executable>/usr/bin/python</executable>
<lib>/usr/lib64/python2.7</lib>
<lib>/usr/lib64/python2.7/plat-linux2</lib>
<lib>/usr/lib64/python2.7/lib-tk</lib>
<lib>/usr/lib64/python2.7/lib-dynload</lib>
<lib>/usr/lib64/python2.7/site-packages</lib>
<lib>/usr/lib64/python2.7/site-packages/PIL</lib>
<lib>/usr/lib64/python2.7/site-packages/gtk-2.0</lib>
<lib>/usr/lib/python2.7/site-packages</lib>
<lib>/usr/lib64/python2.7/site-packages/wx-3.0-gtk2</lib>
<forced_lib>Image</forced_lib>
<forced_lib>OpenGL</forced_lib>
<forced_lib>__builtin__</forced_lib>
<forced_lib>__main__</forced_lib>
<forced_lib>_ast</forced_lib>
<forced_lib>_bisect</forced_lib>
<forced_lib>_bytesio</forced_lib>
<forced_lib>_codecs</forced_lib>
<forced_lib>_codecs_cn</forced_lib>
<forced_lib>_codecs_hk</forced_lib>
<forced_lib>_codecs_iso2022</forced_lib>
<forced_lib>_codecs_jp</forced_lib>
<forced_lib>_codecs_kr</forced_lib>
<forced_lib>_codecs_tw</forced_lib>
<forced_lib>_collections</forced_lib>
<forced_lib>_csv</forced_lib>
<forced_lib>_fileio</forced_lib>
<forced_lib>_functools</forced_lib>
<forced_lib>_heapq</forced_lib>
<forced_lib>_hotshot</forced_lib>
<forced_lib>_json</forced_lib>
<forced_lib>_locale</forced_lib>
<forced_lib>_lsprof</forced_lib>
<forced_lib>_md5</forced_lib>
<forced_lib>_multibytecodec</forced_lib>
<forced_lib>_random</forced_lib>
<forced_lib>_sha</forced_lib>
<forced_lib>_sha256</forced_lib>
<forced_lib>_sha512</forced_lib>
<forced_lib>_sre</forced_lib>
<forced_lib>_struct</forced_lib>
<forced_lib>_subprocess</forced_lib>
<forced_lib>_symtable</forced_lib>
<forced_lib>_warnings</forced_lib>
<forced_lib>_weakref</forced_lib>
<forced_lib>_winreg</forced_lib>
<forced_lib>array</forced_lib>
<forced_lib>audioop</forced_lib>
<forced_lib>binascii</forced_lib>
<forced_lib>cPickle</forced_lib>
<forced_lib>cStringIO</forced_lib>
<forced_lib>cmath</forced_lib>
<forced_lib>datetime</forced_lib>
<forced_lib>email</forced_lib>
<forced_lib>errno</forced_lib>
<forced_lib>exceptions</forced_lib>
<forced_lib>future_builtins</forced_lib>
<forced_lib>gc</forced_lib>
<forced_lib>gi</forced_lib>
<forced_lib>hashlib</forced_lib>
<forced_lib>imageop</forced_lib>
<forced_lib>imp</forced_lib>
<forced_lib>itertools</forced_lib>
<forced_lib>marshal</forced_lib>
<forced_lib>math</forced_lib>
<forced_lib>mmap</forced_lib>
<forced_lib>msvcrt</forced_lib>
<forced_lib>nt</forced_lib>
<forced_lib>numpy</forced_lib>
<forced_lib>operator</forced_lib>
<forced_lib>os</forced_lib>
<forced_lib>os.path</forced_lib>
<forced_lib>parser</forced_lib>
<forced_lib>posix</forced_lib>
<forced_lib>pwd</forced_lib>
<forced_lib>pytest</forced_lib>
<forced_lib>scipy</forced_lib>
<forced_lib>signal</forced_lib>
<forced_lib>socket</forced_lib>
<forced_lib>strop</forced_lib>
<forced_lib>sys</forced_lib>
<forced_lib>thread</forced_lib>
<forced_lib>time</forced_lib>
<forced_lib>wx</forced_lib>
<forced_lib>wxPython</forced_lib>
<forced_lib>xxsubtype</forced_lib>
<forced_lib>zipimport</forced_lib>
<forced_lib>zlib</forced_lib>
</xml>

	at org.python.pydev.core.log.Log.logInfo(Log.java:66)
	at org.python.pydev.ui.pythonpathconf.AutoConfigMaker.autoConfigSingleApply(AutoConfigMaker.java:177)
	at org.python.pydev.ui.PyProjectPythonDetails$ProjectInterpreterAndGrammarConfig$2.widgetSelected(PyProjectPythonDetails.java:269)
	at org.eclipse.swt.widgets.TypedListener.handleEvent(TypedListener.java:248)
	at org.eclipse.swt.widgets.EventTable.sendEvent(EventTable.java:84)
	at org.eclipse.swt.widgets.Display.sendEvent(Display.java:4481)
	at org.eclipse.swt.widgets.Widget.sendEvent(Widget.java:1327)
	at org.eclipse.swt.widgets.Widget.sendEvent(Widget.java:1351)
	at org.eclipse.swt.widgets.Widget.sendSelectionEvent(Widget.java:1465)
	at org.eclipse.swt.widgets.Link.gtk_button_release_event(Link.java:372)
	at org.eclipse.swt.widgets.Widget.windowProc(Widget.java:1945)
	at org.eclipse.swt.widgets.Control.windowProc(Control.java:5590)
	at org.eclipse.swt.widgets.Display.windowProc(Display.java:4717)
	at org.eclipse.swt.internal.gtk.OS._gtk_main_do_event(Native Method)
	at org.eclipse.swt.internal.gtk.OS.gtk_main_do_event(OS.java:9272)
	at org.eclipse.swt.widgets.Display.eventProc(Display.java:1225)
	at org.eclipse.swt.internal.gtk.OS._g_main_context_iteration(Native Method)
	at org.eclipse.swt.internal.gtk.OS.g_main_context_iteration(OS.java:2422)
	at org.eclipse.swt.widgets.Display.readAndDispatch(Display.java:3428)
	at org.eclipse.jface.window.Window.runEventLoop(Window.java:827)
	at org.eclipse.jface.window.Window.open(Window.java:803)
	at org.eclipse.ui.internal.actions.NewWizardShortcutAction.run(NewWizardShortcutAction.java:136)
	at org.eclipse.jface.action.Action.runWithEvent(Action.java:473)
	at org.eclipse.jface.action.ActionContributionItem.handleWidgetSelection(ActionContributionItem.java:595)
	at org.eclipse.jface.action.ActionContributionItem.access$2(ActionContributionItem.java:511)
	at org.eclipse.jface.action.ActionContributionItem$5.handleEvent(ActionContributionItem.java:420)
	at org.eclipse.swt.widgets.EventTable.sendEvent(EventTable.java:84)
	at org.eclipse.swt.widgets.Display.sendEvent(Display.java:4481)
	at org.eclipse.swt.widgets.Widget.sendEvent(Widget.java:1327)
	at org.eclipse.swt.widgets.Display.runDeferredEvents(Display.java:3819)
	at org.eclipse.swt.widgets.Display.readAndDispatch(Display.java:3430)
	at org.eclipse.e4.ui.internal.workbench.swt.PartRenderingEngine$4.run(PartRenderingEngine.java:1127)
	at org.eclipse.core.databinding.observable.Realm.runWithDefault(Realm.java:337)
	at org.eclipse.e4.ui.internal.workbench.swt.PartRenderingEngine.run(PartRenderingEngine.java:1018)
	at org.eclipse.e4.ui.internal.workbench.E4Workbench.createAndRunUI(E4Workbench.java:156)
	at org.eclipse.ui.internal.Workbench$5.run(Workbench.java:654)
	at org.eclipse.core.databinding.observable.Realm.runWithDefault(Realm.java:337)
	at org.eclipse.ui.internal.Workbench.createAndRunWorkbench(Workbench.java:598)
	at org.eclipse.ui.PlatformUI.createAndRunWorkbench(PlatformUI.java:150)
	at com.brainwy.liclipse.rcp.IDEApplication.start(IDEApplication.java:210)
	at org.eclipse.equinox.internal.app.EclipseAppHandle.run(EclipseAppHandle.java:196)
	at org.eclipse.core.runtime.internal.adaptor.EclipseAppLauncher.runApplication(EclipseAppLauncher.java:134)
	at org.eclipse.core.runtime.internal.adaptor.EclipseAppLauncher.start(EclipseAppLauncher.java:104)
	at org.eclipse.core.runtime.adaptor.EclipseStarter.run(EclipseStarter.java:380)
	at org.eclipse.core.runtime.adaptor.EclipseStarter.run(EclipseStarter.java:235)
	at sun.reflect.NativeMethodAccessorImpl.invoke0(Native Method)
	at sun.reflect.NativeMethodAccessorImpl.invoke(NativeMethodAccessorImpl.java:62)
	at sun.reflect.DelegatingMethodAccessorImpl.invoke(DelegatingMethodAccessorImpl.java:43)
	at java.lang.reflect.Method.invoke(Method.java:483)
	at org.eclipse.equinox.launcher.Main.invokeFramework(Main.java:669)
	at org.eclipse.equinox.launcher.Main.basicRun(Main.java:608)
	at org.eclipse.equinox.launcher.Main.run(Main.java:1515)
	at org.eclipse.equinox.launcher.Main.main(Main.java:1488)

!ENTRY org.python.pydev.shared_core 1 1 2016-02-26 12:19:57.564
!MESSAGE Finished restoring information for: /usr/bin/python at: /home/dbarrada/Dropbox/Docking/3D_numpy_array_cardinalities/.metadata/.plugins/org.python.pydev/v1_bm109oo8jsa5gnqmc06ekl12p
!STACK 0
java.lang.RuntimeException: Finished restoring information for: /usr/bin/python at: /home/dbarrada/Dropbox/Docking/3D_numpy_array_cardinalities/.metadata/.plugins/org.python.pydev/v1_bm109oo8jsa5gnqmc06ekl12p
	at org.python.pydev.core.log.Log.logInfo(Log.java:66)
	at org.python.pydev.ui.interpreters.AbstractInterpreterManager.getInterpretersFromPersistedString(AbstractInterpreterManager.java:562)
	at org.python.pydev.ui.interpreters.AbstractInterpreterManager.internalRecreateCacheGetInterpreterInfos(AbstractInterpreterManager.java:337)
	at org.python.pydev.ui.interpreters.AbstractInterpreterManager.setInfos(AbstractInterpreterManager.java:641)
	at org.python.pydev.ui.pythonpathconf.AutoConfigMaker$1.run(AutoConfigMaker.java:137)
	at org.eclipse.core.internal.jobs.Worker.run(Worker.java:55)

!ENTRY org.python.pydev.shared_core 4 4 2016-02-26 12:19:57.733
!MESSAGE Info: Rebuilding internal caches: /home/dbarrada/Dropbox/Docking/3D_numpy_array_cardinalities/.metadata/.plugins/com.python.pydev.analysis/python_v1_bm109oo8jsa5gnqmc06ekl12p/python.pydevsysteminfo (Expected error to be provided and got no error!)

!ENTRY org.python.pydev.shared_core 4 4 2016-02-26 12:20:01.620
!MESSAGE Did not expect to find item below node: Assign[targets=[Attribute[value=Name[id=self, ctx=Load, reserved=false], attr=NameTok[id=strm, ctx=Attrib], ctx=Load]], value=null] (module: Plframe.py).
!STACK 0
java.lang.RuntimeException: Did not expect to find item below node: Assign[targets=[Attribute[value=Name[id=self, ctx=Load, reserved=false], attr=NameTok[id=strm, ctx=Attrib], ctx=Load]], value=null] (module: Plframe.py).
	at org.python.pydev.core.log.Log.log(Log.java:54)
	at org.python.pydev.parser.fastparser.FastDefinitionsParser.endScopesInStack(FastDefinitionsParser.java:589)
	at org.python.pydev.parser.fastparser.FastDefinitionsParser.handleNewLine(FastDefinitionsParser.java:380)
	at org.python.pydev.parser.fastparser.FastDefinitionsParser.extractBody(FastDefinitionsParser.java:249)
	at org.python.pydev.parser.fastparser.FastDefinitionsParser.parse(FastDefinitionsParser.java:676)
	at com.python.pydev.analysis.additionalinfo.AbstractAdditionalTokensInfo.addAstInfo(AbstractAdditionalTokensInfo.java:310)
	at com.python.pydev.analysis.additionalinfo.AbstractAdditionalInfoWithBuild.restoreInfoForModuleManager(AbstractAdditionalInfoWithBuild.java:258)
	at com.python.pydev.analysis.additionalinfo.AdditionalSystemInterpreterInfo.recreateAllInfo(AdditionalSystemInterpreterInfo.java:179)
	at com.python.pydev.analysis.additionalinfo.AdditionalSystemInterpreterInfo.getAdditionalSystemInfo(AdditionalSystemInterpreterInfo.java:155)
	at com.python.pydev.analysis.additionalinfo.AdditionalSystemInterpreterInfo.getAdditionalSystemInfo(AdditionalSystemInterpreterInfo.java:124)
	at com.python.pydev.analysis.additionalinfo.AdditionalSystemInterpreterInfo.recreateAllInfo(AdditionalSystemInterpreterInfo.java:171)
	at com.python.pydev.analysis.additionalinfo.builders.InterpreterObserver.notifyDefaultPythonpathRestored(InterpreterObserver.java:35)
	at org.python.pydev.ui.interpreters.AbstractInterpreterManager.restorePythopathForInterpreters(AbstractInterpreterManager.java:726)
	at org.python.pydev.ui.interpreters.AbstractInterpreterManager.setInfos(AbstractInterpreterManager.java:643)
	at org.python.pydev.ui.pythonpathconf.AutoConfigMaker$1.run(AutoConfigMaker.java:137)
	at org.eclipse.core.internal.jobs.Worker.run(Worker.java:55)

!ENTRY org.python.pydev.shared_core 4 4 2016-02-26 12:20:01.621
!MESSAGE Did not expect to find item below node: Assign[targets=[Name[id=nxl, ctx=Store, reserved=false]], value=null] (module: Plframe.py).
!STACK 0
java.lang.RuntimeException: Did not expect to find item below node: Assign[targets=[Name[id=nxl, ctx=Store, reserved=false]], value=null] (module: Plframe.py).
	at org.python.pydev.core.log.Log.log(Log.java:54)
	at org.python.pydev.parser.fastparser.FastDefinitionsParser.endScopesInStack(FastDefinitionsParser.java:589)
	at org.python.pydev.parser.fastparser.FastDefinitionsParser.handleNewLine(FastDefinitionsParser.java:380)
	at org.python.pydev.parser.fastparser.FastDefinitionsParser.extractBody(FastDefinitionsParser.java:249)
	at org.python.pydev.parser.fastparser.FastDefinitionsParser.parse(FastDefinitionsParser.java:676)
	at com.python.pydev.analysis.additionalinfo.AbstractAdditionalTokensInfo.addAstInfo(AbstractAdditionalTokensInfo.java:310)
	at com.python.pydev.analysis.additionalinfo.AbstractAdditionalInfoWithBuild.restoreInfoForModuleManager(AbstractAdditionalInfoWithBuild.java:258)
	at com.python.pydev.analysis.additionalinfo.AdditionalSystemInterpreterInfo.recreateAllInfo(AdditionalSystemInterpreterInfo.java:179)
	at com.python.pydev.analysis.additionalinfo.AdditionalSystemInterpreterInfo.getAdditionalSystemInfo(AdditionalSystemInterpreterInfo.java:155)
	at com.python.pydev.analysis.additionalinfo.AdditionalSystemInterpreterInfo.getAdditionalSystemInfo(AdditionalSystemInterpreterInfo.java:124)
	at com.python.pydev.analysis.additionalinfo.AdditionalSystemInterpreterInfo.recreateAllInfo(AdditionalSystemInterpreterInfo.java:171)
	at com.python.pydev.analysis.additionalinfo.builders.InterpreterObserver.notifyDefaultPythonpathRestored(InterpreterObserver.java:35)
	at org.python.pydev.ui.interpreters.AbstractInterpreterManager.restorePythopathForInterpreters(AbstractInterpreterManager.java:726)
	at org.python.pydev.ui.interpreters.AbstractInterpreterManager.setInfos(AbstractInterpreterManager.java:643)
	at org.python.pydev.ui.pythonpathconf.AutoConfigMaker$1.run(AutoConfigMaker.java:137)
	at org.eclipse.core.internal.jobs.Worker.run(Worker.java:55)

!ENTRY org.python.pydev.shared_core 4 4 2016-02-26 12:20:01.621
!MESSAGE Did not expect to find item below node: Assign[targets=[Name[id=nyl, ctx=Store, reserved=false]], value=null] (module: Plframe.py).
!STACK 0
java.lang.RuntimeException: Did not expect to find item below node: Assign[targets=[Name[id=nyl, ctx=Store, reserved=false]], value=null] (module: Plframe.py).
	at org.python.pydev.core.log.Log.log(Log.java:54)
	at org.python.pydev.parser.fastparser.FastDefinitionsParser.endScopesInStack(FastDefinitionsParser.java:589)
	at org.python.pydev.parser.fastparser.FastDefinitionsParser.handleNewLine(FastDefinitionsParser.java:380)
	at org.python.pydev.parser.fastparser.FastDefinitionsParser.extractBody(FastDefinitionsParser.java:249)
	at org.python.pydev.parser.fastparser.FastDefinitionsParser.parse(FastDefinitionsParser.java:676)
	at com.python.pydev.analysis.additionalinfo.AbstractAdditionalTokensInfo.addAstInfo(AbstractAdditionalTokensInfo.java:310)
	at com.python.pydev.analysis.additionalinfo.AbstractAdditionalInfoWithBuild.restoreInfoForModuleManager(AbstractAdditionalInfoWithBuild.java:258)
	at com.python.pydev.analysis.additionalinfo.AdditionalSystemInterpreterInfo.recreateAllInfo(AdditionalSystemInterpreterInfo.java:179)
	at com.python.pydev.analysis.additionalinfo.AdditionalSystemInterpreterInfo.getAdditionalSystemInfo(AdditionalSystemInterpreterInfo.java:155)
	at com.python.pydev.analysis.additionalinfo.AdditionalSystemInterpreterInfo.getAdditionalSystemInfo(AdditionalSystemInterpreterInfo.java:124)
	at com.python.pydev.analysis.additionalinfo.AdditionalSystemInterpreterInfo.recreateAllInfo(AdditionalSystemInterpreterInfo.java:171)
	at com.python.pydev.analysis.additionalinfo.builders.InterpreterObserver.notifyDefaultPythonpathRestored(InterpreterObserver.java:35)
	at org.python.pydev.ui.interpreters.AbstractInterpreterManager.restorePythopathForInterpreters(AbstractInterpreterManager.java:726)
	at org.python.pydev.ui.interpreters.AbstractInterpreterManager.setInfos(AbstractInterpreterManager.java:643)
	at org.python.pydev.ui.pythonpathconf.AutoConfigMaker$1.run(AutoConfigMaker.java:137)
	at org.eclipse.core.internal.jobs.Worker.run(Worker.java:55)

!ENTRY org.python.pydev.shared_core 4 4 2016-02-26 12:20:01.632
!MESSAGE Did not expect to find item below node: Assign[targets=[Name[id=applicationname, ctx=Store, reserved=false]], value=null] (module: PmwAboutDialog.py).
!STACK 0
java.lang.RuntimeException: Did not expect to find item below node: Assign[targets=[Name[id=applicationname, ctx=Store, reserved=false]], value=null] (module: PmwAboutDialog.py).
	at org.python.pydev.core.log.Log.log(Log.java:54)
	at org.python.pydev.parser.fastparser.FastDefinitionsParser.endScopesInStack(FastDefinitionsParser.java:589)
	at org.python.pydev.parser.fastparser.FastDefinitionsParser.handleNewLine(FastDefinitionsParser.java:380)
	at org.python.pydev.parser.fastparser.FastDefinitionsParser.extractBody(FastDefinitionsParser.java:249)
	at org.python.pydev.parser.fastparser.FastDefinitionsParser.parse(FastDefinitionsParser.java:676)
	at com.python.pydev.analysis.additionalinfo.AbstractAdditionalTokensInfo.addAstInfo(AbstractAdditionalTokensInfo.java:310)
	at com.python.pydev.analysis.additionalinfo.AbstractAdditionalInfoWithBuild.restoreInfoForModuleManager(AbstractAdditionalInfoWithBuild.java:258)
	at com.python.pydev.analysis.additionalinfo.AdditionalSystemInterpreterInfo.recreateAllInfo(AdditionalSystemInterpreterInfo.java:179)
	at com.python.pydev.analysis.additionalinfo.AdditionalSystemInterpreterInfo.getAdditionalSystemInfo(AdditionalSystemInterpreterInfo.java:155)
	at com.python.pydev.analysis.additionalinfo.AdditionalSystemInterpreterInfo.getAdditionalSystemInfo(AdditionalSystemInterpreterInfo.java:124)
	at com.python.pydev.analysis.additionalinfo.AdditionalSystemInterpreterInfo.recreateAllInfo(AdditionalSystemInterpreterInfo.java:171)
	at com.python.pydev.analysis.additionalinfo.builders.InterpreterObserver.notifyDefaultPythonpathRestored(InterpreterObserver.java:35)
	at org.python.pydev.ui.interpreters.AbstractInterpreterManager.restorePythopathForInterpreters(AbstractInterpreterManager.java:726)
	at org.python.pydev.ui.interpreters.AbstractInterpreterManager.setInfos(AbstractInterpreterManager.java:643)
	at org.python.pydev.ui.pythonpathconf.AutoConfigMaker$1.run(AutoConfigMaker.java:137)
	at org.eclipse.core.internal.jobs.Worker.run(Worker.java:55)

!ENTRY org.python.pydev.shared_core 4 4 2016-02-26 12:20:01.633
!MESSAGE Did not expect to find item below node: Assign[targets=[Attribute[value=Name[id=self, ctx=Load, reserved=false], attr=NameTok[id=_timer, ctx=Attrib], ctx=Load]], value=null] (module: PmwBalloon.py).
!STACK 0
java.lang.RuntimeException: Did not expect to find item below node: Assign[targets=[Attribute[value=Name[id=self, ctx=Load, reserved=false], attr=NameTok[id=_timer, ctx=Attrib], ctx=Load]], value=null] (module: PmwBalloon.py).
	at org.python.pydev.core.log.Log.log(Log.java:54)
	at org.python.pydev.parser.fastparser.FastDefinitionsParser.endScopesInStack(FastDefinitionsParser.java:589)
	at org.python.pydev.parser.fastparser.FastDefinitionsParser.handleNewLine(FastDefinitionsParser.java:380)
	at org.python.pydev.parser.fastparser.FastDefinitionsParser.extractBody(FastDefinitionsParser.java:249)
	at org.python.pydev.parser.fastparser.FastDefinitionsParser.parse(FastDefinitionsParser.java:676)
	at com.python.pydev.analysis.additionalinfo.AbstractAdditionalTokensInfo.addAstInfo(AbstractAdditionalTokensInfo.java:310)
	at com.python.pydev.analysis.additionalinfo.AbstractAdditionalInfoWithBuild.restoreInfoForModuleManager(AbstractAdditionalInfoWithBuild.java:258)
	at com.python.pydev.analysis.additionalinfo.AdditionalSystemInterpreterInfo.recreateAllInfo(AdditionalSystemInterpreterInfo.java:179)
	at com.python.pydev.analysis.additionalinfo.AdditionalSystemInterpreterInfo.getAdditionalSystemInfo(AdditionalSystemInterpreterInfo.java:155)
	at com.python.pydev.analysis.additionalinfo.AdditionalSystemInterpreterInfo.getAdditionalSystemInfo(AdditionalSystemInterpreterInfo.java:124)
	at com.python.pydev.analysis.additionalinfo.AdditionalSystemInterpreterInfo.recreateAllInfo(AdditionalSystemInterpreterInfo.java:171)
	at com.python.pydev.analysis.additionalinfo.builders.InterpreterObserver.notifyDefaultPythonpathRestored(InterpreterObserver.java:35)
	at org.python.pydev.ui.interpreters.AbstractInterpreterManager.restorePythopathForInterpreters(AbstractInterpreterManager.java:726)
	at org.python.pydev.ui.interpreters.AbstractInterpreterManager.setInfos(AbstractInterpreterManager.java:643)
	at org.python.pydev.ui.pythonpathconf.AutoConfigMaker$1.run(AutoConfigMaker.java:137)
	at org.eclipse.core.internal.jobs.Worker.run(Worker.java:55)

!ENTRY org.python.pydev.shared_core 4 4 2016-02-26 12:20:01.635
!MESSAGE Did not expect to find item below node: Assign[targets=[Name[id=destroyId, ctx=Store, reserved=false]], value=null] (module: PmwBalloon.py).
!STACK 0
java.lang.RuntimeException: Did not expect to find item below node: Assign[targets=[Name[id=destroyId, ctx=Store, reserved=false]], value=null] (module: PmwBalloon.py).
	at org.python.pydev.core.log.Log.log(Log.java:54)
	at org.python.pydev.parser.fastparser.FastDefinitionsParser.endScopesInStack(FastDefinitionsParser.java:589)
	at org.python.pydev.parser.fastparser.FastDefinitionsParser.handleNewLine(FastDefinitionsParser.java:380)
	at org.python.pydev.parser.fastparser.FastDefinitionsParser.extractBody(FastDefinitionsParser.java:249)
	at org.python.pydev.parser.fastparser.FastDefinitionsParser.parse(FastDefinitionsParser.java:676)
	at com.python.pydev.analysis.additionalinfo.AbstractAdditionalTokensInfo.addAstInfo(AbstractAdditionalTokensInfo.java:310)
	at com.python.pydev.analysis.additionalinfo.AbstractAdditionalInfoWithBuild.restoreInfoForModuleManager(AbstractAdditionalInfoWithBuild.java:258)
	at com.python.pydev.analysis.additionalinfo.AdditionalSystemInterpreterInfo.recreateAllInfo(AdditionalSystemInterpreterInfo.java:179)
	at com.python.pydev.analysis.additionalinfo.AdditionalSystemInterpreterInfo.getAdditionalSystemInfo(AdditionalSystemInterpreterInfo.java:155)
	at com.python.pydev.analysis.additionalinfo.AdditionalSystemInterpreterInfo.getAdditionalSystemInfo(AdditionalSystemInterpreterInfo.java:124)
	at com.python.pydev.analysis.additionalinfo.AdditionalSystemInterpreterInfo.recreateAllInfo(AdditionalSystemInterpreterInfo.java:171)
	at com.python.pydev.analysis.additionalinfo.builders.InterpreterObserver.notifyDefaultPythonpathRestored(InterpreterObserver.java:35)
	at org.python.pydev.ui.interpreters.AbstractInterpreterManager.restorePythopathForInterpreters(AbstractInterpreterManager.java:726)
	at org.python.pydev.ui.interpreters.AbstractInterpreterManager.setInfos(AbstractInterpreterManager.java:643)
	at org.python.pydev.ui.pythonpathconf.AutoConfigMaker$1.run(AutoConfigMaker.java:137)
	at org.eclipse.core.internal.jobs.Worker.run(Worker.java:55)

!ENTRY org.python.pydev.shared_core 4 4 2016-02-26 12:20:01.635
!MESSAGE Did not expect to find item below node: Assign[targets=[Name[id=buttonId, ctx=Store, reserved=false]], value=null] (module: PmwBalloon.py).
!STACK 0
java.lang.RuntimeException: Did not expect to find item below node: Assign[targets=[Name[id=buttonId, ctx=Store, reserved=false]], value=null] (module: PmwBalloon.py).
	at org.python.pydev.core.log.Log.log(Log.java:54)
	at org.python.pydev.parser.fastparser.FastDefinitionsParser.endScopesInStack(FastDefinitionsParser.java:589)
	at org.python.pydev.parser.fastparser.FastDefinitionsParser.handleNewLine(FastDefinitionsParser.java:380)
	at org.python.pydev.parser.fastparser.FastDefinitionsParser.extractBody(FastDefinitionsParser.java:249)
	at org.python.pydev.parser.fastparser.FastDefinitionsParser.parse(FastDefinitionsParser.java:676)
	at com.python.pydev.analysis.additionalinfo.AbstractAdditionalTokensInfo.addAstInfo(AbstractAdditionalTokensInfo.java:310)
	at com.python.pydev.analysis.additionalinfo.AbstractAdditionalInfoWithBuild.restoreInfoForModuleManager(AbstractAdditionalInfoWithBuild.java:258)
	at com.python.pydev.analysis.additionalinfo.AdditionalSystemInterpreterInfo.recreateAllInfo(AdditionalSystemInterpreterInfo.java:179)
	at com.python.pydev.analysis.additionalinfo.AdditionalSystemInterpreterInfo.getAdditionalSystemInfo(AdditionalSystemInterpreterInfo.java:155)
	at com.python.pydev.analysis.additionalinfo.AdditionalSystemInterpreterInfo.getAdditionalSystemInfo(AdditionalSystemInterpreterInfo.java:124)
	at com.python.pydev.analysis.additionalinfo.AdditionalSystemInterpreterInfo.recreateAllInfo(AdditionalSystemInterpreterInfo.java:171)
	at com.python.pydev.analysis.additionalinfo.builders.InterpreterObserver.notifyDefaultPythonpathRestored(InterpreterObserver.java:35)
	at org.python.pydev.ui.interpreters.AbstractInterpreterManager.restorePythopathForInterpreters(AbstractInterpreterManager.java:726)
	at org.python.pydev.ui.interpreters.AbstractInterpreterManager.setInfos(AbstractInterpreterManager.java:643)
	at org.python.pydev.ui.pythonpathconf.AutoConfigMaker$1.run(AutoConfigMaker.java:137)
	at org.eclipse.core.internal.jobs.Worker.run(Worker.java:55)

!ENTRY org.python.pydev.shared_core 4 4 2016-02-26 12:20:01.636
!MESSAGE Did not expect to find item below node: Assign[targets=[Name[id=leftrel, ctx=Store, reserved=false]], value=null] (module: PmwBalloon.py).
!STACK 0
java.lang.RuntimeException: Did not expect to find item below node: Assign[targets=[Name[id=leftrel, ctx=Store, reserved=false]], value=null] (module: PmwBalloon.py).
	at org.python.pydev.core.log.Log.log(Log.java:54)
	at org.python.pydev.parser.fastparser.FastDefinitionsParser.endScopesInStack(FastDefinitionsParser.java:589)
	at org.python.pydev.parser.fastparser.FastDefinitionsParser.handleNewLine(FastDefinitionsParser.java:380)
	at org.python.pydev.parser.fastparser.FastDefinitionsParser.extractBody(FastDefinitionsParser.java:249)
	at org.python.pydev.parser.fastparser.FastDefinitionsParser.parse(FastDefinitionsParser.java:676)
	at com.python.pydev.analysis.additionalinfo.AbstractAdditionalTokensInfo.addAstInfo(AbstractAdditionalTokensInfo.java:310)
	at com.python.pydev.analysis.additionalinfo.AbstractAdditionalInfoWithBuild.restoreInfoForModuleManager(AbstractAdditionalInfoWithBuild.java:258)
	at com.python.pydev.analysis.additionalinfo.AdditionalSystemInterpreterInfo.recreateAllInfo(AdditionalSystemInterpreterInfo.java:179)
	at com.python.pydev.analysis.additionalinfo.AdditionalSystemInterpreterInfo.getAdditionalSystemInfo(AdditionalSystemInterpreterInfo.java:155)
	at com.python.pydev.analysis.additionalinfo.AdditionalSystemInterpreterInfo.getAdditionalSystemInfo(AdditionalSystemInterpreterInfo.java:124)
	at com.python.pydev.analysis.additionalinfo.AdditionalSystemInterpreterInfo.recreateAllInfo(AdditionalSystemInterpreterInfo.java:171)
	at com.python.pydev.analysis.additionalinfo.builders.InterpreterObserver.notifyDefaultPythonpathRestored(InterpreterObserver.java:35)
	at org.python.pydev.ui.interpreters.AbstractInterpreterManager.restorePythopathForInterpreters(AbstractInterpreterManager.java:726)
	at org.python.pydev.ui.interpreters.AbstractInterpreterManager.setInfos(AbstractInterpreterManager.java:643)
	at org.python.pydev.ui.pythonpathconf.AutoConfigMaker$1.run(AutoConfigMaker.java:137)
	at org.eclipse.core.internal.jobs.Worker.run(Worker.java:55)

!ENTRY org.python.pydev.shared_core 4 4 2016-02-26 12:20:01.636
!MESSAGE Did not expect to find item below node: Assign[targets=[Name[id=bottomrel, ctx=Store, reserved=false]], value=null] (module: PmwBalloon.py).
!STACK 0
java.lang.RuntimeException: Did not expect to find item below node: Assign[targets=[Name[id=bottomrel, ctx=Store, reserved=false]], value=null] (module: PmwBalloon.py).
	at org.python.pydev.core.log.Log.log(Log.java:54)
	at org.python.pydev.parser.fastparser.FastDefinitionsParser.endScopesInStack(FastDefinitionsParser.java:589)
	at org.python.pydev.parser.fastparser.FastDefinitionsParser.handleNewLine(FastDefinitionsParser.java:380)
	at org.python.pydev.parser.fastparser.FastDefinitionsParser.extractBody(FastDefinitionsParser.java:249)
	at org.python.pydev.parser.fastparser.FastDefinitionsParser.parse(FastDefinitionsParser.java:676)
	at com.python.pydev.analysis.additionalinfo.AbstractAdditionalTokensInfo.addAstInfo(AbstractAdditionalTokensInfo.java:310)
	at com.python.pydev.analysis.additionalinfo.AbstractAdditionalInfoWithBuild.restoreInfoForModuleManager(AbstractAdditionalInfoWithBuild.java:258)
	at com.python.pydev.analysis.additionalinfo.AdditionalSystemInterpreterInfo.recreateAllInfo(AdditionalSystemInterpreterInfo.java:179)
	at com.python.pydev.analysis.additionalinfo.AdditionalSystemInterpreterInfo.getAdditionalSystemInfo(AdditionalSystemInterpreterInfo.java:155)
	at com.python.pydev.analysis.additionalinfo.AdditionalSystemInterpreterInfo.getAdditionalSystemInfo(AdditionalSystemInterpreterInfo.java:124)
	at com.python.pydev.analysis.additionalinfo.AdditionalSystemInterpreterInfo.recreateAllInfo(AdditionalSystemInterpreterInfo.java:171)
	at com.python.pydev.analysis.additionalinfo.builders.InterpreterObserver.notifyDefaultPythonpathRestored(InterpreterObserver.java:35)
	at org.python.pydev.ui.interpreters.AbstractInterpreterManager.restorePythopathForInterpreters(AbstractInterpreterManager.java:726)
	at org.python.pydev.ui.interpreters.AbstractInterpreterManager.setInfos(AbstractInterpreterManager.java:643)
	at org.python.pydev.ui.pythonpathconf.AutoConfigMaker$1.run(AutoConfigMaker.java:137)
	at org.eclipse.core.internal.jobs.Worker.run(Worker.java:55)

!ENTRY org.python.pydev.shared_core 4 4 2016-02-26 12:20:01.638
!MESSAGE Did not expect to find item below node: Assign[targets=[Name[id=toPart, ctx=Store, reserved=false]], value=null] (module: PmwBase.py).
!STACK 0
java.lang.RuntimeException: Did not expect to find item below node: Assign[targets=[Name[id=toPart, ctx=Store, reserved=false]], value=null] (module: PmwBase.py).
	at org.python.pydev.core.log.Log.log(Log.java:54)
	at org.python.pydev.parser.fastparser.FastDefinitionsParser.endScopesInStack(FastDefinitionsParser.java:589)
	at org.python.pydev.parser.fastparser.FastDefinitionsParser.handleNewLine(FastDefinitionsParser.java:380)
	at org.python.pydev.parser.fastparser.FastDefinitionsParser.extractBody(FastDefinitionsParser.java:249)
	at org.python.pydev.parser.fastparser.FastDefinitionsParser.parse(FastDefinitionsParser.java:676)
	at com.python.pydev.analysis.additionalinfo.AbstractAdditionalTokensInfo.addAstInfo(AbstractAdditionalTokensInfo.java:310)
	at com.python.pydev.analysis.additionalinfo.AbstractAdditionalInfoWithBuild.restoreInfoForModuleManager(AbstractAdditionalInfoWithBuild.java:258)
	at com.python.pydev.analysis.additionalinfo.AdditionalSystemInterpreterInfo.recreateAllInfo(AdditionalSystemInterpreterInfo.java:179)
	at com.python.pydev.analysis.additionalinfo.AdditionalSystemInterpreterInfo.getAdditionalSystemInfo(AdditionalSystemInterpreterInfo.java:155)
	at com.python.pydev.analysis.additionalinfo.AdditionalSystemInterpreterInfo.getAdditionalSystemInfo(AdditionalSystemInterpreterInfo.java:124)
	at com.python.pydev.analysis.additionalinfo.AdditionalSystemInterpreterInfo.recreateAllInfo(AdditionalSystemInterpreterInfo.java:171)
	at com.python.pydev.analysis.additionalinfo.builders.InterpreterObserver.notifyDefaultPythonpathRestored(InterpreterObserver.java:35)
	at org.python.pydev.ui.interpreters.AbstractInterpreterManager.restorePythopathForInterpreters(AbstractInterpreterManager.java:726)
	at org.python.pydev.ui.interpreters.AbstractInterpreterManager.setInfos(AbstractInterpreterManager.java:643)
	at org.python.pydev.ui.pythonpathconf.AutoConfigMaker$1.run(AutoConfigMaker.java:137)
	at org.eclipse.core.internal.jobs.Worker.run(Worker.java:55)

!ENTRY org.python.pydev.shared_core 4 4 2016-02-26 12:20:01.638
!MESSAGE Did not expect to find item below node: Assign[targets=[Name[id=parent, ctx=Store, reserved=false]], value=null] (module: PmwBase.py).
!STACK 0
java.lang.RuntimeException: Did not expect to find item below node: Assign[targets=[Name[id=parent, ctx=Store, reserved=false]], value=null] (module: PmwBase.py).
	at org.python.pydev.core.log.Log.log(Log.java:54)
	at org.python.pydev.parser.fastparser.FastDefinitionsParser.endScopesInStack(FastDefinitionsParser.java:589)
	at org.python.pydev.parser.fastparser.FastDefinitionsParser.handleNewLine(FastDefinitionsParser.java:380)
	at org.python.pydev.parser.fastparser.FastDefinitionsParser.extractBody(FastDefinitionsParser.java:249)
	at org.python.pydev.parser.fastparser.FastDefinitionsParser.parse(FastDefinitionsParser.java:676)
	at com.python.pydev.analysis.additionalinfo.AbstractAdditionalTokensInfo.addAstInfo(AbstractAdditionalTokensInfo.java:310)
	at com.python.pydev.analysis.additionalinfo.AbstractAdditionalInfoWithBuild.restoreInfoForModuleManager(AbstractAdditionalInfoWithBuild.java:258)
	at com.python.pydev.analysis.additionalinfo.AdditionalSystemInterpreterInfo.recreateAllInfo(AdditionalSystemInterpreterInfo.java:179)
	at com.python.pydev.analysis.additionalinfo.AdditionalSystemInterpreterInfo.getAdditionalSystemInfo(AdditionalSystemInterpreterInfo.java:155)
	at com.python.pydev.analysis.additionalinfo.AdditionalSystemInterpreterInfo.getAdditionalSystemInfo(AdditionalSystemInterpreterInfo.java:124)
	at com.python.pydev.analysis.additionalinfo.AdditionalSystemInterpreterInfo.recreateAllInfo(AdditionalSystemInterpreterInfo.java:171)
	at com.python.pydev.analysis.additionalinfo.builders.InterpreterObserver.notifyDefaultPythonpathRestored(InterpreterObserver.java:35)
	at org.python.pydev.ui.interpreters.AbstractInterpreterManager.restorePythopathForInterpreters(AbstractInterpreterManager.java:726)
	at org.python.pydev.ui.interpreters.AbstractInterpreterManager.setInfos(AbstractInterpreterManager.java:643)
	at org.python.pydev.ui.pythonpathconf.AutoConfigMaker$1.run(AutoConfigMaker.java:137)
	at org.eclipse.core.internal.jobs.Worker.run(Worker.java:55)

!ENTRY org.python.pydev.shared_core 4 4 2016-02-26 12:20:01.639
!MESSAGE Did not expect to find item below node: Assign[targets=[Attribute[value=Name[id=self, ctx=Load, reserved=false], attr=NameTok[id=_optionInfo, ctx=Attrib], ctx=Load]], value=null] (module: PmwBase.py).
!STACK 0
java.lang.RuntimeException: Did not expect to find item below node: Assign[targets=[Attribute[value=Name[id=self, ctx=Load, reserved=false], attr=NameTok[id=_optionInfo, ctx=Attrib], ctx=Load]], value=null] (module: PmwBase.py).
	at org.python.pydev.core.log.Log.log(Log.java:54)
	at org.python.pydev.parser.fastparser.FastDefinitionsParser.endScopesInStack(FastDefinitionsParser.java:589)
	at org.python.pydev.parser.fastparser.FastDefinitionsParser.handleNewLine(FastDefinitionsParser.java:380)
	at org.python.pydev.parser.fastparser.FastDefinitionsParser.extractBody(FastDefinitionsParser.java:249)
	at org.python.pydev.parser.fastparser.FastDefinitionsParser.parse(FastDefinitionsParser.java:676)
	at com.python.pydev.analysis.additionalinfo.AbstractAdditionalTokensInfo.addAstInfo(AbstractAdditionalTokensInfo.java:310)
	at com.python.pydev.analysis.additionalinfo.AbstractAdditionalInfoWithBuild.restoreInfoForModuleManager(AbstractAdditionalInfoWithBuild.java:258)
	at com.python.pydev.analysis.additionalinfo.AdditionalSystemInterpreterInfo.recreateAllInfo(AdditionalSystemInterpreterInfo.java:179)
	at com.python.pydev.analysis.additionalinfo.AdditionalSystemInterpreterInfo.getAdditionalSystemInfo(AdditionalSystemInterpreterInfo.java:155)
	at com.python.pydev.analysis.additionalinfo.AdditionalSystemInterpreterInfo.getAdditionalSystemInfo(AdditionalSystemInterpreterInfo.java:124)
	at com.python.pydev.analysis.additionalinfo.AdditionalSystemInterpreterInfo.recreateAllInfo(AdditionalSystemInterpreterInfo.java:171)
	at com.python.pydev.analysis.additionalinfo.builders.InterpreterObserver.notifyDefaultPythonpathRestored(InterpreterObserver.java:35)
	at org.python.pydev.ui.interpreters.AbstractInterpreterManager.restorePythopathForInterpreters(AbstractInterpreterManager.java:726)
	at org.python.pydev.ui.interpreters.AbstractInterpreterManager.setInfos(AbstractInterpreterManager.java:643)
	at org.python.pydev.ui.pythonpathconf.AutoConfigMaker$1.run(AutoConfigMaker.java:137)
	at org.eclipse.core.internal.jobs.Worker.run(Worker.java:55)

!ENTRY org.python.pydev.shared_core 4 4 2016-02-26 12:20:01.639
!MESSAGE Did not expect to find item below node: Assign[targets=[Attribute[value=Name[id=self, ctx=Load, reserved=false], attr=NameTok[id=_initialiseoptions_counter, ctx=Attrib], ctx=Load]], value=null] (module: PmwBase.py).
!STACK 0
java.lang.RuntimeException: Did not expect to find item below node: Assign[targets=[Attribute[value=Name[id=self, ctx=Load, reserved=false], attr=NameTok[id=_initialiseoptions_counter, ctx=Attrib], ctx=Load]], value=null] (module: PmwBase.py).
	at org.python.pydev.core.log.Log.log(Log.java:54)
	at org.python.pydev.parser.fastparser.FastDefinitionsParser.endScopesInStack(FastDefinitionsParser.java:589)
	at org.python.pydev.parser.fastparser.FastDefinitionsParser.handleNewLine(FastDefinitionsParser.java:380)
	at org.python.pydev.parser.fastparser.FastDefinitionsParser.extractBody(FastDefinitionsParser.java:249)
	at org.python.pydev.parser.fastparser.FastDefinitionsParser.parse(FastDefinitionsParser.java:676)
	at com.python.pydev.analysis.additionalinfo.AbstractAdditionalTokensInfo.addAstInfo(AbstractAdditionalTokensInfo.java:310)
	at com.python.pydev.analysis.additionalinfo.AbstractAdditionalInfoWithBuild.restoreInfoForModuleManager(AbstractAdditionalInfoWithBuild.java:258)
	at com.python.pydev.analysis.additionalinfo.AdditionalSystemInterpreterInfo.recreateAllInfo(AdditionalSystemInterpreterInfo.java:179)
	at com.python.pydev.analysis.additionalinfo.AdditionalSystemInterpreterInfo.getAdditionalSystemInfo(AdditionalSystemInterpreterInfo.java:155)
	at com.python.pydev.analysis.additionalinfo.AdditionalSystemInterpreterInfo.getAdditionalSystemInfo(AdditionalSystemInterpreterInfo.java:124)
	at com.python.pydev.analysis.additionalinfo.AdditionalSystemInterpreterInfo.recreateAllInfo(AdditionalSystemInterpreterInfo.java:171)
	at com.python.pydev.analysis.additionalinfo.builders.InterpreterObserver.notifyDefaultPythonpathRestored(InterpreterObserver.java:35)
	at org.python.pydev.ui.interpreters.AbstractInterpreterManager.restorePythopathForInterpreters(AbstractInterpreterManager.java:726)
	at org.python.pydev.ui.interpreters.AbstractInterpreterManager.setInfos(AbstractInterpreterManager.java:643)
	at org.python.pydev.ui.pythonpathconf.AutoConfigMaker$1.run(AutoConfigMaker.java:137)
	at org.eclipse.core.internal.jobs.Worker.run(Worker.java:55)

!ENTRY org.python.pydev.shared_core 4 4 2016-02-26 12:20:01.639
!MESSAGE Did not expect to find item below node: Assign[targets=[Name[id=margin, ctx=Store, reserved=false]], value=null] (module: PmwBase.py).
!STACK 0
java.lang.RuntimeException: Did not expect to find item below node: Assign[targets=[Name[id=margin, ctx=Store, reserved=false]], value=null] (module: PmwBase.py).
	at org.python.pydev.core.log.Log.log(Log.java:54)
	at org.python.pydev.parser.fastparser.FastDefinitionsParser.endScopesInStack(FastDefinitionsParser.java:589)
	at org.python.pydev.parser.fastparser.FastDefinitionsParser.handleNewLine(FastDefinitionsParser.java:380)
	at org.python.pydev.parser.fastparser.FastDefinitionsParser.extractBody(FastDefinitionsParser.java:249)
	at org.python.pydev.parser.fastparser.FastDefinitionsParser.parse(FastDefinitionsParser.java:676)
	at com.python.pydev.analysis.additionalinfo.AbstractAdditionalTokensInfo.addAstInfo(AbstractAdditionalTokensInfo.java:310)
	at com.python.pydev.analysis.additionalinfo.AbstractAdditionalInfoWithBuild.restoreInfoForModuleManager(AbstractAdditionalInfoWithBuild.java:258)
	at com.python.pydev.analysis.additionalinfo.AdditionalSystemInterpreterInfo.recreateAllInfo(AdditionalSystemInterpreterInfo.java:179)
	at com.python.pydev.analysis.additionalinfo.AdditionalSystemInterpreterInfo.getAdditionalSystemInfo(AdditionalSystemInterpreterInfo.java:155)
	at com.python.pydev.analysis.additionalinfo.AdditionalSystemInterpreterInfo.getAdditionalSystemInfo(AdditionalSystemInterpreterInfo.java:124)
	at com.python.pydev.analysis.additionalinfo.AdditionalSystemInterpreterInfo.recreateAllInfo(AdditionalSystemInterpreterInfo.java:171)
	at com.python.pydev.analysis.additionalinfo.builders.InterpreterObserver.notifyDefaultPythonpathRestored(InterpreterObserver.java:35)
	at org.python.pydev.ui.interpreters.AbstractInterpreterManager.restorePythopathForInterpreters(AbstractInterpreterManager.java:726)
	at org.python.pydev.ui.interpreters.AbstractInterpreterManager.setInfos(AbstractInterpreterManager.java:643)
	at org.python.pydev.ui.pythonpathconf.AutoConfigMaker$1.run(AutoConfigMaker.java:137)
	at org.eclipse.core.internal.jobs.Worker.run(Worker.java:55)

!ENTRY org.python.pydev.shared_core 4 4 2016-02-26 12:20:01.639
!MESSAGE Did not expect to find item below node: Assign[targets=[Name[id=componentOption, ctx=Store, reserved=false]], value=null] (module: PmwBase.py).
!STACK 0
java.lang.RuntimeException: Did not expect to find item below node: Assign[targets=[Name[id=componentOption, ctx=Store, reserved=false]], value=null] (module: PmwBase.py).
	at org.python.pydev.core.log.Log.log(Log.java:54)
	at org.python.pydev.parser.fastparser.FastDefinitionsParser.endScopesInStack(FastDefinitionsParser.java:589)
	at org.python.pydev.parser.fastparser.FastDefinitionsParser.handleNewLine(FastDefinitionsParser.java:380)
	at org.python.pydev.parser.fastparser.FastDefinitionsParser.extractBody(FastDefinitionsParser.java:249)
	at org.python.pydev.parser.fastparser.FastDefinitionsParser.parse(FastDefinitionsParser.java:676)
	at com.python.pydev.analysis.additionalinfo.AbstractAdditionalTokensInfo.addAstInfo(AbstractAdditionalTokensInfo.java:310)
	at com.python.pydev.analysis.additionalinfo.AbstractAdditionalInfoWithBuild.restoreInfoForModuleManager(AbstractAdditionalInfoWithBuild.java:258)
	at com.python.pydev.analysis.additionalinfo.AdditionalSystemInterpreterInfo.recreateAllInfo(AdditionalSystemInterpreterInfo.java:179)
	at com.python.pydev.analysis.additionalinfo.AdditionalSystemInterpreterInfo.getAdditionalSystemInfo(AdditionalSystemInterpreterInfo.java:155)
	at com.python.pydev.analysis.additionalinfo.AdditionalSystemInterpreterInfo.getAdditionalSystemInfo(AdditionalSystemInterpreterInfo.java:124)
	at com.python.pydev.analysis.additionalinfo.AdditionalSystemInterpreterInfo.recreateAllInfo(AdditionalSystemInterpreterInfo.java:171)
	at com.python.pydev.analysis.additionalinfo.builders.InterpreterObserver.notifyDefaultPythonpathRestored(InterpreterObserver.java:35)
	at org.python.pydev.ui.interpreters.AbstractInterpreterManager.restorePythopathForInterpreters(AbstractInterpreterManager.java:726)
	at org.python.pydev.ui.interpreters.AbstractInterpreterManager.setInfos(AbstractInterpreterManager.java:643)
	at org.python.pydev.ui.pythonpathconf.AutoConfigMaker$1.run(AutoConfigMaker.java:137)
	at org.eclipse.core.internal.jobs.Worker.run(Worker.java:55)

!ENTRY org.python.pydev.shared_core 4 4 2016-02-26 12:20:01.640
!MESSAGE Did not expect to find item below node: Assign[targets=[Name[id=geom, ctx=Store, reserved=false]], value=null] (module: PmwBase.py).
!STACK 0
java.lang.RuntimeException: Did not expect to find item below node: Assign[targets=[Name[id=geom, ctx=Store, reserved=false]], value=null] (module: PmwBase.py).
	at org.python.pydev.core.log.Log.log(Log.java:54)
	at org.python.pydev.parser.fastparser.FastDefinitionsParser.endScopesInStack(FastDefinitionsParser.java:589)
	at org.python.pydev.parser.fastparser.FastDefinitionsParser.handleNewLine(FastDefinitionsParser.java:380)
	at org.python.pydev.parser.fastparser.FastDefinitionsParser.extractBody(FastDefinitionsParser.java:249)
	at org.python.pydev.parser.fastparser.FastDefinitionsParser.parse(FastDefinitionsParser.java:676)
	at com.python.pydev.analysis.additionalinfo.AbstractAdditionalTokensInfo.addAstInfo(AbstractAdditionalTokensInfo.java:310)
	at com.python.pydev.analysis.additionalinfo.AbstractAdditionalInfoWithBuild.restoreInfoForModuleManager(AbstractAdditionalInfoWithBuild.java:258)
	at com.python.pydev.analysis.additionalinfo.AdditionalSystemInterpreterInfo.recreateAllInfo(AdditionalSystemInterpreterInfo.java:179)
	at com.python.pydev.analysis.additionalinfo.AdditionalSystemInterpreterInfo.getAdditionalSystemInfo(AdditionalSystemInterpreterInfo.java:155)
	at com.python.pydev.analysis.additionalinfo.AdditionalSystemInterpreterInfo.getAdditionalSystemInfo(AdditionalSystemInterpreterInfo.java:124)
	at com.python.pydev.analysis.additionalinfo.AdditionalSystemInterpreterInfo.recreateAllInfo(AdditionalSystemInterpreterInfo.java:171)
	at com.python.pydev.analysis.additionalinfo.builders.InterpreterObserver.notifyDefaultPythonpathRestored(InterpreterObserver.java:35)
	at org.python.pydev.ui.interpreters.AbstractInterpreterManager.restorePythopathForInterpreters(AbstractInterpreterManager.java:726)
	at org.python.pydev.ui.interpreters.AbstractInterpreterManager.setInfos(AbstractInterpreterManager.java:643)
	at org.python.pydev.ui.pythonpathconf.AutoConfigMaker$1.run(AutoConfigMaker.java:137)
	at org.eclipse.core.internal.jobs.Worker.run(Worker.java:55)

!ENTRY org.python.pydev.shared_core 4 4 2016-02-26 12:20:01.640
!MESSAGE Did not expect to find item below node: Assign[targets=[Attribute[value=Name[id=self, ctx=Load, reserved=false], attr=NameTok[id=_firstShowing, ctx=Attrib], ctx=Load]], value=null] (module: PmwBase.py).
!STACK 0
java.lang.RuntimeException: Did not expect to find item below node: Assign[targets=[Attribute[value=Name[id=self, ctx=Load, reserved=false], attr=NameTok[id=_firstShowing, ctx=Attrib], ctx=Load]], value=null] (module: PmwBase.py).
	at org.python.pydev.core.log.Log.log(Log.java:54)
	at org.python.pydev.parser.fastparser.FastDefinitionsParser.endScopesInStack(FastDefinitionsParser.java:589)
	at org.python.pydev.parser.fastparser.FastDefinitionsParser.handleNewLine(FastDefinitionsParser.java:380)
	at org.python.pydev.parser.fastparser.FastDefinitionsParser.extractBody(FastDefinitionsParser.java:249)
	at org.python.pydev.parser.fastparser.FastDefinitionsParser.parse(FastDefinitionsParser.java:676)
	at com.python.pydev.analysis.additionalinfo.AbstractAdditionalTokensInfo.addAstInfo(AbstractAdditionalTokensInfo.java:310)
	at com.python.pydev.analysis.additionalinfo.AbstractAdditionalInfoWithBuild.restoreInfoForModuleManager(AbstractAdditionalInfoWithBuild.java:258)
	at com.python.pydev.analysis.additionalinfo.AdditionalSystemInterpreterInfo.recreateAllInfo(AdditionalSystemInterpreterInfo.java:179)
	at com.python.pydev.analysis.additionalinfo.AdditionalSystemInterpreterInfo.getAdditionalSystemInfo(AdditionalSystemInterpreterInfo.java:155)
	at com.python.pydev.analysis.additionalinfo.AdditionalSystemInterpreterInfo.getAdditionalSystemInfo(AdditionalSystemInterpreterInfo.java:124)
	at com.python.pydev.analysis.additionalinfo.AdditionalSystemInterpreterInfo.recreateAllInfo(AdditionalSystemInterpreterInfo.java:171)
	at com.python.pydev.analysis.additionalinfo.builders.InterpreterObserver.notifyDefaultPythonpathRestored(InterpreterObserver.java:35)
	at org.python.pydev.ui.interpreters.AbstractInterpreterManager.restorePythopathForInterpreters(AbstractInterpreterManager.java:726)
	at org.python.pydev.ui.interpreters.AbstractInterpreterManager.setInfos(AbstractInterpreterManager.java:643)
	at org.python.pydev.ui.pythonpathconf.AutoConfigMaker$1.run(AutoConfigMaker.java:137)
	at org.eclipse.core.internal.jobs.Worker.run(Worker.java:55)

!ENTRY org.python.pydev.shared_core 4 4 2016-02-26 12:20:01.641
!MESSAGE Did not expect to find item below node: Assign[targets=[Attribute[value=Name[id=self, ctx=Load, reserved=false], attr=NameTok[id=_active, ctx=Attrib], ctx=Load]], value=null] (module: PmwBase.py).
!STACK 0
java.lang.RuntimeException: Did not expect to find item below node: Assign[targets=[Attribute[value=Name[id=self, ctx=Load, reserved=false], attr=NameTok[id=_active, ctx=Attrib], ctx=Load]], value=null] (module: PmwBase.py).
	at org.python.pydev.core.log.Log.log(Log.java:54)
	at org.python.pydev.parser.fastparser.FastDefinitionsParser.endScopesInStack(FastDefinitionsParser.java:589)
	at org.python.pydev.parser.fastparser.FastDefinitionsParser.handleNewLine(FastDefinitionsParser.java:380)
	at org.python.pydev.parser.fastparser.FastDefinitionsParser.extractBody(FastDefinitionsParser.java:249)
	at org.python.pydev.parser.fastparser.FastDefinitionsParser.parse(FastDefinitionsParser.java:676)
	at com.python.pydev.analysis.additionalinfo.AbstractAdditionalTokensInfo.addAstInfo(AbstractAdditionalTokensInfo.java:310)
	at com.python.pydev.analysis.additionalinfo.AbstractAdditionalInfoWithBuild.restoreInfoForModuleManager(AbstractAdditionalInfoWithBuild.java:258)
	at com.python.pydev.analysis.additionalinfo.AdditionalSystemInterpreterInfo.recreateAllInfo(AdditionalSystemInterpreterInfo.java:179)
	at com.python.pydev.analysis.additionalinfo.AdditionalSystemInterpreterInfo.getAdditionalSystemInfo(AdditionalSystemInterpreterInfo.java:155)
	at com.python.pydev.analysis.additionalinfo.AdditionalSystemInterpreterInfo.getAdditionalSystemInfo(AdditionalSystemInterpreterInfo.java:124)
	at com.python.pydev.analysis.additionalinfo.AdditionalSystemInterpreterInfo.recreateAllInfo(AdditionalSystemInterpreterInfo.java:171)
	at com.python.pydev.analysis.additionalinfo.builders.InterpreterObserver.notifyDefaultPythonpathRestored(InterpreterObserver.java:35)
	at org.python.pydev.ui.interpreters.AbstractInterpreterManager.restorePythopathForInterpreters(AbstractInterpreterManager.java:726)
	at org.python.pydev.ui.interpreters.AbstractInterpreterManager.setInfos(AbstractInterpreterManager.java:643)
	at org.python.pydev.ui.pythonpathconf.AutoConfigMaker$1.run(AutoConfigMaker.java:137)
	at org.eclipse.core.internal.jobs.Worker.run(Worker.java:55)

!ENTRY org.python.pydev.shared_core 4 4 2016-02-26 12:20:01.641
!MESSAGE Did not expect to find item below node: Assign[targets=[Name[id=_recursionCounter, ctx=Store, reserved=false]], value=null] (module: PmwBase.py).
!STACK 0
java.lang.RuntimeException: Did not expect to find item below node: Assign[targets=[Name[id=_recursionCounter, ctx=Store, reserved=false]], value=null] (module: PmwBase.py).
	at org.python.pydev.core.log.Log.log(Log.java:54)
	at org.python.pydev.parser.fastparser.FastDefinitionsParser.endScopesInStack(FastDefinitionsParser.java:589)
	at org.python.pydev.parser.fastparser.FastDefinitionsParser.handleNewLine(FastDefinitionsParser.java:380)
	at org.python.pydev.parser.fastparser.FastDefinitionsParser.extractBody(FastDefinitionsParser.java:249)
	at org.python.pydev.parser.fastparser.FastDefinitionsParser.parse(FastDefinitionsParser.java:676)
	at com.python.pydev.analysis.additionalinfo.AbstractAdditionalTokensInfo.addAstInfo(AbstractAdditionalTokensInfo.java:310)
	at com.python.pydev.analysis.additionalinfo.AbstractAdditionalInfoWithBuild.restoreInfoForModuleManager(AbstractAdditionalInfoWithBuild.java:258)
	at com.python.pydev.analysis.additionalinfo.AdditionalSystemInterpreterInfo.recreateAllInfo(AdditionalSystemInterpreterInfo.java:179)
	at com.python.pydev.analysis.additionalinfo.AdditionalSystemInterpreterInfo.getAdditionalSystemInfo(AdditionalSystemInterpreterInfo.java:155)
	at com.python.pydev.analysis.additionalinfo.AdditionalSystemInterpreterInfo.getAdditionalSystemInfo(AdditionalSystemInterpreterInfo.java:124)
	at com.python.pydev.analysis.additionalinfo.AdditionalSystemInterpreterInfo.recreateAllInfo(AdditionalSystemInterpreterInfo.java:171)
	at com.python.pydev.analysis.additionalinfo.builders.InterpreterObserver.notifyDefaultPythonpathRestored(InterpreterObserver.java:35)
	at org.python.pydev.ui.interpreters.AbstractInterpreterManager.restorePythopathForInterpreters(AbstractInterpreterManager.java:726)
	at org.python.pydev.ui.interpreters.AbstractInterpreterManager.setInfos(AbstractInterpreterManager.java:643)
	at org.python.pydev.ui.pythonpathconf.AutoConfigMaker$1.run(AutoConfigMaker.java:137)
	at org.eclipse.core.internal.jobs.Worker.run(Worker.java:55)

!ENTRY org.python.pydev.shared_core 4 4 2016-02-26 12:20:01.642
!MESSAGE Did not expect to find item below node: Assign[targets=[Attribute[value=Name[id=self, ctx=Load, reserved=false], attr=NameTok[id=_updateFunction, ctx=Attrib], ctx=Load]], value=null] (module: PmwBase.py).
!STACK 0
java.lang.RuntimeException: Did not expect to find item below node: Assign[targets=[Attribute[value=Name[id=self, ctx=Load, reserved=false], attr=NameTok[id=_updateFunction, ctx=Attrib], ctx=Load]], value=null] (module: PmwBase.py).
	at org.python.pydev.core.log.Log.log(Log.java:54)
	at org.python.pydev.parser.fastparser.FastDefinitionsParser.endScopesInStack(FastDefinitionsParser.java:589)
	at org.python.pydev.parser.fastparser.FastDefinitionsParser.handleNewLine(FastDefinitionsParser.java:380)
	at org.python.pydev.parser.fastparser.FastDefinitionsParser.extractBody(FastDefinitionsParser.java:249)
	at org.python.pydev.parser.fastparser.FastDefinitionsParser.parse(FastDefinitionsParser.java:676)
	at com.python.pydev.analysis.additionalinfo.AbstractAdditionalTokensInfo.addAstInfo(AbstractAdditionalTokensInfo.java:310)
	at com.python.pydev.analysis.additionalinfo.AbstractAdditionalInfoWithBuild.restoreInfoForModuleManager(AbstractAdditionalInfoWithBuild.java:258)
	at com.python.pydev.analysis.additionalinfo.AdditionalSystemInterpreterInfo.recreateAllInfo(AdditionalSystemInterpreterInfo.java:179)
	at com.python.pydev.analysis.additionalinfo.AdditionalSystemInterpreterInfo.getAdditionalSystemInfo(AdditionalSystemInterpreterInfo.java:155)
	at com.python.pydev.analysis.additionalinfo.AdditionalSystemInterpreterInfo.getAdditionalSystemInfo(AdditionalSystemInterpreterInfo.java:124)
	at com.python.pydev.analysis.additionalinfo.AdditionalSystemInterpreterInfo.recreateAllInfo(AdditionalSystemInterpreterInfo.java:171)
	at com.python.pydev.analysis.additionalinfo.builders.InterpreterObserver.notifyDefaultPythonpathRestored(InterpreterObserver.java:35)
	at org.python.pydev.ui.interpreters.AbstractInterpreterManager.restorePythopathForInterpreters(AbstractInterpreterManager.java:726)
	at org.python.pydev.ui.interpreters.AbstractInterpreterManager.setInfos(AbstractInterpreterManager.java:643)
	at org.python.pydev.ui.pythonpathconf.AutoConfigMaker$1.run(AutoConfigMaker.java:137)
	at org.eclipse.core.internal.jobs.Worker.run(Worker.java:55)

!ENTRY org.python.pydev.shared_core 4 4 2016-02-26 12:20:01.643
!MESSAGE Did not expect to find item below node: Assign[targets=[Attribute[value=Name[id=self, ctx=Load, reserved=false], attr=NameTok[id=widget, ctx=Attrib], ctx=Load]], value=null] (module: PmwBase.py).
!STACK 0
java.lang.RuntimeException: Did not expect to find item below node: Assign[targets=[Attribute[value=Name[id=self, ctx=Load, reserved=false], attr=NameTok[id=widget, ctx=Attrib], ctx=Load]], value=null] (module: PmwBase.py).
	at org.python.pydev.core.log.Log.log(Log.java:54)
	at org.python.pydev.parser.fastparser.FastDefinitionsParser.endScopesInStack(FastDefinitionsParser.java:589)
	at org.python.pydev.parser.fastparser.FastDefinitionsParser.handleNewLine(FastDefinitionsParser.java:380)
	at org.python.pydev.parser.fastparser.FastDefinitionsParser.extractBody(FastDefinitionsParser.java:249)
	at org.python.pydev.parser.fastparser.FastDefinitionsParser.parse(FastDefinitionsParser.java:676)
	at com.python.pydev.analysis.additionalinfo.AbstractAdditionalTokensInfo.addAstInfo(AbstractAdditionalTokensInfo.java:310)
	at com.python.pydev.analysis.additionalinfo.AbstractAdditionalInfoWithBuild.restoreInfoForModuleManager(AbstractAdditionalInfoWithBuild.java:258)
	at com.python.pydev.analysis.additionalinfo.AdditionalSystemInterpreterInfo.recreateAllInfo(AdditionalSystemInterpreterInfo.java:179)
	at com.python.pydev.analysis.additionalinfo.AdditionalSystemInterpreterInfo.getAdditionalSystemInfo(AdditionalSystemInterpreterInfo.java:155)
	at com.python.pydev.analysis.additionalinfo.AdditionalSystemInterpreterInfo.getAdditionalSystemInfo(AdditionalSystemInterpreterInfo.java:124)
	at com.python.pydev.analysis.additionalinfo.AdditionalSystemInterpreterInfo.recreateAllInfo(AdditionalSystemInterpreterInfo.java:171)
	at com.python.pydev.analysis.additionalinfo.builders.InterpreterObserver.notifyDefaultPythonpathRestored(InterpreterObserver.java:35)
	at org.python.pydev.ui.interpreters.AbstractInterpreterManager.restorePythopathForInterpreters(AbstractInterpreterManager.java:726)
	at org.python.pydev.ui.interpreters.AbstractInterpreterManager.setInfos(AbstractInterpreterManager.java:643)
	at org.python.pydev.ui.pythonpathconf.AutoConfigMaker$1.run(AutoConfigMaker.java:137)
	at org.eclipse.core.internal.jobs.Worker.run(Worker.java:55)

!ENTRY org.python.pydev.shared_core 4 4 2016-02-26 12:20:01.643
!MESSAGE Did not expect to find item below node: Assign[targets=[Name[id=args, ctx=Store, reserved=false]], value=null] (module: PmwBase.py).
!STACK 0
java.lang.RuntimeException: Did not expect to find item below node: Assign[targets=[Name[id=args, ctx=Store, reserved=false]], value=null] (module: PmwBase.py).
	at org.python.pydev.core.log.Log.log(Log.java:54)
	at org.python.pydev.parser.fastparser.FastDefinitionsParser.endScopesInStack(FastDefinitionsParser.java:589)
	at org.python.pydev.parser.fastparser.FastDefinitionsParser.handleNewLine(FastDefinitionsParser.java:380)
	at org.python.pydev.parser.fastparser.FastDefinitionsParser.extractBody(FastDefinitionsParser.java:249)
	at org.python.pydev.parser.fastparser.FastDefinitionsParser.parse(FastDefinitionsParser.java:676)
	at com.python.pydev.analysis.additionalinfo.AbstractAdditionalTokensInfo.addAstInfo(AbstractAdditionalTokensInfo.java:310)
	at com.python.pydev.analysis.additionalinfo.AbstractAdditionalInfoWithBuild.restoreInfoForModuleManager(AbstractAdditionalInfoWithBuild.java:258)
	at com.python.pydev.analysis.additionalinfo.AdditionalSystemInterpreterInfo.recreateAllInfo(AdditionalSystemInterpreterInfo.java:179)
	at com.python.pydev.analysis.additionalinfo.AdditionalSystemInterpreterInfo.getAdditionalSystemInfo(AdditionalSystemInterpreterInfo.java:155)
	at com.python.pydev.analysis.additionalinfo.AdditionalSystemInterpreterInfo.getAdditionalSystemInfo(AdditionalSystemInterpreterInfo.java:124)
	at com.python.pydev.analysis.additionalinfo.AdditionalSystemInterpreterInfo.recreateAllInfo(AdditionalSystemInterpreterInfo.java:171)
	at com.python.pydev.analysis.additionalinfo.builders.InterpreterObserver.notifyDefaultPythonpathRestored(InterpreterObserver.java:35)
	at org.python.pydev.ui.interpreters.AbstractInterpreterManager.restorePythopathForInterpreters(AbstractInterpreterManager.java:726)
	at org.python.pydev.ui.interpreters.AbstractInterpreterManager.setInfos(AbstractInterpreterManager.java:643)
	at org.python.pydev.ui.pythonpathconf.AutoConfigMaker$1.run(AutoConfigMaker.java:137)
	at org.eclipse.core.internal.jobs.Worker.run(Worker.java:55)

!ENTRY org.python.pydev.shared_core 4 4 2016-02-26 12:20:01.644
!MESSAGE Did not expect to find item below node: Assign[targets=[Name[id=exc_type, ctx=Store, reserved=false]], value=null] (module: PmwBase.py).
!STACK 0
java.lang.RuntimeException: Did not expect to find item below node: Assign[targets=[Name[id=exc_type, ctx=Store, reserved=false]], value=null] (module: PmwBase.py).
	at org.python.pydev.core.log.Log.log(Log.java:54)
	at org.python.pydev.parser.fastparser.FastDefinitionsParser.endScopesInStack(FastDefinitionsParser.java:589)
	at org.python.pydev.parser.fastparser.FastDefinitionsParser.handleNewLine(FastDefinitionsParser.java:380)
	at org.python.pydev.parser.fastparser.FastDefinitionsParser.extractBody(FastDefinitionsParser.java:249)
	at org.python.pydev.parser.fastparser.FastDefinitionsParser.parse(FastDefinitionsParser.java:676)
	at com.python.pydev.analysis.additionalinfo.AbstractAdditionalTokensInfo.addAstInfo(AbstractAdditionalTokensInfo.java:310)
	at com.python.pydev.analysis.additionalinfo.AbstractAdditionalInfoWithBuild.restoreInfoForModuleManager(AbstractAdditionalInfoWithBuild.java:258)
	at com.python.pydev.analysis.additionalinfo.AdditionalSystemInterpreterInfo.recreateAllInfo(AdditionalSystemInterpreterInfo.java:179)
	at com.python.pydev.analysis.additionalinfo.AdditionalSystemInterpreterInfo.getAdditionalSystemInfo(AdditionalSystemInterpreterInfo.java:155)
	at com.python.pydev.analysis.additionalinfo.AdditionalSystemInterpreterInfo.getAdditionalSystemInfo(AdditionalSystemInterpreterInfo.java:124)
	at com.python.pydev.analysis.additionalinfo.AdditionalSystemInterpreterInfo.recreateAllInfo(AdditionalSystemInterpreterInfo.java:171)
	at com.python.pydev.analysis.additionalinfo.builders.InterpreterObserver.notifyDefaultPythonpathRestored(InterpreterObserver.java:35)
	at org.python.pydev.ui.interpreters.AbstractInterpreterManager.restorePythopathForInterpreters(AbstractInterpreterManager.java:726)
	at org.python.pydev.ui.interpreters.AbstractInterpreterManager.setInfos(AbstractInterpreterManager.java:643)
	at org.python.pydev.ui.pythonpathconf.AutoConfigMaker$1.run(AutoConfigMaker.java:137)
	at org.eclipse.core.internal.jobs.Worker.run(Worker.java:55)

!ENTRY org.python.pydev.shared_core 4 4 2016-02-26 12:20:01.644
!MESSAGE Did not expect to find item below node: Assign[targets=[Name[id=eventNum, ctx=Store, reserved=false]], value=null] (module: PmwBase.py).
!STACK 0
java.lang.RuntimeException: Did not expect to find item below node: Assign[targets=[Name[id=eventNum, ctx=Store, reserved=false]], value=null] (module: PmwBase.py).
	at org.python.pydev.core.log.Log.log(Log.java:54)
	at org.python.pydev.parser.fastparser.FastDefinitionsParser.endScopesInStack(FastDefinitionsParser.java:589)
	at org.python.pydev.parser.fastparser.FastDefinitionsParser.handleNewLine(FastDefinitionsParser.java:380)
	at org.python.pydev.parser.fastparser.FastDefinitionsParser.extractBody(FastDefinitionsParser.java:249)
	at org.python.pydev.parser.fastparser.FastDefinitionsParser.parse(FastDefinitionsParser.java:676)
	at com.python.pydev.analysis.additionalinfo.AbstractAdditionalTokensInfo.addAstInfo(AbstractAdditionalTokensInfo.java:310)
	at com.python.pydev.analysis.additionalinfo.AbstractAdditionalInfoWithBuild.restoreInfoForModuleManager(AbstractAdditionalInfoWithBuild.java:258)
	at com.python.pydev.analysis.additionalinfo.AdditionalSystemInterpreterInfo.recreateAllInfo(AdditionalSystemInterpreterInfo.java:179)
	at com.python.pydev.analysis.additionalinfo.AdditionalSystemInterpreterInfo.getAdditionalSystemInfo(AdditionalSystemInterpreterInfo.java:155)
	at com.python.pydev.analysis.additionalinfo.AdditionalSystemInterpreterInfo.getAdditionalSystemInfo(AdditionalSystemInterpreterInfo.java:124)
	at com.python.pydev.analysis.additionalinfo.AdditionalSystemInterpreterInfo.recreateAllInfo(AdditionalSystemInterpreterInfo.java:171)
	at com.python.pydev.analysis.additionalinfo.builders.InterpreterObserver.notifyDefaultPythonpathRestored(InterpreterObserver.java:35)
	at org.python.pydev.ui.interpreters.AbstractInterpreterManager.restorePythopathForInterpreters(AbstractInterpreterManager.java:726)
	at org.python.pydev.ui.interpreters.AbstractInterpreterManager.setInfos(AbstractInterpreterManager.java:643)
	at org.python.pydev.ui.pythonpathconf.AutoConfigMaker$1.run(AutoConfigMaker.java:137)
	at org.eclipse.core.internal.jobs.Worker.run(Worker.java:55)

!ENTRY org.python.pydev.shared_core 4 4 2016-02-26 12:20:01.644
!MESSAGE Did not expect to find item below node: Assign[targets=[Name[id=msg, ctx=Store, reserved=false]], value=null] (module: PmwBase.py).
!STACK 0
java.lang.RuntimeException: Did not expect to find item below node: Assign[targets=[Name[id=msg, ctx=Store, reserved=false]], value=null] (module: PmwBase.py).
	at org.python.pydev.core.log.Log.log(Log.java:54)
	at org.python.pydev.parser.fastparser.FastDefinitionsParser.endScopesInStack(FastDefinitionsParser.java:589)
	at org.python.pydev.parser.fastparser.FastDefinitionsParser.handleNewLine(FastDefinitionsParser.java:380)
	at org.python.pydev.parser.fastparser.FastDefinitionsParser.extractBody(FastDefinitionsParser.java:249)
	at org.python.pydev.parser.fastparser.FastDefinitionsParser.parse(FastDefinitionsParser.java:676)
	at com.python.pydev.analysis.additionalinfo.AbstractAdditionalTokensInfo.addAstInfo(AbstractAdditionalTokensInfo.java:310)
	at com.python.pydev.analysis.additionalinfo.AbstractAdditionalInfoWithBuild.restoreInfoForModuleManager(AbstractAdditionalInfoWithBuild.java:258)
	at com.python.pydev.analysis.additionalinfo.AdditionalSystemInterpreterInfo.recreateAllInfo(AdditionalSystemInterpreterInfo.java:179)
	at com.python.pydev.analysis.additionalinfo.AdditionalSystemInterpreterInfo.getAdditionalSystemInfo(AdditionalSystemInterpreterInfo.java:155)
	at com.python.pydev.analysis.additionalinfo.AdditionalSystemInterpreterInfo.getAdditionalSystemInfo(AdditionalSystemInterpreterInfo.java:124)
	at com.python.pydev.analysis.additionalinfo.AdditionalSystemInterpreterInfo.recreateAllInfo(AdditionalSystemInterpreterInfo.java:171)
	at com.python.pydev.analysis.additionalinfo.builders.InterpreterObserver.notifyDefaultPythonpathRestored(InterpreterObserver.java:35)
	at org.python.pydev.ui.interpreters.AbstractInterpreterManager.restorePythopathForInterpreters(AbstractInterpreterManager.java:726)
	at org.python.pydev.ui.interpreters.AbstractInterpreterManager.setInfos(AbstractInterpreterManager.java:643)
	at org.python.pydev.ui.pythonpathconf.AutoConfigMaker$1.run(AutoConfigMaker.java:137)
	at org.eclipse.core.internal.jobs.Worker.run(Worker.java:55)

!ENTRY org.python.pydev.shared_core 4 4 2016-02-26 12:20:01.644
!MESSAGE Did not expect to find item below node: Assign[targets=[Attribute[value=Name[id=self, ctx=Load, reserved=false], attr=NameTok[id=_open, ctx=Attrib], ctx=Load]], value=null] (module: PmwBase.py).
!STACK 0
java.lang.RuntimeException: Did not expect to find item below node: Assign[targets=[Attribute[value=Name[id=self, ctx=Load, reserved=false], attr=NameTok[id=_open, ctx=Attrib], ctx=Load]], value=null] (module: PmwBase.py).
	at org.python.pydev.core.log.Log.log(Log.java:54)
	at org.python.pydev.parser.fastparser.FastDefinitionsParser.endScopesInStack(FastDefinitionsParser.java:589)
	at org.python.pydev.parser.fastparser.FastDefinitionsParser.handleNewLine(FastDefinitionsParser.java:380)
	at org.python.pydev.parser.fastparser.FastDefinitionsParser.extractBody(FastDefinitionsParser.java:249)
	at org.python.pydev.parser.fastparser.FastDefinitionsParser.parse(FastDefinitionsParser.java:676)
	at com.python.pydev.analysis.additionalinfo.AbstractAdditionalTokensInfo.addAstInfo(AbstractAdditionalTokensInfo.java:310)
	at com.python.pydev.analysis.additionalinfo.AbstractAdditionalInfoWithBuild.restoreInfoForModuleManager(AbstractAdditionalInfoWithBuild.java:258)
	at com.python.pydev.analysis.additionalinfo.AdditionalSystemInterpreterInfo.recreateAllInfo(AdditionalSystemInterpreterInfo.java:179)
	at com.python.pydev.analysis.additionalinfo.AdditionalSystemInterpreterInfo.getAdditionalSystemInfo(AdditionalSystemInterpreterInfo.java:155)
	at com.python.pydev.analysis.additionalinfo.AdditionalSystemInterpreterInfo.getAdditionalSystemInfo(AdditionalSystemInterpreterInfo.java:124)
	at com.python.pydev.analysis.additionalinfo.AdditionalSystemInterpreterInfo.recreateAllInfo(AdditionalSystemInterpreterInfo.java:171)
	at com.python.pydev.analysis.additionalinfo.builders.InterpreterObserver.notifyDefaultPythonpathRestored(InterpreterObserver.java:35)
	at org.python.pydev.ui.interpreters.AbstractInterpreterManager.restorePythopathForInterpreters(AbstractInterpreterManager.java:726)
	at org.python.pydev.ui.interpreters.AbstractInterpreterManager.setInfos(AbstractInterpreterManager.java:643)
	at org.python.pydev.ui.pythonpathconf.AutoConfigMaker$1.run(AutoConfigMaker.java:137)
	at org.eclipse.core.internal.jobs.Worker.run(Worker.java:55)

!ENTRY org.python.pydev.shared_core 4 4 2016-02-26 12:20:01.703
!MESSAGE Did not expect to find item below node: Assign[targets=[Name[id=index, ctx=Store, reserved=false]], value=null] (module: PmwBlt.py).
!STACK 0
java.lang.RuntimeException: Did not expect to find item below node: Assign[targets=[Name[id=index, ctx=Store, reserved=false]], value=null] (module: PmwBlt.py).
	at org.python.pydev.core.log.Log.log(Log.java:54)
	at org.python.pydev.parser.fastparser.FastDefinitionsParser.endScopesInStack(FastDefinitionsParser.java:589)
	at org.python.pydev.parser.fastparser.FastDefinitionsParser.handleNewLine(FastDefinitionsParser.java:380)
	at org.python.pydev.parser.fastparser.FastDefinitionsParser.extractBody(FastDefinitionsParser.java:249)
	at org.python.pydev.parser.fastparser.FastDefinitionsParser.parse(FastDefinitionsParser.java:676)
	at com.python.pydev.analysis.additionalinfo.AbstractAdditionalTokensInfo.addAstInfo(AbstractAdditionalTokensInfo.java:310)
	at com.python.pydev.analysis.additionalinfo.AbstractAdditionalInfoWithBuild.restoreInfoForModuleManager(AbstractAdditionalInfoWithBuild.java:258)
	at com.python.pydev.analysis.additionalinfo.AdditionalSystemInterpreterInfo.recreateAllInfo(AdditionalSystemInterpreterInfo.java:179)
	at com.python.pydev.analysis.additionalinfo.AdditionalSystemInterpreterInfo.getAdditionalSystemInfo(AdditionalSystemInterpreterInfo.java:155)
	at com.python.pydev.analysis.additionalinfo.AdditionalSystemInterpreterInfo.getAdditionalSystemInfo(AdditionalSystemInterpreterInfo.java:124)
	at com.python.pydev.analysis.additionalinfo.AdditionalSystemInterpreterInfo.recreateAllInfo(AdditionalSystemInterpreterInfo.java:171)
	at com.python.pydev.analysis.additionalinfo.builders.InterpreterObserver.notifyDefaultPythonpathRestored(InterpreterObserver.java:35)
	at org.python.pydev.ui.interpreters.AbstractInterpreterManager.restorePythopathForInterpreters(AbstractInterpreterManager.java:726)
	at org.python.pydev.ui.interpreters.AbstractInterpreterManager.setInfos(AbstractInterpreterManager.java:643)
	at org.python.pydev.ui.pythonpathconf.AutoConfigMaker$1.run(AutoConfigMaker.java:137)
	at org.eclipse.core.internal.jobs.Worker.run(Worker.java:55)

!ENTRY org.python.pydev.shared_core 4 4 2016-02-26 12:20:01.752
!MESSAGE Did not expect to find item below node: Assign[targets=[Attribute[value=Name[id=self, ctx=Load, reserved=false], attr=NameTok[id=_timerId, ctx=Attrib], ctx=Load]], value=null] (module: PmwButtonBox.py).
!STACK 0
java.lang.RuntimeException: Did not expect to find item below node: Assign[targets=[Attribute[value=Name[id=self, ctx=Load, reserved=false], attr=NameTok[id=_timerId, ctx=Attrib], ctx=Load]], value=null] (module: PmwButtonBox.py).
	at org.python.pydev.core.log.Log.log(Log.java:54)
	at org.python.pydev.parser.fastparser.FastDefinitionsParser.endScopesInStack(FastDefinitionsParser.java:589)
	at org.python.pydev.parser.fastparser.FastDefinitionsParser.handleNewLine(FastDefinitionsParser.java:380)
	at org.python.pydev.parser.fastparser.FastDefinitionsParser.extractBody(FastDefinitionsParser.java:249)
	at org.python.pydev.parser.fastparser.FastDefinitionsParser.parse(FastDefinitionsParser.java:676)
	at com.python.pydev.analysis.additionalinfo.AbstractAdditionalTokensInfo.addAstInfo(AbstractAdditionalTokensInfo.java:310)
	at com.python.pydev.analysis.additionalinfo.AbstractAdditionalInfoWithBuild.restoreInfoForModuleManager(AbstractAdditionalInfoWithBuild.java:258)
	at com.python.pydev.analysis.additionalinfo.AdditionalSystemInterpreterInfo.recreateAllInfo(AdditionalSystemInterpreterInfo.java:179)
	at com.python.pydev.analysis.additionalinfo.AdditionalSystemInterpreterInfo.getAdditionalSystemInfo(AdditionalSystemInterpreterInfo.java:155)
	at com.python.pydev.analysis.additionalinfo.AdditionalSystemInterpreterInfo.getAdditionalSystemInfo(AdditionalSystemInterpreterInfo.java:124)
	at com.python.pydev.analysis.additionalinfo.AdditionalSystemInterpreterInfo.recreateAllInfo(AdditionalSystemInterpreterInfo.java:171)
	at com.python.pydev.analysis.additionalinfo.builders.InterpreterObserver.notifyDefaultPythonpathRestored(InterpreterObserver.java:35)
	at org.python.pydev.ui.interpreters.AbstractInterpreterManager.restorePythopathForInterpreters(AbstractInterpreterManager.java:726)
	at org.python.pydev.ui.interpreters.AbstractInterpreterManager.setInfos(AbstractInterpreterManager.java:643)
	at org.python.pydev.ui.pythonpathconf.AutoConfigMaker$1.run(AutoConfigMaker.java:137)
	at org.eclipse.core.internal.jobs.Worker.run(Worker.java:55)

!ENTRY org.python.pydev.shared_core 4 4 2016-02-26 12:20:01.760
!MESSAGE Did not expect to find item below node: Assign[targets=[Name[id=rgb, ctx=Store, reserved=false]], value=null] (module: PmwColor.py).
!STACK 0
java.lang.RuntimeException: Did not expect to find item below node: Assign[targets=[Name[id=rgb, ctx=Store, reserved=false]], value=null] (module: PmwColor.py).
	at org.python.pydev.core.log.Log.log(Log.java:54)
	at org.python.pydev.parser.fastparser.FastDefinitionsParser.endScopesInStack(FastDefinitionsParser.java:589)
	at org.python.pydev.parser.fastparser.FastDefinitionsParser.handleNewLine(FastDefinitionsParser.java:380)
	at org.python.pydev.parser.fastparser.FastDefinitionsParser.extractBody(FastDefinitionsParser.java:249)
	at org.python.pydev.parser.fastparser.FastDefinitionsParser.parse(FastDefinitionsParser.java:676)
	at com.python.pydev.analysis.additionalinfo.AbstractAdditionalTokensInfo.addAstInfo(AbstractAdditionalTokensInfo.java:310)
	at com.python.pydev.analysis.additionalinfo.AbstractAdditionalInfoWithBuild.restoreInfoForModuleManager(AbstractAdditionalInfoWithBuild.java:258)
	at com.python.pydev.analysis.additionalinfo.AdditionalSystemInterpreterInfo.recreateAllInfo(AdditionalSystemInterpreterInfo.java:179)
	at com.python.pydev.analysis.additionalinfo.AdditionalSystemInterpreterInfo.getAdditionalSystemInfo(AdditionalSystemInterpreterInfo.java:155)
	at com.python.pydev.analysis.additionalinfo.AdditionalSystemInterpreterInfo.getAdditionalSystemInfo(AdditionalSystemInterpreterInfo.java:124)
	at com.python.pydev.analysis.additionalinfo.AdditionalSystemInterpreterInfo.recreateAllInfo(AdditionalSystemInterpreterInfo.java:171)
	at com.python.pydev.analysis.additionalinfo.builders.InterpreterObserver.notifyDefaultPythonpathRestored(InterpreterObserver.java:35)
	at org.python.pydev.ui.interpreters.AbstractInterpreterManager.restorePythopathForInterpreters(AbstractInterpreterManager.java:726)
	at org.python.pydev.ui.interpreters.AbstractInterpreterManager.setInfos(AbstractInterpreterManager.java:643)
	at org.python.pydev.ui.pythonpathconf.AutoConfigMaker$1.run(AutoConfigMaker.java:137)
	at org.eclipse.core.internal.jobs.Worker.run(Worker.java:55)

!ENTRY org.python.pydev.shared_core 4 4 2016-02-26 12:20:01.761
!MESSAGE Did not expect to find item below node: Assign[targets=[Name[id=hue, ctx=Store, reserved=false]], value=null] (module: PmwColor.py).
!STACK 0
java.lang.RuntimeException: Did not expect to find item below node: Assign[targets=[Name[id=hue, ctx=Store, reserved=false]], value=null] (module: PmwColor.py).
	at org.python.pydev.core.log.Log.log(Log.java:54)
	at org.python.pydev.parser.fastparser.FastDefinitionsParser.endScopesInStack(FastDefinitionsParser.java:589)
	at org.python.pydev.parser.fastparser.FastDefinitionsParser.handleNewLine(FastDefinitionsParser.java:380)
	at org.python.pydev.parser.fastparser.FastDefinitionsParser.extractBody(FastDefinitionsParser.java:249)
	at org.python.pydev.parser.fastparser.FastDefinitionsParser.parse(FastDefinitionsParser.java:676)
	at com.python.pydev.analysis.additionalinfo.AbstractAdditionalTokensInfo.addAstInfo(AbstractAdditionalTokensInfo.java:310)
	at com.python.pydev.analysis.additionalinfo.AbstractAdditionalInfoWithBuild.restoreInfoForModuleManager(AbstractAdditionalInfoWithBuild.java:258)
	at com.python.pydev.analysis.additionalinfo.AdditionalSystemInterpreterInfo.recreateAllInfo(AdditionalSystemInterpreterInfo.java:179)
	at com.python.pydev.analysis.additionalinfo.AdditionalSystemInterpreterInfo.getAdditionalSystemInfo(AdditionalSystemInterpreterInfo.java:155)
	at com.python.pydev.analysis.additionalinfo.AdditionalSystemInterpreterInfo.getAdditionalSystemInfo(AdditionalSystemInterpreterInfo.java:124)
	at com.python.pydev.analysis.additionalinfo.AdditionalSystemInterpreterInfo.recreateAllInfo(AdditionalSystemInterpreterInfo.java:171)
	at com.python.pydev.analysis.additionalinfo.builders.InterpreterObserver.notifyDefaultPythonpathRestored(InterpreterObserver.java:35)
	at org.python.pydev.ui.interpreters.AbstractInterpreterManager.restorePythopathForInterpreters(AbstractInterpreterManager.java:726)
	at org.python.pydev.ui.interpreters.AbstractInterpreterManager.setInfos(AbstractInterpreterManager.java:643)
	at org.python.pydev.ui.pythonpathconf.AutoConfigMaker$1.run(AutoConfigMaker.java:137)
	at org.eclipse.core.internal.jobs.Worker.run(Worker.java:55)

!ENTRY org.python.pydev.shared_core 4 4 2016-02-26 12:20:01.761
!MESSAGE Did not expect to find item below node: Assign[targets=[Attribute[value=Name[id=self, ctx=Load, reserved=false], attr=NameTok[id=_arrowBtn, ctx=Attrib], ctx=Load]], value=null] (module: PmwComboBox.py).
!STACK 0
java.lang.RuntimeException: Did not expect to find item below node: Assign[targets=[Attribute[value=Name[id=self, ctx=Load, reserved=false], attr=NameTok[id=_arrowBtn, ctx=Attrib], ctx=Load]], value=null] (module: PmwComboBox.py).
	at org.python.pydev.core.log.Log.log(Log.java:54)
	at org.python.pydev.parser.fastparser.FastDefinitionsParser.endScopesInStack(FastDefinitionsParser.java:589)
	at org.python.pydev.parser.fastparser.FastDefinitionsParser.handleNewLine(FastDefinitionsParser.java:380)
	at org.python.pydev.parser.fastparser.FastDefinitionsParser.extractBody(FastDefinitionsParser.java:249)
	at org.python.pydev.parser.fastparser.FastDefinitionsParser.parse(FastDefinitionsParser.java:676)
	at com.python.pydev.analysis.additionalinfo.AbstractAdditionalTokensInfo.addAstInfo(AbstractAdditionalTokensInfo.java:310)
	at com.python.pydev.analysis.additionalinfo.AbstractAdditionalInfoWithBuild.restoreInfoForModuleManager(AbstractAdditionalInfoWithBuild.java:258)
	at com.python.pydev.analysis.additionalinfo.AdditionalSystemInterpreterInfo.recreateAllInfo(AdditionalSystemInterpreterInfo.java:179)
	at com.python.pydev.analysis.additionalinfo.AdditionalSystemInterpreterInfo.getAdditionalSystemInfo(AdditionalSystemInterpreterInfo.java:155)
	at com.python.pydev.analysis.additionalinfo.AdditionalSystemInterpreterInfo.getAdditionalSystemInfo(AdditionalSystemInterpreterInfo.java:124)
	at com.python.pydev.analysis.additionalinfo.AdditionalSystemInterpreterInfo.recreateAllInfo(AdditionalSystemInterpreterInfo.java:171)
	at com.python.pydev.analysis.additionalinfo.builders.InterpreterObserver.notifyDefaultPythonpathRestored(InterpreterObserver.java:35)
	at org.python.pydev.ui.interpreters.AbstractInterpreterManager.restorePythopathForInterpreters(AbstractInterpreterManager.java:726)
	at org.python.pydev.ui.interpreters.AbstractInterpreterManager.setInfos(AbstractInterpreterManager.java:643)
	at org.python.pydev.ui.pythonpathconf.AutoConfigMaker$1.run(AutoConfigMaker.java:137)
	at org.eclipse.core.internal.jobs.Worker.run(Worker.java:55)

!ENTRY org.python.pydev.shared_core 4 4 2016-02-26 12:20:01.762
!MESSAGE Did not expect to find item below node: Assign[targets=[Attribute[value=Name[id=self, ctx=Load, reserved=false], attr=NameTok[id=_ignoreRelease, ctx=Attrib], ctx=Load]], value=null] (module: PmwComboBox.py).
!STACK 0
java.lang.RuntimeException: Did not expect to find item below node: Assign[targets=[Attribute[value=Name[id=self, ctx=Load, reserved=false], attr=NameTok[id=_ignoreRelease, ctx=Attrib], ctx=Load]], value=null] (module: PmwComboBox.py).
	at org.python.pydev.core.log.Log.log(Log.java:54)
	at org.python.pydev.parser.fastparser.FastDefinitionsParser.endScopesInStack(FastDefinitionsParser.java:589)
	at org.python.pydev.parser.fastparser.FastDefinitionsParser.handleNewLine(FastDefinitionsParser.java:380)
	at org.python.pydev.parser.fastparser.FastDefinitionsParser.extractBody(FastDefinitionsParser.java:249)
	at org.python.pydev.parser.fastparser.FastDefinitionsParser.parse(FastDefinitionsParser.java:676)
	at com.python.pydev.analysis.additionalinfo.AbstractAdditionalTokensInfo.addAstInfo(AbstractAdditionalTokensInfo.java:310)
	at com.python.pydev.analysis.additionalinfo.AbstractAdditionalInfoWithBuild.restoreInfoForModuleManager(AbstractAdditionalInfoWithBuild.java:258)
	at com.python.pydev.analysis.additionalinfo.AdditionalSystemInterpreterInfo.recreateAllInfo(AdditionalSystemInterpreterInfo.java:179)
	at com.python.pydev.analysis.additionalinfo.AdditionalSystemInterpreterInfo.getAdditionalSystemInfo(AdditionalSystemInterpreterInfo.java:155)
	at com.python.pydev.analysis.additionalinfo.AdditionalSystemInterpreterInfo.getAdditionalSystemInfo(AdditionalSystemInterpreterInfo.java:124)
	at com.python.pydev.analysis.additionalinfo.AdditionalSystemInterpreterInfo.recreateAllInfo(AdditionalSystemInterpreterInfo.java:171)
	at com.python.pydev.analysis.additionalinfo.builders.InterpreterObserver.notifyDefaultPythonpathRestored(InterpreterObserver.java:35)
	at org.python.pydev.ui.interpreters.AbstractInterpreterManager.restorePythopathForInterpreters(AbstractInterpreterManager.java:726)
	at org.python.pydev.ui.interpreters.AbstractInterpreterManager.setInfos(AbstractInterpreterManager.java:643)
	at org.python.pydev.ui.pythonpathconf.AutoConfigMaker$1.run(AutoConfigMaker.java:137)
	at org.eclipse.core.internal.jobs.Worker.run(Worker.java:55)

!ENTRY org.python.pydev.shared_core 4 4 2016-02-26 12:20:01.802
!MESSAGE Did not expect to find item below node: Assign[targets=[Name[id=delay, ctx=Store, reserved=false]], value=null] (module: PmwCounter.py).
!STACK 0
java.lang.RuntimeException: Did not expect to find item below node: Assign[targets=[Name[id=delay, ctx=Store, reserved=false]], value=null] (module: PmwCounter.py).
	at org.python.pydev.core.log.Log.log(Log.java:54)
	at org.python.pydev.parser.fastparser.FastDefinitionsParser.endScopesInStack(FastDefinitionsParser.java:589)
	at org.python.pydev.parser.fastparser.FastDefinitionsParser.handleNewLine(FastDefinitionsParser.java:380)
	at org.python.pydev.parser.fastparser.FastDefinitionsParser.extractBody(FastDefinitionsParser.java:249)
	at org.python.pydev.parser.fastparser.FastDefinitionsParser.parse(FastDefinitionsParser.java:676)
	at com.python.pydev.analysis.additionalinfo.AbstractAdditionalTokensInfo.addAstInfo(AbstractAdditionalTokensInfo.java:310)
	at com.python.pydev.analysis.additionalinfo.AbstractAdditionalInfoWithBuild.restoreInfoForModuleManager(AbstractAdditionalInfoWithBuild.java:258)
	at com.python.pydev.analysis.additionalinfo.AdditionalSystemInterpreterInfo.recreateAllInfo(AdditionalSystemInterpreterInfo.java:179)
	at com.python.pydev.analysis.additionalinfo.AdditionalSystemInterpreterInfo.getAdditionalSystemInfo(AdditionalSystemInterpreterInfo.java:155)
	at com.python.pydev.analysis.additionalinfo.AdditionalSystemInterpreterInfo.getAdditionalSystemInfo(AdditionalSystemInterpreterInfo.java:124)
	at com.python.pydev.analysis.additionalinfo.AdditionalSystemInterpreterInfo.recreateAllInfo(AdditionalSystemInterpreterInfo.java:171)
	at com.python.pydev.analysis.additionalinfo.builders.InterpreterObserver.notifyDefaultPythonpathRestored(InterpreterObserver.java:35)
	at org.python.pydev.ui.interpreters.AbstractInterpreterManager.restorePythopathForInterpreters(AbstractInterpreterManager.java:726)
	at org.python.pydev.ui.interpreters.AbstractInterpreterManager.setInfos(AbstractInterpreterManager.java:643)
	at org.python.pydev.ui.pythonpathconf.AutoConfigMaker$1.run(AutoConfigMaker.java:137)
	at org.eclipse.core.internal.jobs.Worker.run(Worker.java:55)

!ENTRY org.python.pydev.shared_core 4 4 2016-02-26 12:20:01.804
!MESSAGE Did not expect to find item below node: Assign[targets=[Name[id=oldInterior, ctx=Store, reserved=false]], value=null] (module: PmwDialog.py).
!STACK 0
java.lang.RuntimeException: Did not expect to find item below node: Assign[targets=[Name[id=oldInterior, ctx=Store, reserved=false]], value=null] (module: PmwDialog.py).
	at org.python.pydev.core.log.Log.log(Log.java:54)
	at org.python.pydev.parser.fastparser.FastDefinitionsParser.endScopesInStack(FastDefinitionsParser.java:589)
	at org.python.pydev.parser.fastparser.FastDefinitionsParser.handleNewLine(FastDefinitionsParser.java:380)
	at org.python.pydev.parser.fastparser.FastDefinitionsParser.extractBody(FastDefinitionsParser.java:249)
	at org.python.pydev.parser.fastparser.FastDefinitionsParser.parse(FastDefinitionsParser.java:676)
	at com.python.pydev.analysis.additionalinfo.AbstractAdditionalTokensInfo.addAstInfo(AbstractAdditionalTokensInfo.java:310)
	at com.python.pydev.analysis.additionalinfo.AbstractAdditionalInfoWithBuild.restoreInfoForModuleManager(AbstractAdditionalInfoWithBuild.java:258)
	at com.python.pydev.analysis.additionalinfo.AdditionalSystemInterpreterInfo.recreateAllInfo(AdditionalSystemInterpreterInfo.java:179)
	at com.python.pydev.analysis.additionalinfo.AdditionalSystemInterpreterInfo.getAdditionalSystemInfo(AdditionalSystemInterpreterInfo.java:155)
	at com.python.pydev.analysis.additionalinfo.AdditionalSystemInterpreterInfo.getAdditionalSystemInfo(AdditionalSystemInterpreterInfo.java:124)
	at com.python.pydev.analysis.additionalinfo.AdditionalSystemInterpreterInfo.recreateAllInfo(AdditionalSystemInterpreterInfo.java:171)
	at com.python.pydev.analysis.additionalinfo.builders.InterpreterObserver.notifyDefaultPythonpathRestored(InterpreterObserver.java:35)
	at org.python.pydev.ui.interpreters.AbstractInterpreterManager.restorePythopathForInterpreters(AbstractInterpreterManager.java:726)
	at org.python.pydev.ui.interpreters.AbstractInterpreterManager.setInfos(AbstractInterpreterManager.java:643)
	at org.python.pydev.ui.pythonpathconf.AutoConfigMaker$1.run(AutoConfigMaker.java:137)
	at org.eclipse.core.internal.jobs.Worker.run(Worker.java:55)

!ENTRY org.python.pydev.shared_core 4 4 2016-02-26 12:20:01.869
!MESSAGE Did not expect to find item below node: Assign[targets=[Attribute[value=Name[id=self, ctx=Load, reserved=false], attr=NameTok[id=normalBackground, ctx=Attrib], ctx=Load]], value=null] (module: PmwEntryField.py).
!STACK 0
java.lang.RuntimeException: Did not expect to find item below node: Assign[targets=[Attribute[value=Name[id=self, ctx=Load, reserved=false], attr=NameTok[id=normalBackground, ctx=Attrib], ctx=Load]], value=null] (module: PmwEntryField.py).
	at org.python.pydev.core.log.Log.log(Log.java:54)
	at org.python.pydev.parser.fastparser.FastDefinitionsParser.endScopesInStack(FastDefinitionsParser.java:589)
	at org.python.pydev.parser.fastparser.FastDefinitionsParser.handleNewLine(FastDefinitionsParser.java:380)
	at org.python.pydev.parser.fastparser.FastDefinitionsParser.extractBody(FastDefinitionsParser.java:249)
	at org.python.pydev.parser.fastparser.FastDefinitionsParser.parse(FastDefinitionsParser.java:676)
	at com.python.pydev.analysis.additionalinfo.AbstractAdditionalTokensInfo.addAstInfo(AbstractAdditionalTokensInfo.java:310)
	at com.python.pydev.analysis.additionalinfo.AbstractAdditionalInfoWithBuild.restoreInfoForModuleManager(AbstractAdditionalInfoWithBuild.java:258)
	at com.python.pydev.analysis.additionalinfo.AdditionalSystemInterpreterInfo.recreateAllInfo(AdditionalSystemInterpreterInfo.java:179)
	at com.python.pydev.analysis.additionalinfo.AdditionalSystemInterpreterInfo.getAdditionalSystemInfo(AdditionalSystemInterpreterInfo.java:155)
	at com.python.pydev.analysis.additionalinfo.AdditionalSystemInterpreterInfo.getAdditionalSystemInfo(AdditionalSystemInterpreterInfo.java:124)
	at com.python.pydev.analysis.additionalinfo.AdditionalSystemInterpreterInfo.recreateAllInfo(AdditionalSystemInterpreterInfo.java:171)
	at com.python.pydev.analysis.additionalinfo.builders.InterpreterObserver.notifyDefaultPythonpathRestored(InterpreterObserver.java:35)
	at org.python.pydev.ui.interpreters.AbstractInterpreterManager.restorePythopathForInterpreters(AbstractInterpreterManager.java:726)
	at org.python.pydev.ui.interpreters.AbstractInterpreterManager.setInfos(AbstractInterpreterManager.java:643)
	at org.python.pydev.ui.pythonpathconf.AutoConfigMaker$1.run(AutoConfigMaker.java:137)
	at org.eclipse.core.internal.jobs.Worker.run(Worker.java:55)

!ENTRY org.python.pydev.shared_core 4 4 2016-02-26 12:20:01.869
!MESSAGE Did not expect to find item below node: Assign[targets=[Name[id=tagList, ctx=Store, reserved=false]], value=null] (module: PmwEntryField.py).
!STACK 0
java.lang.RuntimeException: Did not expect to find item below node: Assign[targets=[Name[id=tagList, ctx=Store, reserved=false]], value=null] (module: PmwEntryField.py).
	at org.python.pydev.core.log.Log.log(Log.java:54)
	at org.python.pydev.parser.fastparser.FastDefinitionsParser.endScopesInStack(FastDefinitionsParser.java:589)
	at org.python.pydev.parser.fastparser.FastDefinitionsParser.handleNewLine(FastDefinitionsParser.java:380)
	at org.python.pydev.parser.fastparser.FastDefinitionsParser.extractBody(FastDefinitionsParser.java:249)
	at org.python.pydev.parser.fastparser.FastDefinitionsParser.parse(FastDefinitionsParser.java:676)
	at com.python.pydev.analysis.additionalinfo.AbstractAdditionalTokensInfo.addAstInfo(AbstractAdditionalTokensInfo.java:310)
	at com.python.pydev.analysis.additionalinfo.AbstractAdditionalInfoWithBuild.restoreInfoForModuleManager(AbstractAdditionalInfoWithBuild.java:258)
	at com.python.pydev.analysis.additionalinfo.AdditionalSystemInterpreterInfo.recreateAllInfo(AdditionalSystemInterpreterInfo.java:179)
	at com.python.pydev.analysis.additionalinfo.AdditionalSystemInterpreterInfo.getAdditionalSystemInfo(AdditionalSystemInterpreterInfo.java:155)
	at com.python.pydev.analysis.additionalinfo.AdditionalSystemInterpreterInfo.getAdditionalSystemInfo(AdditionalSystemInterpreterInfo.java:124)
	at com.python.pydev.analysis.additionalinfo.AdditionalSystemInterpreterInfo.recreateAllInfo(AdditionalSystemInterpreterInfo.java:171)
	at com.python.pydev.analysis.additionalinfo.builders.InterpreterObserver.notifyDefaultPythonpathRestored(InterpreterObserver.java:35)
	at org.python.pydev.ui.interpreters.AbstractInterpreterManager.restorePythopathForInterpreters(AbstractInterpreterManager.java:726)
	at org.python.pydev.ui.interpreters.AbstractInterpreterManager.setInfos(AbstractInterpreterManager.java:643)
	at org.python.pydev.ui.pythonpathconf.AutoConfigMaker$1.run(AutoConfigMaker.java:137)
	at org.eclipse.core.internal.jobs.Worker.run(Worker.java:55)

!ENTRY org.python.pydev.shared_core 4 4 2016-02-26 12:20:01.869
!MESSAGE Did not expect to find item below node: Assign[targets=[Attribute[value=Name[id=self, ctx=Load, reserved=false], attr=NameTok[id=_validationArgs, ctx=Attrib], ctx=Load]], value=null] (module: PmwEntryField.py).
!STACK 0
java.lang.RuntimeException: Did not expect to find item below node: Assign[targets=[Attribute[value=Name[id=self, ctx=Load, reserved=false], attr=NameTok[id=_validationArgs, ctx=Attrib], ctx=Load]], value=null] (module: PmwEntryField.py).
	at org.python.pydev.core.log.Log.log(Log.java:54)
	at org.python.pydev.parser.fastparser.FastDefinitionsParser.endScopesInStack(FastDefinitionsParser.java:589)
	at org.python.pydev.parser.fastparser.FastDefinitionsParser.handleNewLine(FastDefinitionsParser.java:380)
	at org.python.pydev.parser.fastparser.FastDefinitionsParser.extractBody(FastDefinitionsParser.java:249)
	at org.python.pydev.parser.fastparser.FastDefinitionsParser.parse(FastDefinitionsParser.java:676)
	at com.python.pydev.analysis.additionalinfo.AbstractAdditionalTokensInfo.addAstInfo(AbstractAdditionalTokensInfo.java:310)
	at com.python.pydev.analysis.additionalinfo.AbstractAdditionalInfoWithBuild.restoreInfoForModuleManager(AbstractAdditionalInfoWithBuild.java:258)
	at com.python.pydev.analysis.additionalinfo.AdditionalSystemInterpreterInfo.recreateAllInfo(AdditionalSystemInterpreterInfo.java:179)
	at com.python.pydev.analysis.additionalinfo.AdditionalSystemInterpreterInfo.getAdditionalSystemInfo(AdditionalSystemInterpreterInfo.java:155)
	at com.python.pydev.analysis.additionalinfo.AdditionalSystemInterpreterInfo.getAdditionalSystemInfo(AdditionalSystemInterpreterInfo.java:124)
	at com.python.pydev.analysis.additionalinfo.AdditionalSystemInterpreterInfo.recreateAllInfo(AdditionalSystemInterpreterInfo.java:171)
	at com.python.pydev.analysis.additionalinfo.builders.InterpreterObserver.notifyDefaultPythonpathRestored(InterpreterObserver.java:35)
	at org.python.pydev.ui.interpreters.AbstractInterpreterManager.restorePythopathForInterpreters(AbstractInterpreterManager.java:726)
	at org.python.pydev.ui.interpreters.AbstractInterpreterManager.setInfos(AbstractInterpreterManager.java:643)
	at org.python.pydev.ui.pythonpathconf.AutoConfigMaker$1.run(AutoConfigMaker.java:137)
	at org.eclipse.core.internal.jobs.Worker.run(Worker.java:55)

!ENTRY org.python.pydev.shared_core 4 4 2016-02-26 12:20:01.886
!MESSAGE Did not expect to find item below node: Assign[targets=[Name[id=INITOPT, ctx=Store, reserved=false]], value=null] (module: PmwGroup.py).
!STACK 0
java.lang.RuntimeException: Did not expect to find item below node: Assign[targets=[Name[id=INITOPT, ctx=Store, reserved=false]], value=null] (module: PmwGroup.py).
	at org.python.pydev.core.log.Log.log(Log.java:54)
	at org.python.pydev.parser.fastparser.FastDefinitionsParser.endScopesInStack(FastDefinitionsParser.java:589)
	at org.python.pydev.parser.fastparser.FastDefinitionsParser.handleNewLine(FastDefinitionsParser.java:380)
	at org.python.pydev.parser.fastparser.FastDefinitionsParser.extractBody(FastDefinitionsParser.java:249)
	at org.python.pydev.parser.fastparser.FastDefinitionsParser.parse(FastDefinitionsParser.java:676)
	at com.python.pydev.analysis.additionalinfo.AbstractAdditionalTokensInfo.addAstInfo(AbstractAdditionalTokensInfo.java:310)
	at com.python.pydev.analysis.additionalinfo.AbstractAdditionalInfoWithBuild.restoreInfoForModuleManager(AbstractAdditionalInfoWithBuild.java:258)
	at com.python.pydev.analysis.additionalinfo.AdditionalSystemInterpreterInfo.recreateAllInfo(AdditionalSystemInterpreterInfo.java:179)
	at com.python.pydev.analysis.additionalinfo.AdditionalSystemInterpreterInfo.getAdditionalSystemInfo(AdditionalSystemInterpreterInfo.java:155)
	at com.python.pydev.analysis.additionalinfo.AdditionalSystemInterpreterInfo.getAdditionalSystemInfo(AdditionalSystemInterpreterInfo.java:124)
	at com.python.pydev.analysis.additionalinfo.AdditionalSystemInterpreterInfo.recreateAllInfo(AdditionalSystemInterpreterInfo.java:171)
	at com.python.pydev.analysis.additionalinfo.builders.InterpreterObserver.notifyDefaultPythonpathRestored(InterpreterObserver.java:35)
	at org.python.pydev.ui.interpreters.AbstractInterpreterManager.restorePythopathForInterpreters(AbstractInterpreterManager.java:726)
	at org.python.pydev.ui.interpreters.AbstractInterpreterManager.setInfos(AbstractInterpreterManager.java:643)
	at org.python.pydev.ui.pythonpathconf.AutoConfigMaker$1.run(AutoConfigMaker.java:137)
	at org.eclipse.core.internal.jobs.Worker.run(Worker.java:55)

!ENTRY org.python.pydev.shared_core 4 4 2016-02-26 12:20:01.886
!MESSAGE Did not expect to find item below node: Assign[targets=[Attribute[value=Name[id=self, ctx=Load, reserved=false], attr=NameTok[id=_groupChildSite, ctx=Attrib], ctx=Load]], value=null] (module: PmwGroup.py).
!STACK 0
java.lang.RuntimeException: Did not expect to find item below node: Assign[targets=[Attribute[value=Name[id=self, ctx=Load, reserved=false], attr=NameTok[id=_groupChildSite, ctx=Attrib], ctx=Load]], value=null] (module: PmwGroup.py).
	at org.python.pydev.core.log.Log.log(Log.java:54)
	at org.python.pydev.parser.fastparser.FastDefinitionsParser.endScopesInStack(FastDefinitionsParser.java:589)
	at org.python.pydev.parser.fastparser.FastDefinitionsParser.handleNewLine(FastDefinitionsParser.java:380)
	at org.python.pydev.parser.fastparser.FastDefinitionsParser.extractBody(FastDefinitionsParser.java:249)
	at org.python.pydev.parser.fastparser.FastDefinitionsParser.parse(FastDefinitionsParser.java:676)
	at com.python.pydev.analysis.additionalinfo.AbstractAdditionalTokensInfo.addAstInfo(AbstractAdditionalTokensInfo.java:310)
	at com.python.pydev.analysis.additionalinfo.AbstractAdditionalInfoWithBuild.restoreInfoForModuleManager(AbstractAdditionalInfoWithBuild.java:258)
	at com.python.pydev.analysis.additionalinfo.AdditionalSystemInterpreterInfo.recreateAllInfo(AdditionalSystemInterpreterInfo.java:179)
	at com.python.pydev.analysis.additionalinfo.AdditionalSystemInterpreterInfo.getAdditionalSystemInfo(AdditionalSystemInterpreterInfo.java:155)
	at com.python.pydev.analysis.additionalinfo.AdditionalSystemInterpreterInfo.getAdditionalSystemInfo(AdditionalSystemInterpreterInfo.java:124)
	at com.python.pydev.analysis.additionalinfo.AdditionalSystemInterpreterInfo.recreateAllInfo(AdditionalSystemInterpreterInfo.java:171)
	at com.python.pydev.analysis.additionalinfo.builders.InterpreterObserver.notifyDefaultPythonpathRestored(InterpreterObserver.java:35)
	at org.python.pydev.ui.interpreters.AbstractInterpreterManager.restorePythopathForInterpreters(AbstractInterpreterManager.java:726)
	at org.python.pydev.ui.interpreters.AbstractInterpreterManager.setInfos(AbstractInterpreterManager.java:643)
	at org.python.pydev.ui.pythonpathconf.AutoConfigMaker$1.run(AutoConfigMaker.java:137)
	at org.eclipse.core.internal.jobs.Worker.run(Worker.java:55)

!ENTRY org.python.pydev.shared_core 4 4 2016-02-26 12:20:01.913
!MESSAGE Did not expect to find item below node: Assign[targets=[Attribute[value=Name[id=self, ctx=Load, reserved=false], attr=NameTok[id=_lastIndex, ctx=Attrib], ctx=Load]], value=null] (module: PmwHistoryText.py).
!STACK 0
java.lang.RuntimeException: Did not expect to find item below node: Assign[targets=[Attribute[value=Name[id=self, ctx=Load, reserved=false], attr=NameTok[id=_lastIndex, ctx=Attrib], ctx=Load]], value=null] (module: PmwHistoryText.py).
	at org.python.pydev.core.log.Log.log(Log.java:54)
	at org.python.pydev.parser.fastparser.FastDefinitionsParser.endScopesInStack(FastDefinitionsParser.java:589)
	at org.python.pydev.parser.fastparser.FastDefinitionsParser.handleNewLine(FastDefinitionsParser.java:380)
	at org.python.pydev.parser.fastparser.FastDefinitionsParser.extractBody(FastDefinitionsParser.java:249)
	at org.python.pydev.parser.fastparser.FastDefinitionsParser.parse(FastDefinitionsParser.java:676)
	at com.python.pydev.analysis.additionalinfo.AbstractAdditionalTokensInfo.addAstInfo(AbstractAdditionalTokensInfo.java:310)
	at com.python.pydev.analysis.additionalinfo.AbstractAdditionalInfoWithBuild.restoreInfoForModuleManager(AbstractAdditionalInfoWithBuild.java:258)
	at com.python.pydev.analysis.additionalinfo.AdditionalSystemInterpreterInfo.recreateAllInfo(AdditionalSystemInterpreterInfo.java:179)
	at com.python.pydev.analysis.additionalinfo.AdditionalSystemInterpreterInfo.getAdditionalSystemInfo(AdditionalSystemInterpreterInfo.java:155)
	at com.python.pydev.analysis.additionalinfo.AdditionalSystemInterpreterInfo.getAdditionalSystemInfo(AdditionalSystemInterpreterInfo.java:124)
	at com.python.pydev.analysis.additionalinfo.AdditionalSystemInterpreterInfo.recreateAllInfo(AdditionalSystemInterpreterInfo.java:171)
	at com.python.pydev.analysis.additionalinfo.builders.InterpreterObserver.notifyDefaultPythonpathRestored(InterpreterObserver.java:35)
	at org.python.pydev.ui.interpreters.AbstractInterpreterManager.restorePythopathForInterpreters(AbstractInterpreterManager.java:726)
	at org.python.pydev.ui.interpreters.AbstractInterpreterManager.setInfos(AbstractInterpreterManager.java:643)
	at org.python.pydev.ui.pythonpathconf.AutoConfigMaker$1.run(AutoConfigMaker.java:137)
	at org.eclipse.core.internal.jobs.Worker.run(Worker.java:55)

!ENTRY org.python.pydev.shared_core 4 4 2016-02-26 12:20:01.928
!MESSAGE Did not expect to find item below node: Assign[targets=[Attribute[value=Name[id=self, ctx=Load, reserved=false], attr=NameTok[id=_alpha_versions, ctx=Attrib], ctx=Load]], value=null] (module: PmwLoader.py).
!STACK 0
java.lang.RuntimeException: Did not expect to find item below node: Assign[targets=[Attribute[value=Name[id=self, ctx=Load, reserved=false], attr=NameTok[id=_alpha_versions, ctx=Attrib], ctx=Load]], value=null] (module: PmwLoader.py).
	at org.python.pydev.core.log.Log.log(Log.java:54)
	at org.python.pydev.parser.fastparser.FastDefinitionsParser.endScopesInStack(FastDefinitionsParser.java:589)
	at org.python.pydev.parser.fastparser.FastDefinitionsParser.handleNewLine(FastDefinitionsParser.java:380)
	at org.python.pydev.parser.fastparser.FastDefinitionsParser.extractBody(FastDefinitionsParser.java:249)
	at org.python.pydev.parser.fastparser.FastDefinitionsParser.parse(FastDefinitionsParser.java:676)
	at com.python.pydev.analysis.additionalinfo.AbstractAdditionalTokensInfo.addAstInfo(AbstractAdditionalTokensInfo.java:310)
	at com.python.pydev.analysis.additionalinfo.AbstractAdditionalInfoWithBuild.restoreInfoForModuleManager(AbstractAdditionalInfoWithBuild.java:258)
	at com.python.pydev.analysis.additionalinfo.AdditionalSystemInterpreterInfo.recreateAllInfo(AdditionalSystemInterpreterInfo.java:179)
	at com.python.pydev.analysis.additionalinfo.AdditionalSystemInterpreterInfo.getAdditionalSystemInfo(AdditionalSystemInterpreterInfo.java:155)
	at com.python.pydev.analysis.additionalinfo.AdditionalSystemInterpreterInfo.getAdditionalSystemInfo(AdditionalSystemInterpreterInfo.java:124)
	at com.python.pydev.analysis.additionalinfo.AdditionalSystemInterpreterInfo.recreateAllInfo(AdditionalSystemInterpreterInfo.java:171)
	at com.python.pydev.analysis.additionalinfo.builders.InterpreterObserver.notifyDefaultPythonpathRestored(InterpreterObserver.java:35)
	at org.python.pydev.ui.interpreters.AbstractInterpreterManager.restorePythopathForInterpreters(AbstractInterpreterManager.java:726)
	at org.python.pydev.ui.interpreters.AbstractInterpreterManager.setInfos(AbstractInterpreterManager.java:643)
	at org.python.pydev.ui.pythonpathconf.AutoConfigMaker$1.run(AutoConfigMaker.java:137)
	at org.eclipse.core.internal.jobs.Worker.run(Worker.java:55)

!ENTRY org.python.pydev.shared_core 4 4 2016-02-26 12:20:01.928
!MESSAGE Did not expect to find item below node: Assign[targets=[Attribute[value=Name[id=self, ctx=Load, reserved=false], attr=NameTok[id=_version, ctx=Attrib], ctx=Load]], value=null] (module: PmwLoader.py).
!STACK 0
java.lang.RuntimeException: Did not expect to find item below node: Assign[targets=[Attribute[value=Name[id=self, ctx=Load, reserved=false], attr=NameTok[id=_version, ctx=Attrib], ctx=Load]], value=null] (module: PmwLoader.py).
	at org.python.pydev.core.log.Log.log(Log.java:54)
	at org.python.pydev.parser.fastparser.FastDefinitionsParser.endScopesInStack(FastDefinitionsParser.java:589)
	at org.python.pydev.parser.fastparser.FastDefinitionsParser.handleNewLine(FastDefinitionsParser.java:380)
	at org.python.pydev.parser.fastparser.FastDefinitionsParser.extractBody(FastDefinitionsParser.java:249)
	at org.python.pydev.parser.fastparser.FastDefinitionsParser.parse(FastDefinitionsParser.java:676)
	at com.python.pydev.analysis.additionalinfo.AbstractAdditionalTokensInfo.addAstInfo(AbstractAdditionalTokensInfo.java:310)
	at com.python.pydev.analysis.additionalinfo.AbstractAdditionalInfoWithBuild.restoreInfoForModuleManager(AbstractAdditionalInfoWithBuild.java:258)
	at com.python.pydev.analysis.additionalinfo.AdditionalSystemInterpreterInfo.recreateAllInfo(AdditionalSystemInterpreterInfo.java:179)
	at com.python.pydev.analysis.additionalinfo.AdditionalSystemInterpreterInfo.getAdditionalSystemInfo(AdditionalSystemInterpreterInfo.java:155)
	at com.python.pydev.analysis.additionalinfo.AdditionalSystemInterpreterInfo.getAdditionalSystemInfo(AdditionalSystemInterpreterInfo.java:124)
	at com.python.pydev.analysis.additionalinfo.AdditionalSystemInterpreterInfo.recreateAllInfo(AdditionalSystemInterpreterInfo.java:171)
	at com.python.pydev.analysis.additionalinfo.builders.InterpreterObserver.notifyDefaultPythonpathRestored(InterpreterObserver.java:35)
	at org.python.pydev.ui.interpreters.AbstractInterpreterManager.restorePythopathForInterpreters(AbstractInterpreterManager.java:726)
	at org.python.pydev.ui.interpreters.AbstractInterpreterManager.setInfos(AbstractInterpreterManager.java:643)
	at org.python.pydev.ui.pythonpathconf.AutoConfigMaker$1.run(AutoConfigMaker.java:137)
	at org.eclipse.core.internal.jobs.Worker.run(Worker.java:55)

!ENTRY org.python.pydev.shared_core 4 4 2016-02-26 12:20:01.928
!MESSAGE Did not expect to find item below node: Assign[targets=[Attribute[value=Name[id=self, ctx=Load, reserved=false], attr=NameTok[id=_initialised, ctx=Attrib], ctx=Load]], value=null] (module: PmwLoader.py).
!STACK 0
java.lang.RuntimeException: Did not expect to find item below node: Assign[targets=[Attribute[value=Name[id=self, ctx=Load, reserved=false], attr=NameTok[id=_initialised, ctx=Attrib], ctx=Load]], value=null] (module: PmwLoader.py).
	at org.python.pydev.core.log.Log.log(Log.java:54)
	at org.python.pydev.parser.fastparser.FastDefinitionsParser.endScopesInStack(FastDefinitionsParser.java:589)
	at org.python.pydev.parser.fastparser.FastDefinitionsParser.handleNewLine(FastDefinitionsParser.java:380)
	at org.python.pydev.parser.fastparser.FastDefinitionsParser.extractBody(FastDefinitionsParser.java:249)
	at org.python.pydev.parser.fastparser.FastDefinitionsParser.parse(FastDefinitionsParser.java:676)
	at com.python.pydev.analysis.additionalinfo.AbstractAdditionalTokensInfo.addAstInfo(AbstractAdditionalTokensInfo.java:310)
	at com.python.pydev.analysis.additionalinfo.AbstractAdditionalInfoWithBuild.restoreInfoForModuleManager(AbstractAdditionalInfoWithBuild.java:258)
	at com.python.pydev.analysis.additionalinfo.AdditionalSystemInterpreterInfo.recreateAllInfo(AdditionalSystemInterpreterInfo.java:179)
	at com.python.pydev.analysis.additionalinfo.AdditionalSystemInterpreterInfo.getAdditionalSystemInfo(AdditionalSystemInterpreterInfo.java:155)
	at com.python.pydev.analysis.additionalinfo.AdditionalSystemInterpreterInfo.getAdditionalSystemInfo(AdditionalSystemInterpreterInfo.java:124)
	at com.python.pydev.analysis.additionalinfo.AdditionalSystemInterpreterInfo.recreateAllInfo(AdditionalSystemInterpreterInfo.java:171)
	at com.python.pydev.analysis.additionalinfo.builders.InterpreterObserver.notifyDefaultPythonpathRestored(InterpreterObserver.java:35)
	at org.python.pydev.ui.interpreters.AbstractInterpreterManager.restorePythopathForInterpreters(AbstractInterpreterManager.java:726)
	at org.python.pydev.ui.interpreters.AbstractInterpreterManager.setInfos(AbstractInterpreterManager.java:643)
	at org.python.pydev.ui.pythonpathconf.AutoConfigMaker$1.run(AutoConfigMaker.java:137)
	at org.eclipse.core.internal.jobs.Worker.run(Worker.java:55)

!ENTRY org.python.pydev.shared_core 4 4 2016-02-26 12:20:01.936
!MESSAGE Did not expect to find item below node: Assign[targets=[Name[id=realValue, ctx=Store, reserved=false]], value=null] (module: PmwLogicalFont.py).
!STACK 0
java.lang.RuntimeException: Did not expect to find item below node: Assign[targets=[Name[id=realValue, ctx=Store, reserved=false]], value=null] (module: PmwLogicalFont.py).
	at org.python.pydev.core.log.Log.log(Log.java:54)
	at org.python.pydev.parser.fastparser.FastDefinitionsParser.endScopesInStack(FastDefinitionsParser.java:589)
	at org.python.pydev.parser.fastparser.FastDefinitionsParser.handleNewLine(FastDefinitionsParser.java:380)
	at org.python.pydev.parser.fastparser.FastDefinitionsParser.extractBody(FastDefinitionsParser.java:249)
	at org.python.pydev.parser.fastparser.FastDefinitionsParser.parse(FastDefinitionsParser.java:676)
	at com.python.pydev.analysis.additionalinfo.AbstractAdditionalTokensInfo.addAstInfo(AbstractAdditionalTokensInfo.java:310)
	at com.python.pydev.analysis.additionalinfo.AbstractAdditionalInfoWithBuild.restoreInfoForModuleManager(AbstractAdditionalInfoWithBuild.java:258)
	at com.python.pydev.analysis.additionalinfo.AdditionalSystemInterpreterInfo.recreateAllInfo(AdditionalSystemInterpreterInfo.java:179)
	at com.python.pydev.analysis.additionalinfo.AdditionalSystemInterpreterInfo.getAdditionalSystemInfo(AdditionalSystemInterpreterInfo.java:155)
	at com.python.pydev.analysis.additionalinfo.AdditionalSystemInterpreterInfo.getAdditionalSystemInfo(AdditionalSystemInterpreterInfo.java:124)
	at com.python.pydev.analysis.additionalinfo.AdditionalSystemInterpreterInfo.recreateAllInfo(AdditionalSystemInterpreterInfo.java:171)
	at com.python.pydev.analysis.additionalinfo.builders.InterpreterObserver.notifyDefaultPythonpathRestored(InterpreterObserver.java:35)
	at org.python.pydev.ui.interpreters.AbstractInterpreterManager.restorePythopathForInterpreters(AbstractInterpreterManager.java:726)
	at org.python.pydev.ui.interpreters.AbstractInterpreterManager.setInfos(AbstractInterpreterManager.java:643)
	at org.python.pydev.ui.pythonpathconf.AutoConfigMaker$1.run(AutoConfigMaker.java:137)
	at org.eclipse.core.internal.jobs.Worker.run(Worker.java:55)

!ENTRY org.python.pydev.shared_core 4 4 2016-02-26 12:20:02.003
!MESSAGE Did not expect to find item below node: Assign[targets=[Name[id=text, ctx=Store, reserved=false]], value=null] (module: PmwMessageBar.py).
!STACK 0
java.lang.RuntimeException: Did not expect to find item below node: Assign[targets=[Name[id=text, ctx=Store, reserved=false]], value=null] (module: PmwMessageBar.py).
	at org.python.pydev.core.log.Log.log(Log.java:54)
	at org.python.pydev.parser.fastparser.FastDefinitionsParser.endScopesInStack(FastDefinitionsParser.java:589)
	at org.python.pydev.parser.fastparser.FastDefinitionsParser.handleNewLine(FastDefinitionsParser.java:380)
	at org.python.pydev.parser.fastparser.FastDefinitionsParser.extractBody(FastDefinitionsParser.java:249)
	at org.python.pydev.parser.fastparser.FastDefinitionsParser.parse(FastDefinitionsParser.java:676)
	at com.python.pydev.analysis.additionalinfo.AbstractAdditionalTokensInfo.addAstInfo(AbstractAdditionalTokensInfo.java:310)
	at com.python.pydev.analysis.additionalinfo.AbstractAdditionalInfoWithBuild.restoreInfoForModuleManager(AbstractAdditionalInfoWithBuild.java:258)
	at com.python.pydev.analysis.additionalinfo.AdditionalSystemInterpreterInfo.recreateAllInfo(AdditionalSystemInterpreterInfo.java:179)
	at com.python.pydev.analysis.additionalinfo.AdditionalSystemInterpreterInfo.getAdditionalSystemInfo(AdditionalSystemInterpreterInfo.java:155)
	at com.python.pydev.analysis.additionalinfo.AdditionalSystemInterpreterInfo.getAdditionalSystemInfo(AdditionalSystemInterpreterInfo.java:124)
	at com.python.pydev.analysis.additionalinfo.AdditionalSystemInterpreterInfo.recreateAllInfo(AdditionalSystemInterpreterInfo.java:171)
	at com.python.pydev.analysis.additionalinfo.builders.InterpreterObserver.notifyDefaultPythonpathRestored(InterpreterObserver.java:35)
	at org.python.pydev.ui.interpreters.AbstractInterpreterManager.restorePythopathForInterpreters(AbstractInterpreterManager.java:726)
	at org.python.pydev.ui.interpreters.AbstractInterpreterManager.setInfos(AbstractInterpreterManager.java:643)
	at org.python.pydev.ui.pythonpathconf.AutoConfigMaker$1.run(AutoConfigMaker.java:137)
	at org.eclipse.core.internal.jobs.Worker.run(Worker.java:55)

!ENTRY org.python.pydev.shared_core 4 4 2016-02-26 12:20:02.003
!MESSAGE Did not expect to find item below node: Assign[targets=[Attribute[value=Name[id=self, ctx=Load, reserved=false], attr=NameTok[id=_message, ctx=Attrib], ctx=Load]], value=null] (module: PmwMessageDialog.py).
!STACK 0
java.lang.RuntimeException: Did not expect to find item below node: Assign[targets=[Attribute[value=Name[id=self, ctx=Load, reserved=false], attr=NameTok[id=_message, ctx=Attrib], ctx=Load]], value=null] (module: PmwMessageDialog.py).
	at org.python.pydev.core.log.Log.log(Log.java:54)
	at org.python.pydev.parser.fastparser.FastDefinitionsParser.endScopesInStack(FastDefinitionsParser.java:589)
	at org.python.pydev.parser.fastparser.FastDefinitionsParser.handleNewLine(FastDefinitionsParser.java:380)
	at org.python.pydev.parser.fastparser.FastDefinitionsParser.extractBody(FastDefinitionsParser.java:249)
	at org.python.pydev.parser.fastparser.FastDefinitionsParser.parse(FastDefinitionsParser.java:676)
	at com.python.pydev.analysis.additionalinfo.AbstractAdditionalTokensInfo.addAstInfo(AbstractAdditionalTokensInfo.java:310)
	at com.python.pydev.analysis.additionalinfo.AbstractAdditionalInfoWithBuild.restoreInfoForModuleManager(AbstractAdditionalInfoWithBuild.java:258)
	at com.python.pydev.analysis.additionalinfo.AdditionalSystemInterpreterInfo.recreateAllInfo(AdditionalSystemInterpreterInfo.java:179)
	at com.python.pydev.analysis.additionalinfo.AdditionalSystemInterpreterInfo.getAdditionalSystemInfo(AdditionalSystemInterpreterInfo.java:155)
	at com.python.pydev.analysis.additionalinfo.AdditionalSystemInterpreterInfo.getAdditionalSystemInfo(AdditionalSystemInterpreterInfo.java:124)
	at com.python.pydev.analysis.additionalinfo.AdditionalSystemInterpreterInfo.recreateAllInfo(AdditionalSystemInterpreterInfo.java:171)
	at com.python.pydev.analysis.additionalinfo.builders.InterpreterObserver.notifyDefaultPythonpathRestored(InterpreterObserver.java:35)
	at org.python.pydev.ui.interpreters.AbstractInterpreterManager.restorePythopathForInterpreters(AbstractInterpreterManager.java:726)
	at org.python.pydev.ui.interpreters.AbstractInterpreterManager.setInfos(AbstractInterpreterManager.java:643)
	at org.python.pydev.ui.pythonpathconf.AutoConfigMaker$1.run(AutoConfigMaker.java:137)
	at org.eclipse.core.internal.jobs.Worker.run(Worker.java:55)

!ENTRY org.python.pydev.shared_core 4 4 2016-02-26 12:20:02.004
!MESSAGE Did not expect to find item below node: Assign[targets=[Name[id=INITOPT, ctx=Store, reserved=false]], value=null] (module: PmwNoteBook.py).
!STACK 0
java.lang.RuntimeException: Did not expect to find item below node: Assign[targets=[Name[id=INITOPT, ctx=Store, reserved=false]], value=null] (module: PmwNoteBook.py).
	at org.python.pydev.core.log.Log.log(Log.java:54)
	at org.python.pydev.parser.fastparser.FastDefinitionsParser.endScopesInStack(FastDefinitionsParser.java:589)
	at org.python.pydev.parser.fastparser.FastDefinitionsParser.handleNewLine(FastDefinitionsParser.java:380)
	at org.python.pydev.parser.fastparser.FastDefinitionsParser.extractBody(FastDefinitionsParser.java:249)
	at org.python.pydev.parser.fastparser.FastDefinitionsParser.parse(FastDefinitionsParser.java:676)
	at com.python.pydev.analysis.additionalinfo.AbstractAdditionalTokensInfo.addAstInfo(AbstractAdditionalTokensInfo.java:310)
	at com.python.pydev.analysis.additionalinfo.AbstractAdditionalInfoWithBuild.restoreInfoForModuleManager(AbstractAdditionalInfoWithBuild.java:258)
	at com.python.pydev.analysis.additionalinfo.AdditionalSystemInterpreterInfo.recreateAllInfo(AdditionalSystemInterpreterInfo.java:179)
	at com.python.pydev.analysis.additionalinfo.AdditionalSystemInterpreterInfo.getAdditionalSystemInfo(AdditionalSystemInterpreterInfo.java:155)
	at com.python.pydev.analysis.additionalinfo.AdditionalSystemInterpreterInfo.getAdditionalSystemInfo(AdditionalSystemInterpreterInfo.java:124)
	at com.python.pydev.analysis.additionalinfo.AdditionalSystemInterpreterInfo.recreateAllInfo(AdditionalSystemInterpreterInfo.java:171)
	at com.python.pydev.analysis.additionalinfo.builders.InterpreterObserver.notifyDefaultPythonpathRestored(InterpreterObserver.java:35)
	at org.python.pydev.ui.interpreters.AbstractInterpreterManager.restorePythopathForInterpreters(AbstractInterpreterManager.java:726)
	at org.python.pydev.ui.interpreters.AbstractInterpreterManager.setInfos(AbstractInterpreterManager.java:643)
	at org.python.pydev.ui.pythonpathconf.AutoConfigMaker$1.run(AutoConfigMaker.java:137)
	at org.eclipse.core.internal.jobs.Worker.run(Worker.java:55)

!ENTRY org.python.pydev.shared_core 4 4 2016-02-26 12:20:02.004
!MESSAGE Did not expect to find item below node: Assign[targets=[Attribute[value=Name[id=self, ctx=Load, reserved=false], attr=NameTok[id=_topPageName, ctx=Attrib], ctx=Load]], value=null] (module: PmwNoteBook.py).
!STACK 0
java.lang.RuntimeException: Did not expect to find item below node: Assign[targets=[Attribute[value=Name[id=self, ctx=Load, reserved=false], attr=NameTok[id=_topPageName, ctx=Attrib], ctx=Load]], value=null] (module: PmwNoteBook.py).
	at org.python.pydev.core.log.Log.log(Log.java:54)
	at org.python.pydev.parser.fastparser.FastDefinitionsParser.endScopesInStack(FastDefinitionsParser.java:589)
	at org.python.pydev.parser.fastparser.FastDefinitionsParser.handleNewLine(FastDefinitionsParser.java:380)
	at org.python.pydev.parser.fastparser.FastDefinitionsParser.extractBody(FastDefinitionsParser.java:249)
	at org.python.pydev.parser.fastparser.FastDefinitionsParser.parse(FastDefinitionsParser.java:676)
	at com.python.pydev.analysis.additionalinfo.AbstractAdditionalTokensInfo.addAstInfo(AbstractAdditionalTokensInfo.java:310)
	at com.python.pydev.analysis.additionalinfo.AbstractAdditionalInfoWithBuild.restoreInfoForModuleManager(AbstractAdditionalInfoWithBuild.java:258)
	at com.python.pydev.analysis.additionalinfo.AdditionalSystemInterpreterInfo.recreateAllInfo(AdditionalSystemInterpreterInfo.java:179)
	at com.python.pydev.analysis.additionalinfo.AdditionalSystemInterpreterInfo.getAdditionalSystemInfo(AdditionalSystemInterpreterInfo.java:155)
	at com.python.pydev.analysis.additionalinfo.AdditionalSystemInterpreterInfo.getAdditionalSystemInfo(AdditionalSystemInterpreterInfo.java:124)
	at com.python.pydev.analysis.additionalinfo.AdditionalSystemInterpreterInfo.recreateAllInfo(AdditionalSystemInterpreterInfo.java:171)
	at com.python.pydev.analysis.additionalinfo.builders.InterpreterObserver.notifyDefaultPythonpathRestored(InterpreterObserver.java:35)
	at org.python.pydev.ui.interpreters.AbstractInterpreterManager.restorePythopathForInterpreters(AbstractInterpreterManager.java:726)
	at org.python.pydev.ui.interpreters.AbstractInterpreterManager.setInfos(AbstractInterpreterManager.java:643)
	at org.python.pydev.ui.pythonpathconf.AutoConfigMaker$1.run(AutoConfigMaker.java:137)
	at org.eclipse.core.internal.jobs.Worker.run(Worker.java:55)

!ENTRY org.python.pydev.shared_core 4 4 2016-02-26 12:20:02.004
!MESSAGE Did not expect to find item below node: Assign[targets=[Name[id=beforeIndex, ctx=Store, reserved=false]], value=null] (module: PmwNoteBook.py).
!STACK 0
java.lang.RuntimeException: Did not expect to find item below node: Assign[targets=[Name[id=beforeIndex, ctx=Store, reserved=false]], value=null] (module: PmwNoteBook.py).
	at org.python.pydev.core.log.Log.log(Log.java:54)
	at org.python.pydev.parser.fastparser.FastDefinitionsParser.endScopesInStack(FastDefinitionsParser.java:589)
	at org.python.pydev.parser.fastparser.FastDefinitionsParser.handleNewLine(FastDefinitionsParser.java:380)
	at org.python.pydev.parser.fastparser.FastDefinitionsParser.extractBody(FastDefinitionsParser.java:249)
	at org.python.pydev.parser.fastparser.FastDefinitionsParser.parse(FastDefinitionsParser.java:676)
	at com.python.pydev.analysis.additionalinfo.AbstractAdditionalTokensInfo.addAstInfo(AbstractAdditionalTokensInfo.java:310)
	at com.python.pydev.analysis.additionalinfo.AbstractAdditionalInfoWithBuild.restoreInfoForModuleManager(AbstractAdditionalInfoWithBuild.java:258)
	at com.python.pydev.analysis.additionalinfo.AdditionalSystemInterpreterInfo.recreateAllInfo(AdditionalSystemInterpreterInfo.java:179)
	at com.python.pydev.analysis.additionalinfo.AdditionalSystemInterpreterInfo.getAdditionalSystemInfo(AdditionalSystemInterpreterInfo.java:155)
	at com.python.pydev.analysis.additionalinfo.AdditionalSystemInterpreterInfo.getAdditionalSystemInfo(AdditionalSystemInterpreterInfo.java:124)
	at com.python.pydev.analysis.additionalinfo.AdditionalSystemInterpreterInfo.recreateAllInfo(AdditionalSystemInterpreterInfo.java:171)
	at com.python.pydev.analysis.additionalinfo.builders.InterpreterObserver.notifyDefaultPythonpathRestored(InterpreterObserver.java:35)
	at org.python.pydev.ui.interpreters.AbstractInterpreterManager.restorePythopathForInterpreters(AbstractInterpreterManager.java:726)
	at org.python.pydev.ui.interpreters.AbstractInterpreterManager.setInfos(AbstractInterpreterManager.java:643)
	at org.python.pydev.ui.pythonpathconf.AutoConfigMaker$1.run(AutoConfigMaker.java:137)
	at org.eclipse.core.internal.jobs.Worker.run(Worker.java:55)

!ENTRY org.python.pydev.shared_core 4 4 2016-02-26 12:20:02.005
!MESSAGE Did not expect to find item below node: Assign[targets=[Name[id=page, ctx=Store, reserved=false]], value=null] (module: PmwNoteBook.py).
!STACK 0
java.lang.RuntimeException: Did not expect to find item below node: Assign[targets=[Name[id=page, ctx=Store, reserved=false]], value=null] (module: PmwNoteBook.py).
	at org.python.pydev.core.log.Log.log(Log.java:54)
	at org.python.pydev.parser.fastparser.FastDefinitionsParser.endScopesInStack(FastDefinitionsParser.java:589)
	at org.python.pydev.parser.fastparser.FastDefinitionsParser.handleNewLine(FastDefinitionsParser.java:380)
	at org.python.pydev.parser.fastparser.FastDefinitionsParser.extractBody(FastDefinitionsParser.java:249)
	at org.python.pydev.parser.fastparser.FastDefinitionsParser.parse(FastDefinitionsParser.java:676)
	at com.python.pydev.analysis.additionalinfo.AbstractAdditionalTokensInfo.addAstInfo(AbstractAdditionalTokensInfo.java:310)
	at com.python.pydev.analysis.additionalinfo.AbstractAdditionalInfoWithBuild.restoreInfoForModuleManager(AbstractAdditionalInfoWithBuild.java:258)
	at com.python.pydev.analysis.additionalinfo.AdditionalSystemInterpreterInfo.recreateAllInfo(AdditionalSystemInterpreterInfo.java:179)
	at com.python.pydev.analysis.additionalinfo.AdditionalSystemInterpreterInfo.getAdditionalSystemInfo(AdditionalSystemInterpreterInfo.java:155)
	at com.python.pydev.analysis.additionalinfo.AdditionalSystemInterpreterInfo.getAdditionalSystemInfo(AdditionalSystemInterpreterInfo.java:124)
	at com.python.pydev.analysis.additionalinfo.AdditionalSystemInterpreterInfo.recreateAllInfo(AdditionalSystemInterpreterInfo.java:171)
	at com.python.pydev.analysis.additionalinfo.builders.InterpreterObserver.notifyDefaultPythonpathRestored(InterpreterObserver.java:35)
	at org.python.pydev.ui.interpreters.AbstractInterpreterManager.restorePythopathForInterpreters(AbstractInterpreterManager.java:726)
	at org.python.pydev.ui.interpreters.AbstractInterpreterManager.setInfos(AbstractInterpreterManager.java:643)
	at org.python.pydev.ui.pythonpathconf.AutoConfigMaker$1.run(AutoConfigMaker.java:137)
	at org.eclipse.core.internal.jobs.Worker.run(Worker.java:55)

!ENTRY org.python.pydev.shared_core 4 4 2016-02-26 12:20:02.005
!MESSAGE Did not expect to find item below node: Assign[targets=[Name[id=text, ctx=Store, reserved=false]], value=null] (module: PmwOptionMenu.py).
!STACK 0
java.lang.RuntimeException: Did not expect to find item below node: Assign[targets=[Name[id=text, ctx=Store, reserved=false]], value=null] (module: PmwOptionMenu.py).
	at org.python.pydev.core.log.Log.log(Log.java:54)
	at org.python.pydev.parser.fastparser.FastDefinitionsParser.endScopesInStack(FastDefinitionsParser.java:589)
	at org.python.pydev.parser.fastparser.FastDefinitionsParser.handleNewLine(FastDefinitionsParser.java:380)
	at org.python.pydev.parser.fastparser.FastDefinitionsParser.extractBody(FastDefinitionsParser.java:249)
	at org.python.pydev.parser.fastparser.FastDefinitionsParser.parse(FastDefinitionsParser.java:676)
	at com.python.pydev.analysis.additionalinfo.AbstractAdditionalTokensInfo.addAstInfo(AbstractAdditionalTokensInfo.java:310)
	at com.python.pydev.analysis.additionalinfo.AbstractAdditionalInfoWithBuild.restoreInfoForModuleManager(AbstractAdditionalInfoWithBuild.java:258)
	at com.python.pydev.analysis.additionalinfo.AdditionalSystemInterpreterInfo.recreateAllInfo(AdditionalSystemInterpreterInfo.java:179)
	at com.python.pydev.analysis.additionalinfo.AdditionalSystemInterpreterInfo.getAdditionalSystemInfo(AdditionalSystemInterpreterInfo.java:155)
	at com.python.pydev.analysis.additionalinfo.AdditionalSystemInterpreterInfo.getAdditionalSystemInfo(AdditionalSystemInterpreterInfo.java:124)
	at com.python.pydev.analysis.additionalinfo.AdditionalSystemInterpreterInfo.recreateAllInfo(AdditionalSystemInterpreterInfo.java:171)
	at com.python.pydev.analysis.additionalinfo.builders.InterpreterObserver.notifyDefaultPythonpathRestored(InterpreterObserver.java:35)
	at org.python.pydev.ui.interpreters.AbstractInterpreterManager.restorePythopathForInterpreters(AbstractInterpreterManager.java:726)
	at org.python.pydev.ui.interpreters.AbstractInterpreterManager.setInfos(AbstractInterpreterManager.java:643)
	at org.python.pydev.ui.pythonpathconf.AutoConfigMaker$1.run(AutoConfigMaker.java:137)
	at org.eclipse.core.internal.jobs.Worker.run(Worker.java:55)

!ENTRY org.python.pydev.shared_core 4 4 2016-02-26 12:20:02.006
!MESSAGE Did not expect to find item below node: Assign[targets=[Attribute[value=Name[id=self, ctx=Load, reserved=false], attr=NameTok[id=_movePending, ctx=Attrib], ctx=Load]], value=null] (module: PmwPanedWidget.py).
!STACK 0
java.lang.RuntimeException: Did not expect to find item below node: Assign[targets=[Attribute[value=Name[id=self, ctx=Load, reserved=false], attr=NameTok[id=_movePending, ctx=Attrib], ctx=Load]], value=null] (module: PmwPanedWidget.py).
	at org.python.pydev.core.log.Log.log(Log.java:54)
	at org.python.pydev.parser.fastparser.FastDefinitionsParser.endScopesInStack(FastDefinitionsParser.java:589)
	at org.python.pydev.parser.fastparser.FastDefinitionsParser.handleNewLine(FastDefinitionsParser.java:380)
	at org.python.pydev.parser.fastparser.FastDefinitionsParser.extractBody(FastDefinitionsParser.java:249)
	at org.python.pydev.parser.fastparser.FastDefinitionsParser.parse(FastDefinitionsParser.java:676)
	at com.python.pydev.analysis.additionalinfo.AbstractAdditionalTokensInfo.addAstInfo(AbstractAdditionalTokensInfo.java:310)
	at com.python.pydev.analysis.additionalinfo.AbstractAdditionalInfoWithBuild.restoreInfoForModuleManager(AbstractAdditionalInfoWithBuild.java:258)
	at com.python.pydev.analysis.additionalinfo.AdditionalSystemInterpreterInfo.recreateAllInfo(AdditionalSystemInterpreterInfo.java:179)
	at com.python.pydev.analysis.additionalinfo.AdditionalSystemInterpreterInfo.getAdditionalSystemInfo(AdditionalSystemInterpreterInfo.java:155)
	at com.python.pydev.analysis.additionalinfo.AdditionalSystemInterpreterInfo.getAdditionalSystemInfo(AdditionalSystemInterpreterInfo.java:124)
	at com.python.pydev.analysis.additionalinfo.AdditionalSystemInterpreterInfo.recreateAllInfo(AdditionalSystemInterpreterInfo.java:171)
	at com.python.pydev.analysis.additionalinfo.builders.InterpreterObserver.notifyDefaultPythonpathRestored(InterpreterObserver.java:35)
	at org.python.pydev.ui.interpreters.AbstractInterpreterManager.restorePythopathForInterpreters(AbstractInterpreterManager.java:726)
	at org.python.pydev.ui.interpreters.AbstractInterpreterManager.setInfos(AbstractInterpreterManager.java:643)
	at org.python.pydev.ui.pythonpathconf.AutoConfigMaker$1.run(AutoConfigMaker.java:137)
	at org.eclipse.core.internal.jobs.Worker.run(Worker.java:55)

!ENTRY org.python.pydev.shared_core 4 4 2016-02-26 12:20:02.006
!MESSAGE Did not expect to find item below node: Assign[targets=[Name[id=majorspec, ctx=Store, reserved=false]], value=null] (module: PmwPanedWidget.py).
!STACK 0
java.lang.RuntimeException: Did not expect to find item below node: Assign[targets=[Name[id=majorspec, ctx=Store, reserved=false]], value=null] (module: PmwPanedWidget.py).
	at org.python.pydev.core.log.Log.log(Log.java:54)
	at org.python.pydev.parser.fastparser.FastDefinitionsParser.endScopesInStack(FastDefinitionsParser.java:589)
	at org.python.pydev.parser.fastparser.FastDefinitionsParser.handleNewLine(FastDefinitionsParser.java:380)
	at org.python.pydev.parser.fastparser.FastDefinitionsParser.extractBody(FastDefinitionsParser.java:249)
	at org.python.pydev.parser.fastparser.FastDefinitionsParser.parse(FastDefinitionsParser.java:676)
	at com.python.pydev.analysis.additionalinfo.AbstractAdditionalTokensInfo.addAstInfo(AbstractAdditionalTokensInfo.java:310)
	at com.python.pydev.analysis.additionalinfo.AbstractAdditionalInfoWithBuild.restoreInfoForModuleManager(AbstractAdditionalInfoWithBuild.java:258)
	at com.python.pydev.analysis.additionalinfo.AdditionalSystemInterpreterInfo.recreateAllInfo(AdditionalSystemInterpreterInfo.java:179)
	at com.python.pydev.analysis.additionalinfo.AdditionalSystemInterpreterInfo.getAdditionalSystemInfo(AdditionalSystemInterpreterInfo.java:155)
	at com.python.pydev.analysis.additionalinfo.AdditionalSystemInterpreterInfo.getAdditionalSystemInfo(AdditionalSystemInterpreterInfo.java:124)
	at com.python.pydev.analysis.additionalinfo.AdditionalSystemInterpreterInfo.recreateAllInfo(AdditionalSystemInterpreterInfo.java:171)
	at com.python.pydev.analysis.additionalinfo.builders.InterpreterObserver.notifyDefaultPythonpathRestored(InterpreterObserver.java:35)
	at org.python.pydev.ui.interpreters.AbstractInterpreterManager.restorePythopathForInterpreters(AbstractInterpreterManager.java:726)
	at org.python.pydev.ui.interpreters.AbstractInterpreterManager.setInfos(AbstractInterpreterManager.java:643)
	at org.python.pydev.ui.pythonpathconf.AutoConfigMaker$1.run(AutoConfigMaker.java:137)
	at org.eclipse.core.internal.jobs.Worker.run(Worker.java:55)

!ENTRY org.python.pydev.shared_core 4 4 2016-02-26 12:20:02.006
!MESSAGE Did not expect to find item below node: Assign[targets=[Attribute[value=Name[id=self, ctx=Load, reserved=false], attr=NameTok[id=_totalSize, ctx=Attrib], ctx=Load]], value=null] (module: PmwPanedWidget.py).
!STACK 0
java.lang.RuntimeException: Did not expect to find item below node: Assign[targets=[Attribute[value=Name[id=self, ctx=Load, reserved=false], attr=NameTok[id=_totalSize, ctx=Attrib], ctx=Load]], value=null] (module: PmwPanedWidget.py).
	at org.python.pydev.core.log.Log.log(Log.java:54)
	at org.python.pydev.parser.fastparser.FastDefinitionsParser.endScopesInStack(FastDefinitionsParser.java:589)
	at org.python.pydev.parser.fastparser.FastDefinitionsParser.handleNewLine(FastDefinitionsParser.java:380)
	at org.python.pydev.parser.fastparser.FastDefinitionsParser.extractBody(FastDefinitionsParser.java:249)
	at org.python.pydev.parser.fastparser.FastDefinitionsParser.parse(FastDefinitionsParser.java:676)
	at com.python.pydev.analysis.additionalinfo.AbstractAdditionalTokensInfo.addAstInfo(AbstractAdditionalTokensInfo.java:310)
	at com.python.pydev.analysis.additionalinfo.AbstractAdditionalInfoWithBuild.restoreInfoForModuleManager(AbstractAdditionalInfoWithBuild.java:258)
	at com.python.pydev.analysis.additionalinfo.AdditionalSystemInterpreterInfo.recreateAllInfo(AdditionalSystemInterpreterInfo.java:179)
	at com.python.pydev.analysis.additionalinfo.AdditionalSystemInterpreterInfo.getAdditionalSystemInfo(AdditionalSystemInterpreterInfo.java:155)
	at com.python.pydev.analysis.additionalinfo.AdditionalSystemInterpreterInfo.getAdditionalSystemInfo(AdditionalSystemInterpreterInfo.java:124)
	at com.python.pydev.analysis.additionalinfo.AdditionalSystemInterpreterInfo.recreateAllInfo(AdditionalSystemInterpreterInfo.java:171)
	at com.python.pydev.analysis.additionalinfo.builders.InterpreterObserver.notifyDefaultPythonpathRestored(InterpreterObserver.java:35)
	at org.python.pydev.ui.interpreters.AbstractInterpreterManager.restorePythopathForInterpreters(AbstractInterpreterManager.java:726)
	at org.python.pydev.ui.interpreters.AbstractInterpreterManager.setInfos(AbstractInterpreterManager.java:643)
	at org.python.pydev.ui.pythonpathconf.AutoConfigMaker$1.run(AutoConfigMaker.java:137)
	at org.eclipse.core.internal.jobs.Worker.run(Worker.java:55)

!ENTRY org.python.pydev.shared_core 4 4 2016-02-26 12:20:02.006
!MESSAGE Did not expect to find item below node: Assign[targets=[Attribute[value=Name[id=self, ctx=Load, reserved=false], attr=NameTok[id=_timerId, ctx=Attrib], ctx=Load]], value=null] (module: PmwPanedWidget.py).
!STACK 0
java.lang.RuntimeException: Did not expect to find item below node: Assign[targets=[Attribute[value=Name[id=self, ctx=Load, reserved=false], attr=NameTok[id=_timerId, ctx=Attrib], ctx=Load]], value=null] (module: PmwPanedWidget.py).
	at org.python.pydev.core.log.Log.log(Log.java:54)
	at org.python.pydev.parser.fastparser.FastDefinitionsParser.endScopesInStack(FastDefinitionsParser.java:589)
	at org.python.pydev.parser.fastparser.FastDefinitionsParser.handleNewLine(FastDefinitionsParser.java:380)
	at org.python.pydev.parser.fastparser.FastDefinitionsParser.extractBody(FastDefinitionsParser.java:249)
	at org.python.pydev.parser.fastparser.FastDefinitionsParser.parse(FastDefinitionsParser.java:676)
	at com.python.pydev.analysis.additionalinfo.AbstractAdditionalTokensInfo.addAstInfo(AbstractAdditionalTokensInfo.java:310)
	at com.python.pydev.analysis.additionalinfo.AbstractAdditionalInfoWithBuild.restoreInfoForModuleManager(AbstractAdditionalInfoWithBuild.java:258)
	at com.python.pydev.analysis.additionalinfo.AdditionalSystemInterpreterInfo.recreateAllInfo(AdditionalSystemInterpreterInfo.java:179)
	at com.python.pydev.analysis.additionalinfo.AdditionalSystemInterpreterInfo.getAdditionalSystemInfo(AdditionalSystemInterpreterInfo.java:155)
	at com.python.pydev.analysis.additionalinfo.AdditionalSystemInterpreterInfo.getAdditionalSystemInfo(AdditionalSystemInterpreterInfo.java:124)
	at com.python.pydev.analysis.additionalinfo.AdditionalSystemInterpreterInfo.recreateAllInfo(AdditionalSystemInterpreterInfo.java:171)
	at com.python.pydev.analysis.additionalinfo.builders.InterpreterObserver.notifyDefaultPythonpathRestored(InterpreterObserver.java:35)
	at org.python.pydev.ui.interpreters.AbstractInterpreterManager.restorePythopathForInterpreters(AbstractInterpreterManager.java:726)
	at org.python.pydev.ui.interpreters.AbstractInterpreterManager.setInfos(AbstractInterpreterManager.java:643)
	at org.python.pydev.ui.pythonpathconf.AutoConfigMaker$1.run(AutoConfigMaker.java:137)
	at org.eclipse.core.internal.jobs.Worker.run(Worker.java:55)

!ENTRY org.python.pydev.shared_core 4 4 2016-02-26 12:20:02.007
!MESSAGE Did not expect to find item below node: Assign[targets=[Attribute[value=Name[id=self, ctx=Load, reserved=false], attr=NameTok[id=_curSize, ctx=Attrib], ctx=Load]], value=null] (module: PmwPanedWidget.py).
!STACK 0
java.lang.RuntimeException: Did not expect to find item below node: Assign[targets=[Attribute[value=Name[id=self, ctx=Load, reserved=false], attr=NameTok[id=_curSize, ctx=Attrib], ctx=Load]], value=null] (module: PmwPanedWidget.py).
	at org.python.pydev.core.log.Log.log(Log.java:54)
	at org.python.pydev.parser.fastparser.FastDefinitionsParser.endScopesInStack(FastDefinitionsParser.java:589)
	at org.python.pydev.parser.fastparser.FastDefinitionsParser.handleNewLine(FastDefinitionsParser.java:380)
	at org.python.pydev.parser.fastparser.FastDefinitionsParser.extractBody(FastDefinitionsParser.java:249)
	at org.python.pydev.parser.fastparser.FastDefinitionsParser.parse(FastDefinitionsParser.java:676)
	at com.python.pydev.analysis.additionalinfo.AbstractAdditionalTokensInfo.addAstInfo(AbstractAdditionalTokensInfo.java:310)
	at com.python.pydev.analysis.additionalinfo.AbstractAdditionalInfoWithBuild.restoreInfoForModuleManager(AbstractAdditionalInfoWithBuild.java:258)
	at com.python.pydev.analysis.additionalinfo.AdditionalSystemInterpreterInfo.recreateAllInfo(AdditionalSystemInterpreterInfo.java:179)
	at com.python.pydev.analysis.additionalinfo.AdditionalSystemInterpreterInfo.getAdditionalSystemInfo(AdditionalSystemInterpreterInfo.java:155)
	at com.python.pydev.analysis.additionalinfo.AdditionalSystemInterpreterInfo.getAdditionalSystemInfo(AdditionalSystemInterpreterInfo.java:124)
	at com.python.pydev.analysis.additionalinfo.AdditionalSystemInterpreterInfo.recreateAllInfo(AdditionalSystemInterpreterInfo.java:171)
	at com.python.pydev.analysis.additionalinfo.builders.InterpreterObserver.notifyDefaultPythonpathRestored(InterpreterObserver.java:35)
	at org.python.pydev.ui.interpreters.AbstractInterpreterManager.restorePythopathForInterpreters(AbstractInterpreterManager.java:726)
	at org.python.pydev.ui.interpreters.AbstractInterpreterManager.setInfos(AbstractInterpreterManager.java:643)
	at org.python.pydev.ui.pythonpathconf.AutoConfigMaker$1.run(AutoConfigMaker.java:137)
	at org.eclipse.core.internal.jobs.Worker.run(Worker.java:55)

!ENTRY org.python.pydev.shared_core 4 4 2016-02-26 12:20:02.008
!MESSAGE Did not expect to find item below node: Assign[targets=[Name[id=name, ctx=Store, reserved=false]], value=null] (module: PmwRadioSelect.py).
!STACK 0
java.lang.RuntimeException: Did not expect to find item below node: Assign[targets=[Name[id=name, ctx=Store, reserved=false]], value=null] (module: PmwRadioSelect.py).
	at org.python.pydev.core.log.Log.log(Log.java:54)
	at org.python.pydev.parser.fastparser.FastDefinitionsParser.endScopesInStack(FastDefinitionsParser.java:589)
	at org.python.pydev.parser.fastparser.FastDefinitionsParser.handleNewLine(FastDefinitionsParser.java:380)
	at org.python.pydev.parser.fastparser.FastDefinitionsParser.extractBody(FastDefinitionsParser.java:249)
	at org.python.pydev.parser.fastparser.FastDefinitionsParser.parse(FastDefinitionsParser.java:676)
	at com.python.pydev.analysis.additionalinfo.AbstractAdditionalTokensInfo.addAstInfo(AbstractAdditionalTokensInfo.java:310)
	at com.python.pydev.analysis.additionalinfo.AbstractAdditionalInfoWithBuild.restoreInfoForModuleManager(AbstractAdditionalInfoWithBuild.java:258)
	at com.python.pydev.analysis.additionalinfo.AdditionalSystemInterpreterInfo.recreateAllInfo(AdditionalSystemInterpreterInfo.java:179)
	at com.python.pydev.analysis.additionalinfo.AdditionalSystemInterpreterInfo.getAdditionalSystemInfo(AdditionalSystemInterpreterInfo.java:155)
	at com.python.pydev.analysis.additionalinfo.AdditionalSystemInterpreterInfo.getAdditionalSystemInfo(AdditionalSystemInterpreterInfo.java:124)
	at com.python.pydev.analysis.additionalinfo.AdditionalSystemInterpreterInfo.recreateAllInfo(AdditionalSystemInterpreterInfo.java:171)
	at com.python.pydev.analysis.additionalinfo.builders.InterpreterObserver.notifyDefaultPythonpathRestored(InterpreterObserver.java:35)
	at org.python.pydev.ui.interpreters.AbstractInterpreterManager.restorePythopathForInterpreters(AbstractInterpreterManager.java:726)
	at org.python.pydev.ui.interpreters.AbstractInterpreterManager.setInfos(AbstractInterpreterManager.java:643)
	at org.python.pydev.ui.pythonpathconf.AutoConfigMaker$1.run(AutoConfigMaker.java:137)
	at org.eclipse.core.internal.jobs.Worker.run(Worker.java:55)

!ENTRY org.python.pydev.shared_core 4 4 2016-02-26 12:20:02.008
!MESSAGE Did not expect to find item below node: Assign[targets=[Name[id=state, ctx=Store, reserved=false]], value=null] (module: PmwRadioSelect.py).
!STACK 0
java.lang.RuntimeException: Did not expect to find item below node: Assign[targets=[Name[id=state, ctx=Store, reserved=false]], value=null] (module: PmwRadioSelect.py).
	at org.python.pydev.core.log.Log.log(Log.java:54)
	at org.python.pydev.parser.fastparser.FastDefinitionsParser.endScopesInStack(FastDefinitionsParser.java:589)
	at org.python.pydev.parser.fastparser.FastDefinitionsParser.handleNewLine(FastDefinitionsParser.java:380)
	at org.python.pydev.parser.fastparser.FastDefinitionsParser.extractBody(FastDefinitionsParser.java:249)
	at org.python.pydev.parser.fastparser.FastDefinitionsParser.parse(FastDefinitionsParser.java:676)
	at com.python.pydev.analysis.additionalinfo.AbstractAdditionalTokensInfo.addAstInfo(AbstractAdditionalTokensInfo.java:310)
	at com.python.pydev.analysis.additionalinfo.AbstractAdditionalInfoWithBuild.restoreInfoForModuleManager(AbstractAdditionalInfoWithBuild.java:258)
	at com.python.pydev.analysis.additionalinfo.AdditionalSystemInterpreterInfo.recreateAllInfo(AdditionalSystemInterpreterInfo.java:179)
	at com.python.pydev.analysis.additionalinfo.AdditionalSystemInterpreterInfo.getAdditionalSystemInfo(AdditionalSystemInterpreterInfo.java:155)
	at com.python.pydev.analysis.additionalinfo.AdditionalSystemInterpreterInfo.getAdditionalSystemInfo(AdditionalSystemInterpreterInfo.java:124)
	at com.python.pydev.analysis.additionalinfo.AdditionalSystemInterpreterInfo.recreateAllInfo(AdditionalSystemInterpreterInfo.java:171)
	at com.python.pydev.analysis.additionalinfo.builders.InterpreterObserver.notifyDefaultPythonpathRestored(InterpreterObserver.java:35)
	at org.python.pydev.ui.interpreters.AbstractInterpreterManager.restorePythopathForInterpreters(AbstractInterpreterManager.java:726)
	at org.python.pydev.ui.interpreters.AbstractInterpreterManager.setInfos(AbstractInterpreterManager.java:643)
	at org.python.pydev.ui.pythonpathconf.AutoConfigMaker$1.run(AutoConfigMaker.java:137)
	at org.eclipse.core.internal.jobs.Worker.run(Worker.java:55)

!ENTRY org.python.pydev.shared_core 4 4 2016-02-26 12:20:02.008
!MESSAGE Did not expect to find item below node: Assign[targets=[Attribute[value=Name[id=self, ctx=Load, reserved=false], attr=NameTok[id=scrollTimer, ctx=Attrib], ctx=Load]], value=null] (module: PmwScrolledCanvas.py).
!STACK 0
java.lang.RuntimeException: Did not expect to find item below node: Assign[targets=[Attribute[value=Name[id=self, ctx=Load, reserved=false], attr=NameTok[id=scrollTimer, ctx=Attrib], ctx=Load]], value=null] (module: PmwScrolledCanvas.py).
	at org.python.pydev.core.log.Log.log(Log.java:54)
	at org.python.pydev.parser.fastparser.FastDefinitionsParser.endScopesInStack(FastDefinitionsParser.java:589)
	at org.python.pydev.parser.fastparser.FastDefinitionsParser.handleNewLine(FastDefinitionsParser.java:380)
	at org.python.pydev.parser.fastparser.FastDefinitionsParser.extractBody(FastDefinitionsParser.java:249)
	at org.python.pydev.parser.fastparser.FastDefinitionsParser.parse(FastDefinitionsParser.java:676)
	at com.python.pydev.analysis.additionalinfo.AbstractAdditionalTokensInfo.addAstInfo(AbstractAdditionalTokensInfo.java:310)
	at com.python.pydev.analysis.additionalinfo.AbstractAdditionalInfoWithBuild.restoreInfoForModuleManager(AbstractAdditionalInfoWithBuild.java:258)
	at com.python.pydev.analysis.additionalinfo.AdditionalSystemInterpreterInfo.recreateAllInfo(AdditionalSystemInterpreterInfo.java:179)
	at com.python.pydev.analysis.additionalinfo.AdditionalSystemInterpreterInfo.getAdditionalSystemInfo(AdditionalSystemInterpreterInfo.java:155)
	at com.python.pydev.analysis.additionalinfo.AdditionalSystemInterpreterInfo.getAdditionalSystemInfo(AdditionalSystemInterpreterInfo.java:124)
	at com.python.pydev.analysis.additionalinfo.AdditionalSystemInterpreterInfo.recreateAllInfo(AdditionalSystemInterpreterInfo.java:171)
	at com.python.pydev.analysis.additionalinfo.builders.InterpreterObserver.notifyDefaultPythonpathRestored(InterpreterObserver.java:35)
	at org.python.pydev.ui.interpreters.AbstractInterpreterManager.restorePythopathForInterpreters(AbstractInterpreterManager.java:726)
	at org.python.pydev.ui.interpreters.AbstractInterpreterManager.setInfos(AbstractInterpreterManager.java:643)
	at org.python.pydev.ui.pythonpathconf.AutoConfigMaker$1.run(AutoConfigMaker.java:137)
	at org.eclipse.core.internal.jobs.Worker.run(Worker.java:55)

!ENTRY org.python.pydev.shared_core 4 4 2016-02-26 12:20:02.008
!MESSAGE Did not expect to find item below node: Assign[targets=[Name[id=region, ctx=Store, reserved=false]], value=null] (module: PmwScrolledCanvas.py).
!STACK 0
java.lang.RuntimeException: Did not expect to find item below node: Assign[targets=[Name[id=region, ctx=Store, reserved=false]], value=null] (module: PmwScrolledCanvas.py).
	at org.python.pydev.core.log.Log.log(Log.java:54)
	at org.python.pydev.parser.fastparser.FastDefinitionsParser.endScopesInStack(FastDefinitionsParser.java:589)
	at org.python.pydev.parser.fastparser.FastDefinitionsParser.handleNewLine(FastDefinitionsParser.java:380)
	at org.python.pydev.parser.fastparser.FastDefinitionsParser.extractBody(FastDefinitionsParser.java:249)
	at org.python.pydev.parser.fastparser.FastDefinitionsParser.parse(FastDefinitionsParser.java:676)
	at com.python.pydev.analysis.additionalinfo.AbstractAdditionalTokensInfo.addAstInfo(AbstractAdditionalTokensInfo.java:310)
	at com.python.pydev.analysis.additionalinfo.AbstractAdditionalInfoWithBuild.restoreInfoForModuleManager(AbstractAdditionalInfoWithBuild.java:258)
	at com.python.pydev.analysis.additionalinfo.AdditionalSystemInterpreterInfo.recreateAllInfo(AdditionalSystemInterpreterInfo.java:179)
	at com.python.pydev.analysis.additionalinfo.AdditionalSystemInterpreterInfo.getAdditionalSystemInfo(AdditionalSystemInterpreterInfo.java:155)
	at com.python.pydev.analysis.additionalinfo.AdditionalSystemInterpreterInfo.getAdditionalSystemInfo(AdditionalSystemInterpreterInfo.java:124)
	at com.python.pydev.analysis.additionalinfo.AdditionalSystemInterpreterInfo.recreateAllInfo(AdditionalSystemInterpreterInfo.java:171)
	at com.python.pydev.analysis.additionalinfo.builders.InterpreterObserver.notifyDefaultPythonpathRestored(InterpreterObserver.java:35)
	at org.python.pydev.ui.interpreters.AbstractInterpreterManager.restorePythopathForInterpreters(AbstractInterpreterManager.java:726)
	at org.python.pydev.ui.interpreters.AbstractInterpreterManager.setInfos(AbstractInterpreterManager.java:643)
	at org.python.pydev.ui.pythonpathconf.AutoConfigMaker$1.run(AutoConfigMaker.java:137)
	at org.eclipse.core.internal.jobs.Worker.run(Worker.java:55)

!ENTRY org.python.pydev.shared_core 4 4 2016-02-26 12:20:02.009
!MESSAGE Did not expect to find item below node: Assign[targets=[Name[id=jump, ctx=Store, reserved=false]], value=null] (module: PmwScrolledFrame.py).
!STACK 0
java.lang.RuntimeException: Did not expect to find item below node: Assign[targets=[Name[id=jump, ctx=Store, reserved=false]], value=null] (module: PmwScrolledFrame.py).
	at org.python.pydev.core.log.Log.log(Log.java:54)
	at org.python.pydev.parser.fastparser.FastDefinitionsParser.endScopesInStack(FastDefinitionsParser.java:589)
	at org.python.pydev.parser.fastparser.FastDefinitionsParser.handleNewLine(FastDefinitionsParser.java:380)
	at org.python.pydev.parser.fastparser.FastDefinitionsParser.extractBody(FastDefinitionsParser.java:249)
	at org.python.pydev.parser.fastparser.FastDefinitionsParser.parse(FastDefinitionsParser.java:676)
	at com.python.pydev.analysis.additionalinfo.AbstractAdditionalTokensInfo.addAstInfo(AbstractAdditionalTokensInfo.java:310)
	at com.python.pydev.analysis.additionalinfo.AbstractAdditionalInfoWithBuild.restoreInfoForModuleManager(AbstractAdditionalInfoWithBuild.java:258)
	at com.python.pydev.analysis.additionalinfo.AdditionalSystemInterpreterInfo.recreateAllInfo(AdditionalSystemInterpreterInfo.java:179)
	at com.python.pydev.analysis.additionalinfo.AdditionalSystemInterpreterInfo.getAdditionalSystemInfo(AdditionalSystemInterpreterInfo.java:155)
	at com.python.pydev.analysis.additionalinfo.AdditionalSystemInterpreterInfo.getAdditionalSystemInfo(AdditionalSystemInterpreterInfo.java:124)
	at com.python.pydev.analysis.additionalinfo.AdditionalSystemInterpreterInfo.recreateAllInfo(AdditionalSystemInterpreterInfo.java:171)
	at com.python.pydev.analysis.additionalinfo.builders.InterpreterObserver.notifyDefaultPythonpathRestored(InterpreterObserver.java:35)
	at org.python.pydev.ui.interpreters.AbstractInterpreterManager.restorePythopathForInterpreters(AbstractInterpreterManager.java:726)
	at org.python.pydev.ui.interpreters.AbstractInterpreterManager.setInfos(AbstractInterpreterManager.java:643)
	at org.python.pydev.ui.pythonpathconf.AutoConfigMaker$1.run(AutoConfigMaker.java:137)
	at org.eclipse.core.internal.jobs.Worker.run(Worker.java:55)

!ENTRY org.python.pydev.shared_core 4 4 2016-02-26 12:20:02.010
!MESSAGE Did not expect to find item below node: Assign[targets=[Attribute[value=Name[id=self, ctx=Load, reserved=false], attr=NameTok[id=startX, ctx=Attrib], ctx=Load]], value=null] (module: PmwScrolledFrame.py).
!STACK 0
java.lang.RuntimeException: Did not expect to find item below node: Assign[targets=[Attribute[value=Name[id=self, ctx=Load, reserved=false], attr=NameTok[id=startX, ctx=Attrib], ctx=Load]], value=null] (module: PmwScrolledFrame.py).
	at org.python.pydev.core.log.Log.log(Log.java:54)
	at org.python.pydev.parser.fastparser.FastDefinitionsParser.endScopesInStack(FastDefinitionsParser.java:589)
	at org.python.pydev.parser.fastparser.FastDefinitionsParser.handleNewLine(FastDefinitionsParser.java:380)
	at org.python.pydev.parser.fastparser.FastDefinitionsParser.extractBody(FastDefinitionsParser.java:249)
	at org.python.pydev.parser.fastparser.FastDefinitionsParser.parse(FastDefinitionsParser.java:676)
	at com.python.pydev.analysis.additionalinfo.AbstractAdditionalTokensInfo.addAstInfo(AbstractAdditionalTokensInfo.java:310)
	at com.python.pydev.analysis.additionalinfo.AbstractAdditionalInfoWithBuild.restoreInfoForModuleManager(AbstractAdditionalInfoWithBuild.java:258)
	at com.python.pydev.analysis.additionalinfo.AdditionalSystemInterpreterInfo.recreateAllInfo(AdditionalSystemInterpreterInfo.java:179)
	at com.python.pydev.analysis.additionalinfo.AdditionalSystemInterpreterInfo.getAdditionalSystemInfo(AdditionalSystemInterpreterInfo.java:155)
	at com.python.pydev.analysis.additionalinfo.AdditionalSystemInterpreterInfo.getAdditionalSystemInfo(AdditionalSystemInterpreterInfo.java:124)
	at com.python.pydev.analysis.additionalinfo.AdditionalSystemInterpreterInfo.recreateAllInfo(AdditionalSystemInterpreterInfo.java:171)
	at com.python.pydev.analysis.additionalinfo.builders.InterpreterObserver.notifyDefaultPythonpathRestored(InterpreterObserver.java:35)
	at org.python.pydev.ui.interpreters.AbstractInterpreterManager.restorePythopathForInterpreters(AbstractInterpreterManager.java:726)
	at org.python.pydev.ui.interpreters.AbstractInterpreterManager.setInfos(AbstractInterpreterManager.java:643)
	at org.python.pydev.ui.pythonpathconf.AutoConfigMaker$1.run(AutoConfigMaker.java:137)
	at org.eclipse.core.internal.jobs.Worker.run(Worker.java:55)

!ENTRY org.python.pydev.shared_core 4 4 2016-02-26 12:20:02.010
!MESSAGE Did not expect to find item below node: Assign[targets=[Attribute[value=Name[id=self, ctx=Load, reserved=false], attr=NameTok[id=startY, ctx=Attrib], ctx=Load]], value=null] (module: PmwScrolledFrame.py).
!STACK 0
java.lang.RuntimeException: Did not expect to find item below node: Assign[targets=[Attribute[value=Name[id=self, ctx=Load, reserved=false], attr=NameTok[id=startY, ctx=Attrib], ctx=Load]], value=null] (module: PmwScrolledFrame.py).
	at org.python.pydev.core.log.Log.log(Log.java:54)
	at org.python.pydev.parser.fastparser.FastDefinitionsParser.endScopesInStack(FastDefinitionsParser.java:589)
	at org.python.pydev.parser.fastparser.FastDefinitionsParser.handleNewLine(FastDefinitionsParser.java:380)
	at org.python.pydev.parser.fastparser.FastDefinitionsParser.extractBody(FastDefinitionsParser.java:249)
	at org.python.pydev.parser.fastparser.FastDefinitionsParser.parse(FastDefinitionsParser.java:676)
	at com.python.pydev.analysis.additionalinfo.AbstractAdditionalTokensInfo.addAstInfo(AbstractAdditionalTokensInfo.java:310)
	at com.python.pydev.analysis.additionalinfo.AbstractAdditionalInfoWithBuild.restoreInfoForModuleManager(AbstractAdditionalInfoWithBuild.java:258)
	at com.python.pydev.analysis.additionalinfo.AdditionalSystemInterpreterInfo.recreateAllInfo(AdditionalSystemInterpreterInfo.java:179)
	at com.python.pydev.analysis.additionalinfo.AdditionalSystemInterpreterInfo.getAdditionalSystemInfo(AdditionalSystemInterpreterInfo.java:155)
	at com.python.pydev.analysis.additionalinfo.AdditionalSystemInterpreterInfo.getAdditionalSystemInfo(AdditionalSystemInterpreterInfo.java:124)
	at com.python.pydev.analysis.additionalinfo.AdditionalSystemInterpreterInfo.recreateAllInfo(AdditionalSystemInterpreterInfo.java:171)
	at com.python.pydev.analysis.additionalinfo.builders.InterpreterObserver.notifyDefaultPythonpathRestored(InterpreterObserver.java:35)
	at org.python.pydev.ui.interpreters.AbstractInterpreterManager.restorePythopathForInterpreters(AbstractInterpreterManager.java:726)
	at org.python.pydev.ui.interpreters.AbstractInterpreterManager.setInfos(AbstractInterpreterManager.java:643)
	at org.python.pydev.ui.pythonpathconf.AutoConfigMaker$1.run(AutoConfigMaker.java:137)
	at org.eclipse.core.internal.jobs.Worker.run(Worker.java:55)

!ENTRY org.python.pydev.shared_core 4 4 2016-02-26 12:20:02.010
!MESSAGE Did not expect to find item below node: Assign[targets=[Attribute[value=Name[id=self, ctx=Load, reserved=false], attr=NameTok[id=scrollTimer, ctx=Attrib], ctx=Load]], value=null] (module: PmwScrolledFrame.py).
!STACK 0
java.lang.RuntimeException: Did not expect to find item below node: Assign[targets=[Attribute[value=Name[id=self, ctx=Load, reserved=false], attr=NameTok[id=scrollTimer, ctx=Attrib], ctx=Load]], value=null] (module: PmwScrolledFrame.py).
	at org.python.pydev.core.log.Log.log(Log.java:54)
	at org.python.pydev.parser.fastparser.FastDefinitionsParser.endScopesInStack(FastDefinitionsParser.java:589)
	at org.python.pydev.parser.fastparser.FastDefinitionsParser.handleNewLine(FastDefinitionsParser.java:380)
	at org.python.pydev.parser.fastparser.FastDefinitionsParser.extractBody(FastDefinitionsParser.java:249)
	at org.python.pydev.parser.fastparser.FastDefinitionsParser.parse(FastDefinitionsParser.java:676)
	at com.python.pydev.analysis.additionalinfo.AbstractAdditionalTokensInfo.addAstInfo(AbstractAdditionalTokensInfo.java:310)
	at com.python.pydev.analysis.additionalinfo.AbstractAdditionalInfoWithBuild.restoreInfoForModuleManager(AbstractAdditionalInfoWithBuild.java:258)
	at com.python.pydev.analysis.additionalinfo.AdditionalSystemInterpreterInfo.recreateAllInfo(AdditionalSystemInterpreterInfo.java:179)
	at com.python.pydev.analysis.additionalinfo.AdditionalSystemInterpreterInfo.getAdditionalSystemInfo(AdditionalSystemInterpreterInfo.java:155)
	at com.python.pydev.analysis.additionalinfo.AdditionalSystemInterpreterInfo.getAdditionalSystemInfo(AdditionalSystemInterpreterInfo.java:124)
	at com.python.pydev.analysis.additionalinfo.AdditionalSystemInterpreterInfo.recreateAllInfo(AdditionalSystemInterpreterInfo.java:171)
	at com.python.pydev.analysis.additionalinfo.builders.InterpreterObserver.notifyDefaultPythonpathRestored(InterpreterObserver.java:35)
	at org.python.pydev.ui.interpreters.AbstractInterpreterManager.restorePythopathForInterpreters(AbstractInterpreterManager.java:726)
	at org.python.pydev.ui.interpreters.AbstractInterpreterManager.setInfos(AbstractInterpreterManager.java:643)
	at org.python.pydev.ui.pythonpathconf.AutoConfigMaker$1.run(AutoConfigMaker.java:137)
	at org.eclipse.core.internal.jobs.Worker.run(Worker.java:55)

!ENTRY org.python.pydev.shared_core 4 4 2016-02-26 12:20:02.011
!MESSAGE Did not expect to find item below node: Assign[targets=[Attribute[value=Name[id=self, ctx=Load, reserved=false], attr=NameTok[id=scrollTimer, ctx=Attrib], ctx=Load]], value=null] (module: PmwScrolledListBox.py).
!STACK 0
java.lang.RuntimeException: Did not expect to find item below node: Assign[targets=[Attribute[value=Name[id=self, ctx=Load, reserved=false], attr=NameTok[id=scrollTimer, ctx=Attrib], ctx=Load]], value=null] (module: PmwScrolledListBox.py).
	at org.python.pydev.core.log.Log.log(Log.java:54)
	at org.python.pydev.parser.fastparser.FastDefinitionsParser.endScopesInStack(FastDefinitionsParser.java:589)
	at org.python.pydev.parser.fastparser.FastDefinitionsParser.handleNewLine(FastDefinitionsParser.java:380)
	at org.python.pydev.parser.fastparser.FastDefinitionsParser.extractBody(FastDefinitionsParser.java:249)
	at org.python.pydev.parser.fastparser.FastDefinitionsParser.parse(FastDefinitionsParser.java:676)
	at com.python.pydev.analysis.additionalinfo.AbstractAdditionalTokensInfo.addAstInfo(AbstractAdditionalTokensInfo.java:310)
	at com.python.pydev.analysis.additionalinfo.AbstractAdditionalInfoWithBuild.restoreInfoForModuleManager(AbstractAdditionalInfoWithBuild.java:258)
	at com.python.pydev.analysis.additionalinfo.AdditionalSystemInterpreterInfo.recreateAllInfo(AdditionalSystemInterpreterInfo.java:179)
	at com.python.pydev.analysis.additionalinfo.AdditionalSystemInterpreterInfo.getAdditionalSystemInfo(AdditionalSystemInterpreterInfo.java:155)
	at com.python.pydev.analysis.additionalinfo.AdditionalSystemInterpreterInfo.getAdditionalSystemInfo(AdditionalSystemInterpreterInfo.java:124)
	at com.python.pydev.analysis.additionalinfo.AdditionalSystemInterpreterInfo.recreateAllInfo(AdditionalSystemInterpreterInfo.java:171)
	at com.python.pydev.analysis.additionalinfo.builders.InterpreterObserver.notifyDefaultPythonpathRestored(InterpreterObserver.java:35)
	at org.python.pydev.ui.interpreters.AbstractInterpreterManager.restorePythopathForInterpreters(AbstractInterpreterManager.java:726)
	at org.python.pydev.ui.interpreters.AbstractInterpreterManager.setInfos(AbstractInterpreterManager.java:643)
	at org.python.pydev.ui.pythonpathconf.AutoConfigMaker$1.run(AutoConfigMaker.java:137)
	at org.eclipse.core.internal.jobs.Worker.run(Worker.java:55)

!ENTRY org.python.pydev.shared_core 4 4 2016-02-26 12:20:02.011
!MESSAGE Did not expect to find item below node: Assign[targets=[Name[id=items, ctx=Store, reserved=false]], value=null] (module: PmwScrolledListBox.py).
!STACK 0
java.lang.RuntimeException: Did not expect to find item below node: Assign[targets=[Name[id=items, ctx=Store, reserved=false]], value=null] (module: PmwScrolledListBox.py).
	at org.python.pydev.core.log.Log.log(Log.java:54)
	at org.python.pydev.parser.fastparser.FastDefinitionsParser.endScopesInStack(FastDefinitionsParser.java:589)
	at org.python.pydev.parser.fastparser.FastDefinitionsParser.handleNewLine(FastDefinitionsParser.java:380)
	at org.python.pydev.parser.fastparser.FastDefinitionsParser.extractBody(FastDefinitionsParser.java:249)
	at org.python.pydev.parser.fastparser.FastDefinitionsParser.parse(FastDefinitionsParser.java:676)
	at com.python.pydev.analysis.additionalinfo.AbstractAdditionalTokensInfo.addAstInfo(AbstractAdditionalTokensInfo.java:310)
	at com.python.pydev.analysis.additionalinfo.AbstractAdditionalInfoWithBuild.restoreInfoForModuleManager(AbstractAdditionalInfoWithBuild.java:258)
	at com.python.pydev.analysis.additionalinfo.AdditionalSystemInterpreterInfo.recreateAllInfo(AdditionalSystemInterpreterInfo.java:179)
	at com.python.pydev.analysis.additionalinfo.AdditionalSystemInterpreterInfo.getAdditionalSystemInfo(AdditionalSystemInterpreterInfo.java:155)
	at com.python.pydev.analysis.additionalinfo.AdditionalSystemInterpreterInfo.getAdditionalSystemInfo(AdditionalSystemInterpreterInfo.java:124)
	at com.python.pydev.analysis.additionalinfo.AdditionalSystemInterpreterInfo.recreateAllInfo(AdditionalSystemInterpreterInfo.java:171)
	at com.python.pydev.analysis.additionalinfo.builders.InterpreterObserver.notifyDefaultPythonpathRestored(InterpreterObserver.java:35)
	at org.python.pydev.ui.interpreters.AbstractInterpreterManager.restorePythopathForInterpreters(AbstractInterpreterManager.java:726)
	at org.python.pydev.ui.interpreters.AbstractInterpreterManager.setInfos(AbstractInterpreterManager.java:643)
	at org.python.pydev.ui.pythonpathconf.AutoConfigMaker$1.run(AutoConfigMaker.java:137)
	at org.eclipse.core.internal.jobs.Worker.run(Worker.java:55)

!ENTRY org.python.pydev.shared_core 4 4 2016-02-26 12:20:02.011
!MESSAGE Did not expect to find item below node: Assign[targets=[Attribute[value=Name[id=self, ctx=Load, reserved=false], attr=NameTok[id=scrollTimer, ctx=Attrib], ctx=Load]], value=null] (module: PmwScrolledText.py).
!STACK 0
java.lang.RuntimeException: Did not expect to find item below node: Assign[targets=[Attribute[value=Name[id=self, ctx=Load, reserved=false], attr=NameTok[id=scrollTimer, ctx=Attrib], ctx=Load]], value=null] (module: PmwScrolledText.py).
	at org.python.pydev.core.log.Log.log(Log.java:54)
	at org.python.pydev.parser.fastparser.FastDefinitionsParser.endScopesInStack(FastDefinitionsParser.java:589)
	at org.python.pydev.parser.fastparser.FastDefinitionsParser.handleNewLine(FastDefinitionsParser.java:380)
	at org.python.pydev.parser.fastparser.FastDefinitionsParser.extractBody(FastDefinitionsParser.java:249)
	at org.python.pydev.parser.fastparser.FastDefinitionsParser.parse(FastDefinitionsParser.java:676)
	at com.python.pydev.analysis.additionalinfo.AbstractAdditionalTokensInfo.addAstInfo(AbstractAdditionalTokensInfo.java:310)
	at com.python.pydev.analysis.additionalinfo.AbstractAdditionalInfoWithBuild.restoreInfoForModuleManager(AbstractAdditionalInfoWithBuild.java:258)
	at com.python.pydev.analysis.additionalinfo.AdditionalSystemInterpreterInfo.recreateAllInfo(AdditionalSystemInterpreterInfo.java:179)
	at com.python.pydev.analysis.additionalinfo.AdditionalSystemInterpreterInfo.getAdditionalSystemInfo(AdditionalSystemInterpreterInfo.java:155)
	at com.python.pydev.analysis.additionalinfo.AdditionalSystemInterpreterInfo.getAdditionalSystemInfo(AdditionalSystemInterpreterInfo.java:124)
	at com.python.pydev.analysis.additionalinfo.AdditionalSystemInterpreterInfo.recreateAllInfo(AdditionalSystemInterpreterInfo.java:171)
	at com.python.pydev.analysis.additionalinfo.builders.InterpreterObserver.notifyDefaultPythonpathRestored(InterpreterObserver.java:35)
	at org.python.pydev.ui.interpreters.AbstractInterpreterManager.restorePythopathForInterpreters(AbstractInterpreterManager.java:726)
	at org.python.pydev.ui.interpreters.AbstractInterpreterManager.setInfos(AbstractInterpreterManager.java:643)
	at org.python.pydev.ui.pythonpathconf.AutoConfigMaker$1.run(AutoConfigMaker.java:137)
	at org.eclipse.core.internal.jobs.Worker.run(Worker.java:55)

!ENTRY org.python.pydev.shared_core 4 4 2016-02-26 12:20:02.013
!MESSAGE Did not expect to find item below node: Assign[targets=[Name[id=min, ctx=Store, reserved=false]], value=null] (module: PmwTimeCounter.py).
!STACK 0
java.lang.RuntimeException: Did not expect to find item below node: Assign[targets=[Name[id=min, ctx=Store, reserved=false]], value=null] (module: PmwTimeCounter.py).
	at org.python.pydev.core.log.Log.log(Log.java:54)
	at org.python.pydev.parser.fastparser.FastDefinitionsParser.endScopesInStack(FastDefinitionsParser.java:589)
	at org.python.pydev.parser.fastparser.FastDefinitionsParser.handleNewLine(FastDefinitionsParser.java:380)
	at org.python.pydev.parser.fastparser.FastDefinitionsParser.extractBody(FastDefinitionsParser.java:249)
	at org.python.pydev.parser.fastparser.FastDefinitionsParser.parse(FastDefinitionsParser.java:676)
	at com.python.pydev.analysis.additionalinfo.AbstractAdditionalTokensInfo.addAstInfo(AbstractAdditionalTokensInfo.java:310)
	at com.python.pydev.analysis.additionalinfo.AbstractAdditionalInfoWithBuild.restoreInfoForModuleManager(AbstractAdditionalInfoWithBuild.java:258)
	at com.python.pydev.analysis.additionalinfo.AdditionalSystemInterpreterInfo.recreateAllInfo(AdditionalSystemInterpreterInfo.java:179)
	at com.python.pydev.analysis.additionalinfo.AdditionalSystemInterpreterInfo.getAdditionalSystemInfo(AdditionalSystemInterpreterInfo.java:155)
	at com.python.pydev.analysis.additionalinfo.AdditionalSystemInterpreterInfo.getAdditionalSystemInfo(AdditionalSystemInterpreterInfo.java:124)
	at com.python.pydev.analysis.additionalinfo.AdditionalSystemInterpreterInfo.recreateAllInfo(AdditionalSystemInterpreterInfo.java:171)
	at com.python.pydev.analysis.additionalinfo.builders.InterpreterObserver.notifyDefaultPythonpathRestored(InterpreterObserver.java:35)
	at org.python.pydev.ui.interpreters.AbstractInterpreterManager.restorePythopathForInterpreters(AbstractInterpreterManager.java:726)
	at org.python.pydev.ui.interpreters.AbstractInterpreterManager.setInfos(AbstractInterpreterManager.java:643)
	at org.python.pydev.ui.pythonpathconf.AutoConfigMaker$1.run(AutoConfigMaker.java:137)
	at org.eclipse.core.internal.jobs.Worker.run(Worker.java:55)

!ENTRY org.python.pydev.shared_core 4 4 2016-02-26 12:20:02.013
!MESSAGE Did not expect to find item below node: Assign[targets=[Attribute[value=Name[id=self, ctx=Load, reserved=false], attr=NameTok[id=_second, ctx=Attrib], ctx=Load]], value=null] (module: PmwTimeCounter.py).
!STACK 0
java.lang.RuntimeException: Did not expect to find item below node: Assign[targets=[Attribute[value=Name[id=self, ctx=Load, reserved=false], attr=NameTok[id=_second, ctx=Attrib], ctx=Load]], value=null] (module: PmwTimeCounter.py).
	at org.python.pydev.core.log.Log.log(Log.java:54)
	at org.python.pydev.parser.fastparser.FastDefinitionsParser.endScopesInStack(FastDefinitionsParser.java:589)
	at org.python.pydev.parser.fastparser.FastDefinitionsParser.handleNewLine(FastDefinitionsParser.java:380)
	at org.python.pydev.parser.fastparser.FastDefinitionsParser.extractBody(FastDefinitionsParser.java:249)
	at org.python.pydev.parser.fastparser.FastDefinitionsParser.parse(FastDefinitionsParser.java:676)
	at com.python.pydev.analysis.additionalinfo.AbstractAdditionalTokensInfo.addAstInfo(AbstractAdditionalTokensInfo.java:310)
	at com.python.pydev.analysis.additionalinfo.AbstractAdditionalInfoWithBuild.restoreInfoForModuleManager(AbstractAdditionalInfoWithBuild.java:258)
	at com.python.pydev.analysis.additionalinfo.AdditionalSystemInterpreterInfo.recreateAllInfo(AdditionalSystemInterpreterInfo.java:179)
	at com.python.pydev.analysis.additionalinfo.AdditionalSystemInterpreterInfo.getAdditionalSystemInfo(AdditionalSystemInterpreterInfo.java:155)
	at com.python.pydev.analysis.additionalinfo.AdditionalSystemInterpreterInfo.getAdditionalSystemInfo(AdditionalSystemInterpreterInfo.java:124)
	at com.python.pydev.analysis.additionalinfo.AdditionalSystemInterpreterInfo.recreateAllInfo(AdditionalSystemInterpreterInfo.java:171)
	at com.python.pydev.analysis.additionalinfo.builders.InterpreterObserver.notifyDefaultPythonpathRestored(InterpreterObserver.java:35)
	at org.python.pydev.ui.interpreters.AbstractInterpreterManager.restorePythopathForInterpreters(AbstractInterpreterManager.java:726)
	at org.python.pydev.ui.interpreters.AbstractInterpreterManager.setInfos(AbstractInterpreterManager.java:643)
	at org.python.pydev.ui.pythonpathconf.AutoConfigMaker$1.run(AutoConfigMaker.java:137)
	at org.eclipse.core.internal.jobs.Worker.run(Worker.java:55)

!ENTRY org.python.pydev.shared_core 4 4 2016-02-26 12:20:02.013
!MESSAGE Did not expect to find item below node: Assign[targets=[Attribute[value=Name[id=self, ctx=Load, reserved=false], attr=NameTok[id=_timerId, ctx=Attrib], ctx=Load]], value=null] (module: PmwTimeCounter.py).
!STACK 0
java.lang.RuntimeException: Did not expect to find item below node: Assign[targets=[Attribute[value=Name[id=self, ctx=Load, reserved=false], attr=NameTok[id=_timerId, ctx=Attrib], ctx=Load]], value=null] (module: PmwTimeCounter.py).
	at org.python.pydev.core.log.Log.log(Log.java:54)
	at org.python.pydev.parser.fastparser.FastDefinitionsParser.endScopesInStack(FastDefinitionsParser.java:589)
	at org.python.pydev.parser.fastparser.FastDefinitionsParser.handleNewLine(FastDefinitionsParser.java:380)
	at org.python.pydev.parser.fastparser.FastDefinitionsParser.extractBody(FastDefinitionsParser.java:249)
	at org.python.pydev.parser.fastparser.FastDefinitionsParser.parse(FastDefinitionsParser.java:676)
	at com.python.pydev.analysis.additionalinfo.AbstractAdditionalTokensInfo.addAstInfo(AbstractAdditionalTokensInfo.java:310)
	at com.python.pydev.analysis.additionalinfo.AbstractAdditionalInfoWithBuild.restoreInfoForModuleManager(AbstractAdditionalInfoWithBuild.java:258)
	at com.python.pydev.analysis.additionalinfo.AdditionalSystemInterpreterInfo.recreateAllInfo(AdditionalSystemInterpreterInfo.java:179)
	at com.python.pydev.analysis.additionalinfo.AdditionalSystemInterpreterInfo.getAdditionalSystemInfo(AdditionalSystemInterpreterInfo.java:155)
	at com.python.pydev.analysis.additionalinfo.AdditionalSystemInterpreterInfo.getAdditionalSystemInfo(AdditionalSystemInterpreterInfo.java:124)
	at com.python.pydev.analysis.additionalinfo.AdditionalSystemInterpreterInfo.recreateAllInfo(AdditionalSystemInterpreterInfo.java:171)
	at com.python.pydev.analysis.additionalinfo.builders.InterpreterObserver.notifyDefaultPythonpathRestored(InterpreterObserver.java:35)
	at org.python.pydev.ui.interpreters.AbstractInterpreterManager.restorePythopathForInterpreters(AbstractInterpreterManager.java:726)
	at org.python.pydev.ui.interpreters.AbstractInterpreterManager.setInfos(AbstractInterpreterManager.java:643)
	at org.python.pydev.ui.pythonpathconf.AutoConfigMaker$1.run(AutoConfigMaker.java:137)
	at org.eclipse.core.internal.jobs.Worker.run(Worker.java:55)

!ENTRY org.python.pydev.shared_core 4 4 2016-02-26 12:20:02.014
!MESSAGE Did not expect to find item below node: Assign[targets=[Name[id=year, ctx=Store, reserved=false]], value=null] (module: PmwTimeFuncs.py).
!STACK 0
java.lang.RuntimeException: Did not expect to find item below node: Assign[targets=[Name[id=year, ctx=Store, reserved=false]], value=null] (module: PmwTimeFuncs.py).
	at org.python.pydev.core.log.Log.log(Log.java:54)
	at org.python.pydev.parser.fastparser.FastDefinitionsParser.endScopesInStack(FastDefinitionsParser.java:589)
	at org.python.pydev.parser.fastparser.FastDefinitionsParser.handleNewLine(FastDefinitionsParser.java:380)
	at org.python.pydev.parser.fastparser.FastDefinitionsParser.extractBody(FastDefinitionsParser.java:249)
	at org.python.pydev.parser.fastparser.FastDefinitionsParser.parse(FastDefinitionsParser.java:676)
	at com.python.pydev.analysis.additionalinfo.AbstractAdditionalTokensInfo.addAstInfo(AbstractAdditionalTokensInfo.java:310)
	at com.python.pydev.analysis.additionalinfo.AbstractAdditionalInfoWithBuild.restoreInfoForModuleManager(AbstractAdditionalInfoWithBuild.java:258)
	at com.python.pydev.analysis.additionalinfo.AdditionalSystemInterpreterInfo.recreateAllInfo(AdditionalSystemInterpreterInfo.java:179)
	at com.python.pydev.analysis.additionalinfo.AdditionalSystemInterpreterInfo.getAdditionalSystemInfo(AdditionalSystemInterpreterInfo.java:155)
	at com.python.pydev.analysis.additionalinfo.AdditionalSystemInterpreterInfo.getAdditionalSystemInfo(AdditionalSystemInterpreterInfo.java:124)
	at com.python.pydev.analysis.additionalinfo.AdditionalSystemInterpreterInfo.recreateAllInfo(AdditionalSystemInterpreterInfo.java:171)
	at com.python.pydev.analysis.additionalinfo.builders.InterpreterObserver.notifyDefaultPythonpathRestored(InterpreterObserver.java:35)
	at org.python.pydev.ui.interpreters.AbstractInterpreterManager.restorePythopathForInterpreters(AbstractInterpreterManager.java:726)
	at org.python.pydev.ui.interpreters.AbstractInterpreterManager.setInfos(AbstractInterpreterManager.java:643)
	at org.python.pydev.ui.pythonpathconf.AutoConfigMaker$1.run(AutoConfigMaker.java:137)
	at org.eclipse.core.internal.jobs.Worker.run(Worker.java:55)

!ENTRY org.python.pydev.shared_core 4 4 2016-02-26 12:20:02.014
!MESSAGE Did not expect to find item below node: Assign[targets=[Name[id=julian, ctx=Store, reserved=false]], value=null] (module: PmwTimeFuncs.py).
!STACK 0
java.lang.RuntimeException: Did not expect to find item below node: Assign[targets=[Name[id=julian, ctx=Store, reserved=false]], value=null] (module: PmwTimeFuncs.py).
	at org.python.pydev.core.log.Log.log(Log.java:54)
	at org.python.pydev.parser.fastparser.FastDefinitionsParser.endScopesInStack(FastDefinitionsParser.java:589)
	at org.python.pydev.parser.fastparser.FastDefinitionsParser.handleNewLine(FastDefinitionsParser.java:380)
	at org.python.pydev.parser.fastparser.FastDefinitionsParser.extractBody(FastDefinitionsParser.java:249)
	at org.python.pydev.parser.fastparser.FastDefinitionsParser.parse(FastDefinitionsParser.java:676)
	at com.python.pydev.analysis.additionalinfo.AbstractAdditionalTokensInfo.addAstInfo(AbstractAdditionalTokensInfo.java:310)
	at com.python.pydev.analysis.additionalinfo.AbstractAdditionalInfoWithBuild.restoreInfoForModuleManager(AbstractAdditionalInfoWithBuild.java:258)
	at com.python.pydev.analysis.additionalinfo.AdditionalSystemInterpreterInfo.recreateAllInfo(AdditionalSystemInterpreterInfo.java:179)
	at com.python.pydev.analysis.additionalinfo.AdditionalSystemInterpreterInfo.getAdditionalSystemInfo(AdditionalSystemInterpreterInfo.java:155)
	at com.python.pydev.analysis.additionalinfo.AdditionalSystemInterpreterInfo.getAdditionalSystemInfo(AdditionalSystemInterpreterInfo.java:124)
	at com.python.pydev.analysis.additionalinfo.AdditionalSystemInterpreterInfo.recreateAllInfo(AdditionalSystemInterpreterInfo.java:171)
	at com.python.pydev.analysis.additionalinfo.builders.InterpreterObserver.notifyDefaultPythonpathRestored(InterpreterObserver.java:35)
	at org.python.pydev.ui.interpreters.AbstractInterpreterManager.restorePythopathForInterpreters(AbstractInterpreterManager.java:726)
	at org.python.pydev.ui.interpreters.AbstractInterpreterManager.setInfos(AbstractInterpreterManager.java:643)
	at org.python.pydev.ui.pythonpathconf.AutoConfigMaker$1.run(AutoConfigMaker.java:137)
	at org.eclipse.core.internal.jobs.Worker.run(Worker.java:55)

!ENTRY org.python.pydev.shared_core 4 4 2016-02-26 12:20:02.014
!MESSAGE Did not expect to find item below node: Assign[targets=[Name[id=fudgedDaysPer4000Years, ctx=Store, reserved=false]], value=null] (module: PmwTimeFuncs.py).
!STACK 0
java.lang.RuntimeException: Did not expect to find item below node: Assign[targets=[Name[id=fudgedDaysPer4000Years, ctx=Store, reserved=false]], value=null] (module: PmwTimeFuncs.py).
	at org.python.pydev.core.log.Log.log(Log.java:54)
	at org.python.pydev.parser.fastparser.FastDefinitionsParser.endScopesInStack(FastDefinitionsParser.java:589)
	at org.python.pydev.parser.fastparser.FastDefinitionsParser.handleNewLine(FastDefinitionsParser.java:380)
	at org.python.pydev.parser.fastparser.FastDefinitionsParser.extractBody(FastDefinitionsParser.java:249)
	at org.python.pydev.parser.fastparser.FastDefinitionsParser.parse(FastDefinitionsParser.java:676)
	at com.python.pydev.analysis.additionalinfo.AbstractAdditionalTokensInfo.addAstInfo(AbstractAdditionalTokensInfo.java:310)
	at com.python.pydev.analysis.additionalinfo.AbstractAdditionalInfoWithBuild.restoreInfoForModuleManager(AbstractAdditionalInfoWithBuild.java:258)
	at com.python.pydev.analysis.additionalinfo.AdditionalSystemInterpreterInfo.recreateAllInfo(AdditionalSystemInterpreterInfo.java:179)
	at com.python.pydev.analysis.additionalinfo.AdditionalSystemInterpreterInfo.getAdditionalSystemInfo(AdditionalSystemInterpreterInfo.java:155)
	at com.python.pydev.analysis.additionalinfo.AdditionalSystemInterpreterInfo.getAdditionalSystemInfo(AdditionalSystemInterpreterInfo.java:124)
	at com.python.pydev.analysis.additionalinfo.AdditionalSystemInterpreterInfo.recreateAllInfo(AdditionalSystemInterpreterInfo.java:171)
	at com.python.pydev.analysis.additionalinfo.builders.InterpreterObserver.notifyDefaultPythonpathRestored(InterpreterObserver.java:35)
	at org.python.pydev.ui.interpreters.AbstractInterpreterManager.restorePythopathForInterpreters(AbstractInterpreterManager.java:726)
	at org.python.pydev.ui.interpreters.AbstractInterpreterManager.setInfos(AbstractInterpreterManager.java:643)
	at org.python.pydev.ui.pythonpathconf.AutoConfigMaker$1.run(AutoConfigMaker.java:137)
	at org.eclipse.core.internal.jobs.Worker.run(Worker.java:55)

!ENTRY org.python.pydev.shared_core 4 4 2016-02-26 12:20:03.810
!MESSAGE Did not expect to find item below node: Assign[targets=[Name[id=gmsList, ctx=Store, reserved=false]], value=null] (module: gamess1.py).
!STACK 0
java.lang.RuntimeException: Did not expect to find item below node: Assign[targets=[Name[id=gmsList, ctx=Store, reserved=false]], value=null] (module: gamess1.py).
	at org.python.pydev.core.log.Log.log(Log.java:54)
	at org.python.pydev.parser.fastparser.FastDefinitionsParser.endScopesInStack(FastDefinitionsParser.java:589)
	at org.python.pydev.parser.fastparser.FastDefinitionsParser.handleNewLine(FastDefinitionsParser.java:380)
	at org.python.pydev.parser.fastparser.FastDefinitionsParser.extractBody(FastDefinitionsParser.java:249)
	at org.python.pydev.parser.fastparser.FastDefinitionsParser.parse(FastDefinitionsParser.java:676)
	at com.python.pydev.analysis.additionalinfo.AbstractAdditionalTokensInfo.addAstInfo(AbstractAdditionalTokensInfo.java:310)
	at com.python.pydev.analysis.additionalinfo.AbstractAdditionalInfoWithBuild.restoreInfoForModuleManager(AbstractAdditionalInfoWithBuild.java:258)
	at com.python.pydev.analysis.additionalinfo.AdditionalSystemInterpreterInfo.recreateAllInfo(AdditionalSystemInterpreterInfo.java:179)
	at com.python.pydev.analysis.additionalinfo.AdditionalSystemInterpreterInfo.getAdditionalSystemInfo(AdditionalSystemInterpreterInfo.java:155)
	at com.python.pydev.analysis.additionalinfo.AdditionalSystemInterpreterInfo.getAdditionalSystemInfo(AdditionalSystemInterpreterInfo.java:124)
	at com.python.pydev.analysis.additionalinfo.AdditionalSystemInterpreterInfo.recreateAllInfo(AdditionalSystemInterpreterInfo.java:171)
	at com.python.pydev.analysis.additionalinfo.builders.InterpreterObserver.notifyDefaultPythonpathRestored(InterpreterObserver.java:35)
	at org.python.pydev.ui.interpreters.AbstractInterpreterManager.restorePythopathForInterpreters(AbstractInterpreterManager.java:726)
	at org.python.pydev.ui.interpreters.AbstractInterpreterManager.setInfos(AbstractInterpreterManager.java:643)
	at org.python.pydev.ui.pythonpathconf.AutoConfigMaker$1.run(AutoConfigMaker.java:137)
	at org.eclipse.core.internal.jobs.Worker.run(Worker.java:55)

!ENTRY org.python.pydev.shared_core 4 4 2016-02-26 12:20:08.883
!MESSAGE Did not expect to find item below node: Assign[targets=[Name[id=this, ctx=Store, reserved=false]], value=null] (module: plplotc.py).
!STACK 0
java.lang.RuntimeException: Did not expect to find item below node: Assign[targets=[Name[id=this, ctx=Store, reserved=false]], value=null] (module: plplotc.py).
	at org.python.pydev.core.log.Log.log(Log.java:54)
	at org.python.pydev.parser.fastparser.FastDefinitionsParser.endScopesInStack(FastDefinitionsParser.java:589)
	at org.python.pydev.parser.fastparser.FastDefinitionsParser.handleNewLine(FastDefinitionsParser.java:380)
	at org.python.pydev.parser.fastparser.FastDefinitionsParser.extractBody(FastDefinitionsParser.java:249)
	at org.python.pydev.parser.fastparser.FastDefinitionsParser.parse(FastDefinitionsParser.java:676)
	at com.python.pydev.analysis.additionalinfo.AbstractAdditionalTokensInfo.addAstInfo(AbstractAdditionalTokensInfo.java:310)
	at com.python.pydev.analysis.additionalinfo.AbstractAdditionalInfoWithBuild.restoreInfoForModuleManager(AbstractAdditionalInfoWithBuild.java:258)
	at com.python.pydev.analysis.additionalinfo.AdditionalSystemInterpreterInfo.recreateAllInfo(AdditionalSystemInterpreterInfo.java:179)
	at com.python.pydev.analysis.additionalinfo.AdditionalSystemInterpreterInfo.getAdditionalSystemInfo(AdditionalSystemInterpreterInfo.java:155)
	at com.python.pydev.analysis.additionalinfo.AdditionalSystemInterpreterInfo.getAdditionalSystemInfo(AdditionalSystemInterpreterInfo.java:124)
	at com.python.pydev.analysis.additionalinfo.AdditionalSystemInterpreterInfo.recreateAllInfo(AdditionalSystemInterpreterInfo.java:171)
	at com.python.pydev.analysis.additionalinfo.builders.InterpreterObserver.notifyDefaultPythonpathRestored(InterpreterObserver.java:35)
	at org.python.pydev.ui.interpreters.AbstractInterpreterManager.restorePythopathForInterpreters(AbstractInterpreterManager.java:726)
	at org.python.pydev.ui.interpreters.AbstractInterpreterManager.setInfos(AbstractInterpreterManager.java:643)
	at org.python.pydev.ui.pythonpathconf.AutoConfigMaker$1.run(AutoConfigMaker.java:137)
	at org.eclipse.core.internal.jobs.Worker.run(Worker.java:55)

!ENTRY org.python.pydev.shared_core 4 4 2016-02-26 12:20:09.409
!MESSAGE Did not expect to find item below node: Assign[targets=[Name[id=interior, ctx=Store, reserved=false]], value=null] (module: apbs_tools.py).
!STACK 0
java.lang.RuntimeException: Did not expect to find item below node: Assign[targets=[Name[id=interior, ctx=Store, reserved=false]], value=null] (module: apbs_tools.py).
	at org.python.pydev.core.log.Log.log(Log.java:54)
	at org.python.pydev.parser.fastparser.FastDefinitionsParser.endScopesInStack(FastDefinitionsParser.java:589)
	at org.python.pydev.parser.fastparser.FastDefinitionsParser.handleNewLine(FastDefinitionsParser.java:380)
	at org.python.pydev.parser.fastparser.FastDefinitionsParser.extractBody(FastDefinitionsParser.java:249)
	at org.python.pydev.parser.fastparser.FastDefinitionsParser.parse(FastDefinitionsParser.java:676)
	at com.python.pydev.analysis.additionalinfo.AbstractAdditionalTokensInfo.addAstInfo(AbstractAdditionalTokensInfo.java:310)
	at com.python.pydev.analysis.additionalinfo.AbstractAdditionalInfoWithBuild.restoreInfoForModuleManager(AbstractAdditionalInfoWithBuild.java:258)
	at com.python.pydev.analysis.additionalinfo.AdditionalSystemInterpreterInfo.recreateAllInfo(AdditionalSystemInterpreterInfo.java:179)
	at com.python.pydev.analysis.additionalinfo.AdditionalSystemInterpreterInfo.getAdditionalSystemInfo(AdditionalSystemInterpreterInfo.java:155)
	at com.python.pydev.analysis.additionalinfo.AdditionalSystemInterpreterInfo.getAdditionalSystemInfo(AdditionalSystemInterpreterInfo.java:124)
	at com.python.pydev.analysis.additionalinfo.AdditionalSystemInterpreterInfo.recreateAllInfo(AdditionalSystemInterpreterInfo.java:171)
	at com.python.pydev.analysis.additionalinfo.builders.InterpreterObserver.notifyDefaultPythonpathRestored(InterpreterObserver.java:35)
	at org.python.pydev.ui.interpreters.AbstractInterpreterManager.restorePythopathForInterpreters(AbstractInterpreterManager.java:726)
	at org.python.pydev.ui.interpreters.AbstractInterpreterManager.setInfos(AbstractInterpreterManager.java:643)
	at org.python.pydev.ui.pythonpathconf.AutoConfigMaker$1.run(AutoConfigMaker.java:137)
	at org.eclipse.core.internal.jobs.Worker.run(Worker.java:55)

!ENTRY org.python.pydev.shared_core 4 4 2016-02-26 12:20:09.409
!MESSAGE Did not expect to find item below node: Assign[targets=[Name[id=index, ctx=Store, reserved=false]], value=null] (module: apbs_tools.py).
!STACK 0
java.lang.RuntimeException: Did not expect to find item below node: Assign[targets=[Name[id=index, ctx=Store, reserved=false]], value=null] (module: apbs_tools.py).
	at org.python.pydev.core.log.Log.log(Log.java:54)
	at org.python.pydev.parser.fastparser.FastDefinitionsParser.endScopesInStack(FastDefinitionsParser.java:589)
	at org.python.pydev.parser.fastparser.FastDefinitionsParser.handleNewLine(FastDefinitionsParser.java:380)
	at org.python.pydev.parser.fastparser.FastDefinitionsParser.extractBody(FastDefinitionsParser.java:249)
	at org.python.pydev.parser.fastparser.FastDefinitionsParser.parse(FastDefinitionsParser.java:676)
	at com.python.pydev.analysis.additionalinfo.AbstractAdditionalTokensInfo.addAstInfo(AbstractAdditionalTokensInfo.java:310)
	at com.python.pydev.analysis.additionalinfo.AbstractAdditionalInfoWithBuild.restoreInfoForModuleManager(AbstractAdditionalInfoWithBuild.java:258)
	at com.python.pydev.analysis.additionalinfo.AdditionalSystemInterpreterInfo.recreateAllInfo(AdditionalSystemInterpreterInfo.java:179)
	at com.python.pydev.analysis.additionalinfo.AdditionalSystemInterpreterInfo.getAdditionalSystemInfo(AdditionalSystemInterpreterInfo.java:155)
	at com.python.pydev.analysis.additionalinfo.AdditionalSystemInterpreterInfo.getAdditionalSystemInfo(AdditionalSystemInterpreterInfo.java:124)
	at com.python.pydev.analysis.additionalinfo.AdditionalSystemInterpreterInfo.recreateAllInfo(AdditionalSystemInterpreterInfo.java:171)
	at com.python.pydev.analysis.additionalinfo.builders.InterpreterObserver.notifyDefaultPythonpathRestored(InterpreterObserver.java:35)
	at org.python.pydev.ui.interpreters.AbstractInterpreterManager.restorePythopathForInterpreters(AbstractInterpreterManager.java:726)
	at org.python.pydev.ui.interpreters.AbstractInterpreterManager.setInfos(AbstractInterpreterManager.java:643)
	at org.python.pydev.ui.pythonpathconf.AutoConfigMaker$1.run(AutoConfigMaker.java:137)
	at org.eclipse.core.internal.jobs.Worker.run(Worker.java:55)

!ENTRY org.python.pydev.shared_core 4 4 2016-02-26 12:20:09.410
!MESSAGE Did not expect to find item below node: Assign[targets=[Name[id=value, ctx=Store, reserved=false]], value=null] (module: apbs_tools.py).
!STACK 0
java.lang.RuntimeException: Did not expect to find item below node: Assign[targets=[Name[id=value, ctx=Store, reserved=false]], value=null] (module: apbs_tools.py).
	at org.python.pydev.core.log.Log.log(Log.java:54)
	at org.python.pydev.parser.fastparser.FastDefinitionsParser.endScopesInStack(FastDefinitionsParser.java:589)
	at org.python.pydev.parser.fastparser.FastDefinitionsParser.handleNewLine(FastDefinitionsParser.java:380)
	at org.python.pydev.parser.fastparser.FastDefinitionsParser.extractBody(FastDefinitionsParser.java:249)
	at org.python.pydev.parser.fastparser.FastDefinitionsParser.parse(FastDefinitionsParser.java:676)
	at com.python.pydev.analysis.additionalinfo.AbstractAdditionalTokensInfo.addAstInfo(AbstractAdditionalTokensInfo.java:310)
	at com.python.pydev.analysis.additionalinfo.AbstractAdditionalInfoWithBuild.restoreInfoForModuleManager(AbstractAdditionalInfoWithBuild.java:258)
	at com.python.pydev.analysis.additionalinfo.AdditionalSystemInterpreterInfo.recreateAllInfo(AdditionalSystemInterpreterInfo.java:179)
	at com.python.pydev.analysis.additionalinfo.AdditionalSystemInterpreterInfo.getAdditionalSystemInfo(AdditionalSystemInterpreterInfo.java:155)
	at com.python.pydev.analysis.additionalinfo.AdditionalSystemInterpreterInfo.getAdditionalSystemInfo(AdditionalSystemInterpreterInfo.java:124)
	at com.python.pydev.analysis.additionalinfo.AdditionalSystemInterpreterInfo.recreateAllInfo(AdditionalSystemInterpreterInfo.java:171)
	at com.python.pydev.analysis.additionalinfo.builders.InterpreterObserver.notifyDefaultPythonpathRestored(InterpreterObserver.java:35)
	at org.python.pydev.ui.interpreters.AbstractInterpreterManager.restorePythopathForInterpreters(AbstractInterpreterManager.java:726)
	at org.python.pydev.ui.interpreters.AbstractInterpreterManager.setInfos(AbstractInterpreterManager.java:643)
	at org.python.pydev.ui.pythonpathconf.AutoConfigMaker$1.run(AutoConfigMaker.java:137)
	at org.eclipse.core.internal.jobs.Worker.run(Worker.java:55)

!ENTRY org.python.pydev.shared_core 4 4 2016-02-26 12:20:09.410
!MESSAGE Did not expect to find item below node: Assign[targets=[Name[id=files, ctx=Store, reserved=false]], value=null] (module: apbs_tools.py).
!STACK 0
java.lang.RuntimeException: Did not expect to find item below node: Assign[targets=[Name[id=files, ctx=Store, reserved=false]], value=null] (module: apbs_tools.py).
	at org.python.pydev.core.log.Log.log(Log.java:54)
	at org.python.pydev.parser.fastparser.FastDefinitionsParser.endScopesInStack(FastDefinitionsParser.java:589)
	at org.python.pydev.parser.fastparser.FastDefinitionsParser.handleNewLine(FastDefinitionsParser.java:380)
	at org.python.pydev.parser.fastparser.FastDefinitionsParser.extractBody(FastDefinitionsParser.java:249)
	at org.python.pydev.parser.fastparser.FastDefinitionsParser.parse(FastDefinitionsParser.java:676)
	at com.python.pydev.analysis.additionalinfo.AbstractAdditionalTokensInfo.addAstInfo(AbstractAdditionalTokensInfo.java:310)
	at com.python.pydev.analysis.additionalinfo.AbstractAdditionalInfoWithBuild.restoreInfoForModuleManager(AbstractAdditionalInfoWithBuild.java:258)
	at com.python.pydev.analysis.additionalinfo.AdditionalSystemInterpreterInfo.recreateAllInfo(AdditionalSystemInterpreterInfo.java:179)
	at com.python.pydev.analysis.additionalinfo.AdditionalSystemInterpreterInfo.getAdditionalSystemInfo(AdditionalSystemInterpreterInfo.java:155)
	at com.python.pydev.analysis.additionalinfo.AdditionalSystemInterpreterInfo.getAdditionalSystemInfo(AdditionalSystemInterpreterInfo.java:124)
	at com.python.pydev.analysis.additionalinfo.AdditionalSystemInterpreterInfo.recreateAllInfo(AdditionalSystemInterpreterInfo.java:171)
	at com.python.pydev.analysis.additionalinfo.builders.InterpreterObserver.notifyDefaultPythonpathRestored(InterpreterObserver.java:35)
	at org.python.pydev.ui.interpreters.AbstractInterpreterManager.restorePythopathForInterpreters(AbstractInterpreterManager.java:726)
	at org.python.pydev.ui.interpreters.AbstractInterpreterManager.setInfos(AbstractInterpreterManager.java:643)
	at org.python.pydev.ui.pythonpathconf.AutoConfigMaker$1.run(AutoConfigMaker.java:137)
	at org.eclipse.core.internal.jobs.Worker.run(Worker.java:55)

!ENTRY org.python.pydev.shared_core 4 4 2016-02-26 12:20:10.319
!MESSAGE Did not expect to find item below node: Assign[targets=[Attribute[value=Name[id=self, ctx=Load, reserved=false], attr=NameTok[id=dirname, ctx=Attrib], ctx=Load]], value=null] (module: __init__.py).
!STACK 0
java.lang.RuntimeException: Did not expect to find item below node: Assign[targets=[Attribute[value=Name[id=self, ctx=Load, reserved=false], attr=NameTok[id=dirname, ctx=Attrib], ctx=Load]], value=null] (module: __init__.py).
	at org.python.pydev.core.log.Log.log(Log.java:54)
	at org.python.pydev.parser.fastparser.FastDefinitionsParser.endScopesInStack(FastDefinitionsParser.java:589)
	at org.python.pydev.parser.fastparser.FastDefinitionsParser.handleNewLine(FastDefinitionsParser.java:380)
	at org.python.pydev.parser.fastparser.FastDefinitionsParser.extractBody(FastDefinitionsParser.java:249)
	at org.python.pydev.parser.fastparser.FastDefinitionsParser.parse(FastDefinitionsParser.java:676)
	at com.python.pydev.analysis.additionalinfo.AbstractAdditionalTokensInfo.addAstInfo(AbstractAdditionalTokensInfo.java:310)
	at com.python.pydev.analysis.additionalinfo.AbstractAdditionalInfoWithBuild.restoreInfoForModuleManager(AbstractAdditionalInfoWithBuild.java:258)
	at com.python.pydev.analysis.additionalinfo.AdditionalSystemInterpreterInfo.recreateAllInfo(AdditionalSystemInterpreterInfo.java:179)
	at com.python.pydev.analysis.additionalinfo.AdditionalSystemInterpreterInfo.getAdditionalSystemInfo(AdditionalSystemInterpreterInfo.java:155)
	at com.python.pydev.analysis.additionalinfo.AdditionalSystemInterpreterInfo.getAdditionalSystemInfo(AdditionalSystemInterpreterInfo.java:124)
	at com.python.pydev.analysis.additionalinfo.AdditionalSystemInterpreterInfo.recreateAllInfo(AdditionalSystemInterpreterInfo.java:171)
	at com.python.pydev.analysis.additionalinfo.builders.InterpreterObserver.notifyDefaultPythonpathRestored(InterpreterObserver.java:35)
	at org.python.pydev.ui.interpreters.AbstractInterpreterManager.restorePythopathForInterpreters(AbstractInterpreterManager.java:726)
	at org.python.pydev.ui.interpreters.AbstractInterpreterManager.setInfos(AbstractInterpreterManager.java:643)
	at org.python.pydev.ui.pythonpathconf.AutoConfigMaker$1.run(AutoConfigMaker.java:137)
	at org.eclipse.core.internal.jobs.Worker.run(Worker.java:55)

!ENTRY org.python.pydev.shared_core 4 4 2016-02-26 12:20:10.319
!MESSAGE Did not expect to find item below node: Assign[targets=[Name[id=d, ctx=Store, reserved=false]], value=null] (module: __init__.py).
!STACK 0
java.lang.RuntimeException: Did not expect to find item below node: Assign[targets=[Name[id=d, ctx=Store, reserved=false]], value=null] (module: __init__.py).
	at org.python.pydev.core.log.Log.log(Log.java:54)
	at org.python.pydev.parser.fastparser.FastDefinitionsParser.endScopesInStack(FastDefinitionsParser.java:589)
	at org.python.pydev.parser.fastparser.FastDefinitionsParser.handleNewLine(FastDefinitionsParser.java:380)
	at org.python.pydev.parser.fastparser.FastDefinitionsParser.extractBody(FastDefinitionsParser.java:249)
	at org.python.pydev.parser.fastparser.FastDefinitionsParser.parse(FastDefinitionsParser.java:676)
	at com.python.pydev.analysis.additionalinfo.AbstractAdditionalTokensInfo.addAstInfo(AbstractAdditionalTokensInfo.java:310)
	at com.python.pydev.analysis.additionalinfo.AbstractAdditionalInfoWithBuild.restoreInfoForModuleManager(AbstractAdditionalInfoWithBuild.java:258)
	at com.python.pydev.analysis.additionalinfo.AdditionalSystemInterpreterInfo.recreateAllInfo(AdditionalSystemInterpreterInfo.java:179)
	at com.python.pydev.analysis.additionalinfo.AdditionalSystemInterpreterInfo.getAdditionalSystemInfo(AdditionalSystemInterpreterInfo.java:155)
	at com.python.pydev.analysis.additionalinfo.AdditionalSystemInterpreterInfo.getAdditionalSystemInfo(AdditionalSystemInterpreterInfo.java:124)
	at com.python.pydev.analysis.additionalinfo.AdditionalSystemInterpreterInfo.recreateAllInfo(AdditionalSystemInterpreterInfo.java:171)
	at com.python.pydev.analysis.additionalinfo.builders.InterpreterObserver.notifyDefaultPythonpathRestored(InterpreterObserver.java:35)
	at org.python.pydev.ui.interpreters.AbstractInterpreterManager.restorePythopathForInterpreters(AbstractInterpreterManager.java:726)
	at org.python.pydev.ui.interpreters.AbstractInterpreterManager.setInfos(AbstractInterpreterManager.java:643)
	at org.python.pydev.ui.pythonpathconf.AutoConfigMaker$1.run(AutoConfigMaker.java:137)
	at org.eclipse.core.internal.jobs.Worker.run(Worker.java:55)

!ENTRY org.python.pydev.shared_core 4 4 2016-02-26 12:20:10.995
!MESSAGE Did not expect to find item below node: Assign[targets=[Name[id=tan_half_fov, ctx=Store, reserved=false]], value=null] (module: box.py).
!STACK 0
java.lang.RuntimeException: Did not expect to find item below node: Assign[targets=[Name[id=tan_half_fov, ctx=Store, reserved=false]], value=null] (module: box.py).
	at org.python.pydev.core.log.Log.log(Log.java:54)
	at org.python.pydev.parser.fastparser.FastDefinitionsParser.endScopesInStack(FastDefinitionsParser.java:589)
	at org.python.pydev.parser.fastparser.FastDefinitionsParser.handleNewLine(FastDefinitionsParser.java:380)
	at org.python.pydev.parser.fastparser.FastDefinitionsParser.extractBody(FastDefinitionsParser.java:249)
	at org.python.pydev.parser.fastparser.FastDefinitionsParser.parse(FastDefinitionsParser.java:676)
	at com.python.pydev.analysis.additionalinfo.AbstractAdditionalTokensInfo.addAstInfo(AbstractAdditionalTokensInfo.java:310)
	at com.python.pydev.analysis.additionalinfo.AbstractAdditionalInfoWithBuild.restoreInfoForModuleManager(AbstractAdditionalInfoWithBuild.java:258)
	at com.python.pydev.analysis.additionalinfo.AdditionalSystemInterpreterInfo.recreateAllInfo(AdditionalSystemInterpreterInfo.java:179)
	at com.python.pydev.analysis.additionalinfo.AdditionalSystemInterpreterInfo.getAdditionalSystemInfo(AdditionalSystemInterpreterInfo.java:155)
	at com.python.pydev.analysis.additionalinfo.AdditionalSystemInterpreterInfo.getAdditionalSystemInfo(AdditionalSystemInterpreterInfo.java:124)
	at com.python.pydev.analysis.additionalinfo.AdditionalSystemInterpreterInfo.recreateAllInfo(AdditionalSystemInterpreterInfo.java:171)
	at com.python.pydev.analysis.additionalinfo.builders.InterpreterObserver.notifyDefaultPythonpathRestored(InterpreterObserver.java:35)
	at org.python.pydev.ui.interpreters.AbstractInterpreterManager.restorePythopathForInterpreters(AbstractInterpreterManager.java:726)
	at org.python.pydev.ui.interpreters.AbstractInterpreterManager.setInfos(AbstractInterpreterManager.java:643)
	at org.python.pydev.ui.pythonpathconf.AutoConfigMaker$1.run(AutoConfigMaker.java:137)
	at org.eclipse.core.internal.jobs.Worker.run(Worker.java:55)

!ENTRY org.python.pydev.shared_core 4 4 2016-02-26 12:20:10.996
!MESSAGE Did not expect to find item below node: Assign[targets=[Name[id=d30, ctx=Store, reserved=false]], value=null] (module: box.py).
!STACK 0
java.lang.RuntimeException: Did not expect to find item below node: Assign[targets=[Name[id=d30, ctx=Store, reserved=false]], value=null] (module: box.py).
	at org.python.pydev.core.log.Log.log(Log.java:54)
	at org.python.pydev.parser.fastparser.FastDefinitionsParser.endScopesInStack(FastDefinitionsParser.java:589)
	at org.python.pydev.parser.fastparser.FastDefinitionsParser.handleNewLine(FastDefinitionsParser.java:380)
	at org.python.pydev.parser.fastparser.FastDefinitionsParser.extractBody(FastDefinitionsParser.java:249)
	at org.python.pydev.parser.fastparser.FastDefinitionsParser.parse(FastDefinitionsParser.java:676)
	at com.python.pydev.analysis.additionalinfo.AbstractAdditionalTokensInfo.addAstInfo(AbstractAdditionalTokensInfo.java:310)
	at com.python.pydev.analysis.additionalinfo.AbstractAdditionalInfoWithBuild.restoreInfoForModuleManager(AbstractAdditionalInfoWithBuild.java:258)
	at com.python.pydev.analysis.additionalinfo.AdditionalSystemInterpreterInfo.recreateAllInfo(AdditionalSystemInterpreterInfo.java:179)
	at com.python.pydev.analysis.additionalinfo.AdditionalSystemInterpreterInfo.getAdditionalSystemInfo(AdditionalSystemInterpreterInfo.java:155)
	at com.python.pydev.analysis.additionalinfo.AdditionalSystemInterpreterInfo.getAdditionalSystemInfo(AdditionalSystemInterpreterInfo.java:124)
	at com.python.pydev.analysis.additionalinfo.AdditionalSystemInterpreterInfo.recreateAllInfo(AdditionalSystemInterpreterInfo.java:171)
	at com.python.pydev.analysis.additionalinfo.builders.InterpreterObserver.notifyDefaultPythonpathRestored(InterpreterObserver.java:35)
	at org.python.pydev.ui.interpreters.AbstractInterpreterManager.restorePythopathForInterpreters(AbstractInterpreterManager.java:726)
	at org.python.pydev.ui.interpreters.AbstractInterpreterManager.setInfos(AbstractInterpreterManager.java:643)
	at org.python.pydev.ui.pythonpathconf.AutoConfigMaker$1.run(AutoConfigMaker.java:137)
	at org.eclipse.core.internal.jobs.Worker.run(Worker.java:55)

!ENTRY org.python.pydev.shared_core 4 4 2016-02-26 12:20:10.996
!MESSAGE Did not expect to find item below node: Assign[targets=[Name[id=d001, ctx=Store, reserved=false]], value=null] (module: box.py).
!STACK 0
java.lang.RuntimeException: Did not expect to find item below node: Assign[targets=[Name[id=d001, ctx=Store, reserved=false]], value=null] (module: box.py).
	at org.python.pydev.core.log.Log.log(Log.java:54)
	at org.python.pydev.parser.fastparser.FastDefinitionsParser.endScopesInStack(FastDefinitionsParser.java:589)
	at org.python.pydev.parser.fastparser.FastDefinitionsParser.handleNewLine(FastDefinitionsParser.java:380)
	at org.python.pydev.parser.fastparser.FastDefinitionsParser.extractBody(FastDefinitionsParser.java:249)
	at org.python.pydev.parser.fastparser.FastDefinitionsParser.parse(FastDefinitionsParser.java:676)
	at com.python.pydev.analysis.additionalinfo.AbstractAdditionalTokensInfo.addAstInfo(AbstractAdditionalTokensInfo.java:310)
	at com.python.pydev.analysis.additionalinfo.AbstractAdditionalInfoWithBuild.restoreInfoForModuleManager(AbstractAdditionalInfoWithBuild.java:258)
	at com.python.pydev.analysis.additionalinfo.AdditionalSystemInterpreterInfo.recreateAllInfo(AdditionalSystemInterpreterInfo.java:179)
	at com.python.pydev.analysis.additionalinfo.AdditionalSystemInterpreterInfo.getAdditionalSystemInfo(AdditionalSystemInterpreterInfo.java:155)
	at com.python.pydev.analysis.additionalinfo.AdditionalSystemInterpreterInfo.getAdditionalSystemInfo(AdditionalSystemInterpreterInfo.java:124)
	at com.python.pydev.analysis.additionalinfo.AdditionalSystemInterpreterInfo.recreateAllInfo(AdditionalSystemInterpreterInfo.java:171)
	at com.python.pydev.analysis.additionalinfo.builders.InterpreterObserver.notifyDefaultPythonpathRestored(InterpreterObserver.java:35)
	at org.python.pydev.ui.interpreters.AbstractInterpreterManager.restorePythopathForInterpreters(AbstractInterpreterManager.java:726)
	at org.python.pydev.ui.interpreters.AbstractInterpreterManager.setInfos(AbstractInterpreterManager.java:643)
	at org.python.pydev.ui.pythonpathconf.AutoConfigMaker$1.run(AutoConfigMaker.java:137)
	at org.eclipse.core.internal.jobs.Worker.run(Worker.java:55)

!ENTRY org.python.pydev.shared_core 4 4 2016-02-26 12:20:10.996
!MESSAGE Did not expect to find item below node: Assign[targets=[Name[id=p111, ctx=Store, reserved=false]], value=null] (module: box.py).
!STACK 0
java.lang.RuntimeException: Did not expect to find item below node: Assign[targets=[Name[id=p111, ctx=Store, reserved=false]], value=null] (module: box.py).
	at org.python.pydev.core.log.Log.log(Log.java:54)
	at org.python.pydev.parser.fastparser.FastDefinitionsParser.endScopesInStack(FastDefinitionsParser.java:589)
	at org.python.pydev.parser.fastparser.FastDefinitionsParser.handleNewLine(FastDefinitionsParser.java:380)
	at org.python.pydev.parser.fastparser.FastDefinitionsParser.extractBody(FastDefinitionsParser.java:249)
	at org.python.pydev.parser.fastparser.FastDefinitionsParser.parse(FastDefinitionsParser.java:676)
	at com.python.pydev.analysis.additionalinfo.AbstractAdditionalTokensInfo.addAstInfo(AbstractAdditionalTokensInfo.java:310)
	at com.python.pydev.analysis.additionalinfo.AbstractAdditionalInfoWithBuild.restoreInfoForModuleManager(AbstractAdditionalInfoWithBuild.java:258)
	at com.python.pydev.analysis.additionalinfo.AdditionalSystemInterpreterInfo.recreateAllInfo(AdditionalSystemInterpreterInfo.java:179)
	at com.python.pydev.analysis.additionalinfo.AdditionalSystemInterpreterInfo.getAdditionalSystemInfo(AdditionalSystemInterpreterInfo.java:155)
	at com.python.pydev.analysis.additionalinfo.AdditionalSystemInterpreterInfo.getAdditionalSystemInfo(AdditionalSystemInterpreterInfo.java:124)
	at com.python.pydev.analysis.additionalinfo.AdditionalSystemInterpreterInfo.recreateAllInfo(AdditionalSystemInterpreterInfo.java:171)
	at com.python.pydev.analysis.additionalinfo.builders.InterpreterObserver.notifyDefaultPythonpathRestored(InterpreterObserver.java:35)
	at org.python.pydev.ui.interpreters.AbstractInterpreterManager.restorePythopathForInterpreters(AbstractInterpreterManager.java:726)
	at org.python.pydev.ui.interpreters.AbstractInterpreterManager.setInfos(AbstractInterpreterManager.java:643)
	at org.python.pydev.ui.pythonpathconf.AutoConfigMaker$1.run(AutoConfigMaker.java:137)
	at org.eclipse.core.internal.jobs.Worker.run(Worker.java:55)

!ENTRY org.python.pydev.shared_core 4 4 2016-02-26 12:20:11.170
!MESSAGE Did not expect to find item below node: Assign[targets=[Name[id=demo, ctx=Store, reserved=false]], value=null] (module: stereodemo.py).
!STACK 0
java.lang.RuntimeException: Did not expect to find item below node: Assign[targets=[Name[id=demo, ctx=Store, reserved=false]], value=null] (module: stereodemo.py).
	at org.python.pydev.core.log.Log.log(Log.java:54)
	at org.python.pydev.parser.fastparser.FastDefinitionsParser.endScopesInStack(FastDefinitionsParser.java:589)
	at org.python.pydev.parser.fastparser.FastDefinitionsParser.handleNewLine(FastDefinitionsParser.java:380)
	at org.python.pydev.parser.fastparser.FastDefinitionsParser.extractBody(FastDefinitionsParser.java:249)
	at org.python.pydev.parser.fastparser.FastDefinitionsParser.parse(FastDefinitionsParser.java:676)
	at com.python.pydev.analysis.additionalinfo.AbstractAdditionalTokensInfo.addAstInfo(AbstractAdditionalTokensInfo.java:310)
	at com.python.pydev.analysis.additionalinfo.AbstractAdditionalInfoWithBuild.restoreInfoForModuleManager(AbstractAdditionalInfoWithBuild.java:258)
	at com.python.pydev.analysis.additionalinfo.AdditionalSystemInterpreterInfo.recreateAllInfo(AdditionalSystemInterpreterInfo.java:179)
	at com.python.pydev.analysis.additionalinfo.AdditionalSystemInterpreterInfo.getAdditionalSystemInfo(AdditionalSystemInterpreterInfo.java:155)
	at com.python.pydev.analysis.additionalinfo.AdditionalSystemInterpreterInfo.getAdditionalSystemInfo(AdditionalSystemInterpreterInfo.java:124)
	at com.python.pydev.analysis.additionalinfo.AdditionalSystemInterpreterInfo.recreateAllInfo(AdditionalSystemInterpreterInfo.java:171)
	at com.python.pydev.analysis.additionalinfo.builders.InterpreterObserver.notifyDefaultPythonpathRestored(InterpreterObserver.java:35)
	at org.python.pydev.ui.interpreters.AbstractInterpreterManager.restorePythopathForInterpreters(AbstractInterpreterManager.java:726)
	at org.python.pydev.ui.interpreters.AbstractInterpreterManager.setInfos(AbstractInterpreterManager.java:643)
	at org.python.pydev.ui.pythonpathconf.AutoConfigMaker$1.run(AutoConfigMaker.java:137)
	at org.eclipse.core.internal.jobs.Worker.run(Worker.java:55)

!ENTRY org.python.pydev.shared_core 4 4 2016-02-26 12:20:12.342
!MESSAGE Did not expect to find item below node: Assign[targets=[Name[id=this, ctx=Store, reserved=false]], value=null] (module: solv.py).
!STACK 0
java.lang.RuntimeException: Did not expect to find item below node: Assign[targets=[Name[id=this, ctx=Store, reserved=false]], value=null] (module: solv.py).
	at org.python.pydev.core.log.Log.log(Log.java:54)
	at org.python.pydev.parser.fastparser.FastDefinitionsParser.endScopesInStack(FastDefinitionsParser.java:589)
	at org.python.pydev.parser.fastparser.FastDefinitionsParser.handleNewLine(FastDefinitionsParser.java:380)
	at org.python.pydev.parser.fastparser.FastDefinitionsParser.extractBody(FastDefinitionsParser.java:249)
	at org.python.pydev.parser.fastparser.FastDefinitionsParser.parse(FastDefinitionsParser.java:676)
	at com.python.pydev.analysis.additionalinfo.AbstractAdditionalTokensInfo.addAstInfo(AbstractAdditionalTokensInfo.java:310)
	at com.python.pydev.analysis.additionalinfo.AbstractAdditionalInfoWithBuild.restoreInfoForModuleManager(AbstractAdditionalInfoWithBuild.java:258)
	at com.python.pydev.analysis.additionalinfo.AdditionalSystemInterpreterInfo.recreateAllInfo(AdditionalSystemInterpreterInfo.java:179)
	at com.python.pydev.analysis.additionalinfo.AdditionalSystemInterpreterInfo.getAdditionalSystemInfo(AdditionalSystemInterpreterInfo.java:155)
	at com.python.pydev.analysis.additionalinfo.AdditionalSystemInterpreterInfo.getAdditionalSystemInfo(AdditionalSystemInterpreterInfo.java:124)
	at com.python.pydev.analysis.additionalinfo.AdditionalSystemInterpreterInfo.recreateAllInfo(AdditionalSystemInterpreterInfo.java:171)
	at com.python.pydev.analysis.additionalinfo.builders.InterpreterObserver.notifyDefaultPythonpathRestored(InterpreterObserver.java:35)
	at org.python.pydev.ui.interpreters.AbstractInterpreterManager.restorePythopathForInterpreters(AbstractInterpreterManager.java:726)
	at org.python.pydev.ui.interpreters.AbstractInterpreterManager.setInfos(AbstractInterpreterManager.java:643)
	at org.python.pydev.ui.pythonpathconf.AutoConfigMaker$1.run(AutoConfigMaker.java:137)
	at org.eclipse.core.internal.jobs.Worker.run(Worker.java:55)

!ENTRY org.python.pydev.shared_core 4 4 2016-02-26 12:20:12.737
!MESSAGE The encoding found: >>string-escape<< on /usr/lib64/python2.7/test/bad_coding3.py is not a valid encoding.
!STACK 0
java.io.UnsupportedEncodingException: The encoding found: >>string-escape<< on /usr/lib64/python2.7/test/bad_coding3.py is not a valid encoding.
	at org.python.pydev.shared_core.io.FileUtils.getValidEncoding(FileUtils.java:728)
	at org.python.pydev.shared_core.io.FileUtils.getPythonFileEncoding(FileUtils.java:689)
	at org.python.pydev.shared_core.io.FileUtils.getPythonFileEncoding(FileUtils.java:759)
	at org.python.pydev.core.FileUtilsFileBuffer.getCustomReturnFromFile(FileUtilsFileBuffer.java:155)
	at com.python.pydev.analysis.additionalinfo.AbstractAdditionalTokensInfo.addAstInfo(AbstractAdditionalTokensInfo.java:281)
	at com.python.pydev.analysis.additionalinfo.AbstractAdditionalInfoWithBuild.restoreInfoForModuleManager(AbstractAdditionalInfoWithBuild.java:258)
	at com.python.pydev.analysis.additionalinfo.AdditionalSystemInterpreterInfo.recreateAllInfo(AdditionalSystemInterpreterInfo.java:179)
	at com.python.pydev.analysis.additionalinfo.AdditionalSystemInterpreterInfo.getAdditionalSystemInfo(AdditionalSystemInterpreterInfo.java:155)
	at com.python.pydev.analysis.additionalinfo.AdditionalSystemInterpreterInfo.getAdditionalSystemInfo(AdditionalSystemInterpreterInfo.java:124)
	at com.python.pydev.analysis.additionalinfo.AdditionalSystemInterpreterInfo.recreateAllInfo(AdditionalSystemInterpreterInfo.java:171)
	at com.python.pydev.analysis.additionalinfo.builders.InterpreterObserver.notifyDefaultPythonpathRestored(InterpreterObserver.java:35)
	at org.python.pydev.ui.interpreters.AbstractInterpreterManager.restorePythopathForInterpreters(AbstractInterpreterManager.java:726)
	at org.python.pydev.ui.interpreters.AbstractInterpreterManager.setInfos(AbstractInterpreterManager.java:643)
	at org.python.pydev.ui.pythonpathconf.AutoConfigMaker$1.run(AutoConfigMaker.java:137)
	at org.eclipse.core.internal.jobs.Worker.run(Worker.java:55)

!ENTRY org.python.pydev.shared_core 4 4 2016-02-26 12:20:15.061
!MESSAGE Did not expect to find item below node: Assign[targets=[Attribute[value=Name[id=self, ctx=Load, reserved=false], attr=NameTok[id=clientRegistered, ctx=Attrib], ctx=Load]], value=null] (module: test_basesupport.py).
!STACK 0
java.lang.RuntimeException: Did not expect to find item below node: Assign[targets=[Attribute[value=Name[id=self, ctx=Load, reserved=false], attr=NameTok[id=clientRegistered, ctx=Attrib], ctx=Load]], value=null] (module: test_basesupport.py).
	at org.python.pydev.core.log.Log.log(Log.java:54)
	at org.python.pydev.parser.fastparser.FastDefinitionsParser.endScopesInStack(FastDefinitionsParser.java:589)
	at org.python.pydev.parser.fastparser.FastDefinitionsParser.extractBody(FastDefinitionsParser.java:330)
	at org.python.pydev.parser.fastparser.FastDefinitionsParser.parse(FastDefinitionsParser.java:676)
	at com.python.pydev.analysis.additionalinfo.AbstractAdditionalTokensInfo.addAstInfo(AbstractAdditionalTokensInfo.java:310)
	at com.python.pydev.analysis.additionalinfo.AbstractAdditionalInfoWithBuild.restoreInfoForModuleManager(AbstractAdditionalInfoWithBuild.java:258)
	at com.python.pydev.analysis.additionalinfo.AdditionalSystemInterpreterInfo.recreateAllInfo(AdditionalSystemInterpreterInfo.java:179)
	at com.python.pydev.analysis.additionalinfo.AdditionalSystemInterpreterInfo.getAdditionalSystemInfo(AdditionalSystemInterpreterInfo.java:155)
	at com.python.pydev.analysis.additionalinfo.AdditionalSystemInterpreterInfo.getAdditionalSystemInfo(AdditionalSystemInterpreterInfo.java:124)
	at com.python.pydev.analysis.additionalinfo.AdditionalSystemInterpreterInfo.recreateAllInfo(AdditionalSystemInterpreterInfo.java:171)
	at com.python.pydev.analysis.additionalinfo.builders.InterpreterObserver.notifyDefaultPythonpathRestored(InterpreterObserver.java:35)
	at org.python.pydev.ui.interpreters.AbstractInterpreterManager.restorePythopathForInterpreters(AbstractInterpreterManager.java:726)
	at org.python.pydev.ui.interpreters.AbstractInterpreterManager.setInfos(AbstractInterpreterManager.java:643)
	at org.python.pydev.ui.pythonpathconf.AutoConfigMaker$1.run(AutoConfigMaker.java:137)
	at org.eclipse.core.internal.jobs.Worker.run(Worker.java:55)

!ENTRY org.python.pydev.shared_core 4 4 2016-02-26 12:20:16.969
!MESSAGE Did not expect to find item below node: Assign[targets=[Name[id=cnt, ctx=Store, reserved=false]], value=null] (module: calendar.py).
!STACK 0
java.lang.RuntimeException: Did not expect to find item below node: Assign[targets=[Name[id=cnt, ctx=Store, reserved=false]], value=null] (module: calendar.py).
	at org.python.pydev.core.log.Log.log(Log.java:54)
	at org.python.pydev.parser.fastparser.FastDefinitionsParser.endScopesInStack(FastDefinitionsParser.java:589)
	at org.python.pydev.parser.fastparser.FastDefinitionsParser.handleNewLine(FastDefinitionsParser.java:380)
	at org.python.pydev.parser.fastparser.FastDefinitionsParser.extractBody(FastDefinitionsParser.java:249)
	at org.python.pydev.parser.fastparser.FastDefinitionsParser.parse(FastDefinitionsParser.java:676)
	at com.python.pydev.analysis.additionalinfo.AbstractAdditionalTokensInfo.addAstInfo(AbstractAdditionalTokensInfo.java:310)
	at com.python.pydev.analysis.additionalinfo.AbstractAdditionalInfoWithBuild.restoreInfoForModuleManager(AbstractAdditionalInfoWithBuild.java:258)
	at com.python.pydev.analysis.additionalinfo.AdditionalSystemInterpreterInfo.recreateAllInfo(AdditionalSystemInterpreterInfo.java:179)
	at com.python.pydev.analysis.additionalinfo.AdditionalSystemInterpreterInfo.getAdditionalSystemInfo(AdditionalSystemInterpreterInfo.java:155)
	at com.python.pydev.analysis.additionalinfo.AdditionalSystemInterpreterInfo.getAdditionalSystemInfo(AdditionalSystemInterpreterInfo.java:124)
	at com.python.pydev.analysis.additionalinfo.AdditionalSystemInterpreterInfo.recreateAllInfo(AdditionalSystemInterpreterInfo.java:171)
	at com.python.pydev.analysis.additionalinfo.builders.InterpreterObserver.notifyDefaultPythonpathRestored(InterpreterObserver.java:35)
	at org.python.pydev.ui.interpreters.AbstractInterpreterManager.restorePythopathForInterpreters(AbstractInterpreterManager.java:726)
	at org.python.pydev.ui.interpreters.AbstractInterpreterManager.setInfos(AbstractInterpreterManager.java:643)
	at org.python.pydev.ui.pythonpathconf.AutoConfigMaker$1.run(AutoConfigMaker.java:137)
	at org.eclipse.core.internal.jobs.Worker.run(Worker.java:55)

!ENTRY org.python.pydev.shared_core 4 4 2016-02-26 12:20:16.970
!MESSAGE Did not expect to find item below node: Assign[targets=[Name[id=f, ctx=Store, reserved=false]], value=null] (module: calendar.py).
!STACK 0
java.lang.RuntimeException: Did not expect to find item below node: Assign[targets=[Name[id=f, ctx=Store, reserved=false]], value=null] (module: calendar.py).
	at org.python.pydev.core.log.Log.log(Log.java:54)
	at org.python.pydev.parser.fastparser.FastDefinitionsParser.endScopesInStack(FastDefinitionsParser.java:589)
	at org.python.pydev.parser.fastparser.FastDefinitionsParser.handleNewLine(FastDefinitionsParser.java:380)
	at org.python.pydev.parser.fastparser.FastDefinitionsParser.extractBody(FastDefinitionsParser.java:249)
	at org.python.pydev.parser.fastparser.FastDefinitionsParser.parse(FastDefinitionsParser.java:676)
	at com.python.pydev.analysis.additionalinfo.AbstractAdditionalTokensInfo.addAstInfo(AbstractAdditionalTokensInfo.java:310)
	at com.python.pydev.analysis.additionalinfo.AbstractAdditionalInfoWithBuild.restoreInfoForModuleManager(AbstractAdditionalInfoWithBuild.java:258)
	at com.python.pydev.analysis.additionalinfo.AdditionalSystemInterpreterInfo.recreateAllInfo(AdditionalSystemInterpreterInfo.java:179)
	at com.python.pydev.analysis.additionalinfo.AdditionalSystemInterpreterInfo.getAdditionalSystemInfo(AdditionalSystemInterpreterInfo.java:155)
	at com.python.pydev.analysis.additionalinfo.AdditionalSystemInterpreterInfo.getAdditionalSystemInfo(AdditionalSystemInterpreterInfo.java:124)
	at com.python.pydev.analysis.additionalinfo.AdditionalSystemInterpreterInfo.recreateAllInfo(AdditionalSystemInterpreterInfo.java:171)
	at com.python.pydev.analysis.additionalinfo.builders.InterpreterObserver.notifyDefaultPythonpathRestored(InterpreterObserver.java:35)
	at org.python.pydev.ui.interpreters.AbstractInterpreterManager.restorePythopathForInterpreters(AbstractInterpreterManager.java:726)
	at org.python.pydev.ui.interpreters.AbstractInterpreterManager.setInfos(AbstractInterpreterManager.java:643)
	at org.python.pydev.ui.pythonpathconf.AutoConfigMaker$1.run(AutoConfigMaker.java:137)
	at org.eclipse.core.internal.jobs.Worker.run(Worker.java:55)

!ENTRY org.python.pydev.shared_core 4 4 2016-02-26 12:20:16.970
!MESSAGE Did not expect to find item below node: Assign[targets=[Name[id=borderW, ctx=Store, reserved=false]], value=null] (module: calendar.py).
!STACK 0
java.lang.RuntimeException: Did not expect to find item below node: Assign[targets=[Name[id=borderW, ctx=Store, reserved=false]], value=null] (module: calendar.py).
	at org.python.pydev.core.log.Log.log(Log.java:54)
	at org.python.pydev.parser.fastparser.FastDefinitionsParser.endScopesInStack(FastDefinitionsParser.java:589)
	at org.python.pydev.parser.fastparser.FastDefinitionsParser.handleNewLine(FastDefinitionsParser.java:380)
	at org.python.pydev.parser.fastparser.FastDefinitionsParser.extractBody(FastDefinitionsParser.java:249)
	at org.python.pydev.parser.fastparser.FastDefinitionsParser.parse(FastDefinitionsParser.java:676)
	at com.python.pydev.analysis.additionalinfo.AbstractAdditionalTokensInfo.addAstInfo(AbstractAdditionalTokensInfo.java:310)
	at com.python.pydev.analysis.additionalinfo.AbstractAdditionalInfoWithBuild.restoreInfoForModuleManager(AbstractAdditionalInfoWithBuild.java:258)
	at com.python.pydev.analysis.additionalinfo.AdditionalSystemInterpreterInfo.recreateAllInfo(AdditionalSystemInterpreterInfo.java:179)
	at com.python.pydev.analysis.additionalinfo.AdditionalSystemInterpreterInfo.getAdditionalSystemInfo(AdditionalSystemInterpreterInfo.java:155)
	at com.python.pydev.analysis.additionalinfo.AdditionalSystemInterpreterInfo.getAdditionalSystemInfo(AdditionalSystemInterpreterInfo.java:124)
	at com.python.pydev.analysis.additionalinfo.AdditionalSystemInterpreterInfo.recreateAllInfo(AdditionalSystemInterpreterInfo.java:171)
	at com.python.pydev.analysis.additionalinfo.builders.InterpreterObserver.notifyDefaultPythonpathRestored(InterpreterObserver.java:35)
	at org.python.pydev.ui.interpreters.AbstractInterpreterManager.restorePythopathForInterpreters(AbstractInterpreterManager.java:726)
	at org.python.pydev.ui.interpreters.AbstractInterpreterManager.setInfos(AbstractInterpreterManager.java:643)
	at org.python.pydev.ui.pythonpathconf.AutoConfigMaker$1.run(AutoConfigMaker.java:137)
	at org.eclipse.core.internal.jobs.Worker.run(Worker.java:55)

!ENTRY org.python.pydev.shared_core 4 4 2016-02-26 12:20:16.970
!MESSAGE Did not expect to find item below node: Assign[targets=[Attribute[value=Name[id=self, ctx=Load, reserved=false], attr=NameTok[id=pwidth, ctx=Attrib], ctx=Load]], value=null] (module: calendar.py).
!STACK 0
java.lang.RuntimeException: Did not expect to find item below node: Assign[targets=[Attribute[value=Name[id=self, ctx=Load, reserved=false], attr=NameTok[id=pwidth, ctx=Attrib], ctx=Load]], value=null] (module: calendar.py).
	at org.python.pydev.core.log.Log.log(Log.java:54)
	at org.python.pydev.parser.fastparser.FastDefinitionsParser.endScopesInStack(FastDefinitionsParser.java:589)
	at org.python.pydev.parser.fastparser.FastDefinitionsParser.handleNewLine(FastDefinitionsParser.java:380)
	at org.python.pydev.parser.fastparser.FastDefinitionsParser.extractBody(FastDefinitionsParser.java:249)
	at org.python.pydev.parser.fastparser.FastDefinitionsParser.parse(FastDefinitionsParser.java:676)
	at com.python.pydev.analysis.additionalinfo.AbstractAdditionalTokensInfo.addAstInfo(AbstractAdditionalTokensInfo.java:310)
	at com.python.pydev.analysis.additionalinfo.AbstractAdditionalInfoWithBuild.restoreInfoForModuleManager(AbstractAdditionalInfoWithBuild.java:258)
	at com.python.pydev.analysis.additionalinfo.AdditionalSystemInterpreterInfo.recreateAllInfo(AdditionalSystemInterpreterInfo.java:179)
	at com.python.pydev.analysis.additionalinfo.AdditionalSystemInterpreterInfo.getAdditionalSystemInfo(AdditionalSystemInterpreterInfo.java:155)
	at com.python.pydev.analysis.additionalinfo.AdditionalSystemInterpreterInfo.getAdditionalSystemInfo(AdditionalSystemInterpreterInfo.java:124)
	at com.python.pydev.analysis.additionalinfo.AdditionalSystemInterpreterInfo.recreateAllInfo(AdditionalSystemInterpreterInfo.java:171)
	at com.python.pydev.analysis.additionalinfo.builders.InterpreterObserver.notifyDefaultPythonpathRestored(InterpreterObserver.java:35)
	at org.python.pydev.ui.interpreters.AbstractInterpreterManager.restorePythopathForInterpreters(AbstractInterpreterManager.java:726)
	at org.python.pydev.ui.interpreters.AbstractInterpreterManager.setInfos(AbstractInterpreterManager.java:643)
	at org.python.pydev.ui.pythonpathconf.AutoConfigMaker$1.run(AutoConfigMaker.java:137)
	at org.eclipse.core.internal.jobs.Worker.run(Worker.java:55)

!ENTRY org.python.pydev.shared_core 4 4 2016-02-26 12:20:17.189
!MESSAGE Did not expect to find item below node: Assign[targets=[Name[id=v, ctx=Store, reserved=false]], value=null] (module: vec2d.py).
!STACK 0
java.lang.RuntimeException: Did not expect to find item below node: Assign[targets=[Name[id=v, ctx=Store, reserved=false]], value=null] (module: vec2d.py).
	at org.python.pydev.core.log.Log.log(Log.java:54)
	at org.python.pydev.parser.fastparser.FastDefinitionsParser.endScopesInStack(FastDefinitionsParser.java:589)
	at org.python.pydev.parser.fastparser.FastDefinitionsParser.handleNewLine(FastDefinitionsParser.java:380)
	at org.python.pydev.parser.fastparser.FastDefinitionsParser.extractBody(FastDefinitionsParser.java:249)
	at org.python.pydev.parser.fastparser.FastDefinitionsParser.parse(FastDefinitionsParser.java:676)
	at com.python.pydev.analysis.additionalinfo.AbstractAdditionalTokensInfo.addAstInfo(AbstractAdditionalTokensInfo.java:310)
	at com.python.pydev.analysis.additionalinfo.AbstractAdditionalInfoWithBuild.restoreInfoForModuleManager(AbstractAdditionalInfoWithBuild.java:258)
	at com.python.pydev.analysis.additionalinfo.AdditionalSystemInterpreterInfo.recreateAllInfo(AdditionalSystemInterpreterInfo.java:179)
	at com.python.pydev.analysis.additionalinfo.AdditionalSystemInterpreterInfo.getAdditionalSystemInfo(AdditionalSystemInterpreterInfo.java:155)
	at com.python.pydev.analysis.additionalinfo.AdditionalSystemInterpreterInfo.getAdditionalSystemInfo(AdditionalSystemInterpreterInfo.java:124)
	at com.python.pydev.analysis.additionalinfo.AdditionalSystemInterpreterInfo.recreateAllInfo(AdditionalSystemInterpreterInfo.java:171)
	at com.python.pydev.analysis.additionalinfo.builders.InterpreterObserver.notifyDefaultPythonpathRestored(InterpreterObserver.java:35)
	at org.python.pydev.ui.interpreters.AbstractInterpreterManager.restorePythopathForInterpreters(AbstractInterpreterManager.java:726)
	at org.python.pydev.ui.interpreters.AbstractInterpreterManager.setInfos(AbstractInterpreterManager.java:643)
	at org.python.pydev.ui.pythonpathconf.AutoConfigMaker$1.run(AutoConfigMaker.java:137)
	at org.eclipse.core.internal.jobs.Worker.run(Worker.java:55)

!ENTRY org.python.pydev.shared_core 4 4 2016-02-26 12:20:27.440
!MESSAGE Info: Rebuilding internal caches: /home/dbarrada/Dropbox/Docking/3D_numpy_array_cardinalities/.metadata/.plugins/org.eclipse.core.resources/.projects/3d_plot_for_cardinalities/com.python.pydev.analysis/AdditionalProjectInterpreterInfo.pydevinfo (Expected error to be provided and got no error!)

!ENTRY org.python.pydev.shared_core 4 4 2016-02-26 12:25:01.100
!MESSAGE No message gotten (null message).
!STACK 0
org.eclipse.jface.text.BadLocationException
	at org.eclipse.jface.text.TreeLineTracker.fail(TreeLineTracker.java:1055)
	at org.eclipse.jface.text.TreeLineTracker.getLineInformation(TreeLineTracker.java:1182)
	at org.eclipse.jface.text.AbstractLineTracker.getLineInformation(AbstractLineTracker.java:137)
	at org.eclipse.jface.text.AbstractDocument.getLineInformation(AbstractDocument.java:929)
	at org.eclipse.core.internal.filebuffers.SynchronizableDocument.getLineInformation(SynchronizableDocument.java:337)
	at org.python.pydev.shared_core.string.TextSelectionUtils.getStartLine(TextSelectionUtils.java:164)
	at org.python.pydev.editor.refactoring.RefactoringRequest.getBeginCol(RefactoringRequest.java:201)
	at org.python.pydev.editor.refactoring.PyRefactoringFindDefinition.findActualDefinition(PyRefactoringFindDefinition.java:78)
	at com.python.pydev.refactoring.refactorer.RefactorerFindDefinition.findDefinition(RefactorerFindDefinition.java:63)
	at com.python.pydev.refactoring.refactorer.Refactorer.findDefinition(Refactorer.java:116)
	at com.python.pydev.refactoring.wizards.rename.PyReferenceSearcher.prepareSearch(PyReferenceSearcher.java:110)
	at com.python.pydev.refactoring.markoccurrences.MarkOccurrencesJob.createRequest(MarkOccurrencesJob.java:147)
	at org.python.pydev.shared_ui.mark_occurrences.BaseMarkOccurrencesJob.run(BaseMarkOccurrencesJob.java:168)
	at org.eclipse.core.internal.jobs.Worker.run(Worker.java:55)

!ENTRY org.python.pydev.shared_core 4 4 2016-02-26 12:29:06.751
!MESSAGE Unable to get project for the run
!STACK 1
org.eclipse.core.runtime.CoreException: Unable to get project for the run
	at org.python.pydev.debug.ui.launching.PythonRunnerConfig.getProjectFromConfiguration(PythonRunnerConfig.java:335)
	at org.python.pydev.debug.ui.launching.PythonRunnerConfig.getPythonpathFromConfiguration(PythonRunnerConfig.java:359)
	at org.python.pydev.debug.ui.blocks.PythonPathBlock.initializeFrom(PythonPathBlock.java:94)
	at org.python.pydev.debug.ui.MainModuleTab.initializeFrom(MainModuleTab.java:87)
	at org.eclipse.debug.ui.AbstractLaunchConfigurationTabGroup.initializeFrom(AbstractLaunchConfigurationTabGroup.java:90)
	at org.eclipse.debug.internal.ui.launchConfigurations.LaunchConfigurationTabGroupWrapper.initializeFrom(LaunchConfigurationTabGroupWrapper.java:201)
	at org.eclipse.debug.internal.ui.launchConfigurations.LaunchConfigurationTabGroupViewer.displayInstanceTabs(LaunchConfigurationTabGroupViewer.java:766)
	at org.eclipse.debug.internal.ui.launchConfigurations.LaunchConfigurationTabGroupViewer$8.run(LaunchConfigurationTabGroupViewer.java:637)
	at org.eclipse.swt.custom.BusyIndicator.showWhile(BusyIndicator.java:70)
	at org.eclipse.debug.internal.ui.launchConfigurations.LaunchConfigurationTabGroupViewer.inputChanged(LaunchConfigurationTabGroupViewer.java:654)
	at org.eclipse.debug.internal.ui.launchConfigurations.LaunchConfigurationTabGroupViewer.setInput0(LaunchConfigurationTabGroupViewer.java:615)
	at org.eclipse.debug.internal.ui.launchConfigurations.LaunchConfigurationTabGroupViewer.setInput(LaunchConfigurationTabGroupViewer.java:590)
	at org.eclipse.debug.internal.ui.launchConfigurations.LaunchConfigurationsDialog.handleLaunchConfigurationSelectionChanged(LaunchConfigurationsDialog.java:960)
	at org.eclipse.debug.internal.ui.launchConfigurations.LaunchConfigurationsDialog$3.selectionChanged(LaunchConfigurationsDialog.java:573)
	at org.eclipse.jface.viewers.StructuredViewer$3.run(StructuredViewer.java:877)
	at org.eclipse.core.runtime.SafeRunner.run(SafeRunner.java:42)
	at org.eclipse.ui.internal.JFaceUtil$1.run(JFaceUtil.java:50)
	at org.eclipse.jface.util.SafeRunnable.run(SafeRunnable.java:173)
	at org.eclipse.jface.viewers.StructuredViewer.firePostSelectionChanged(StructuredViewer.java:874)
	at org.eclipse.jface.viewers.StructuredViewer.setSelection(StructuredViewer.java:1734)
	at org.eclipse.jface.viewers.TreeViewer.setSelection(TreeViewer.java:1093)
	at org.eclipse.debug.internal.ui.launchConfigurations.LaunchConfigurationView.handleConfigurationAdded(LaunchConfigurationView.java:297)
	at org.eclipse.debug.internal.ui.launchConfigurations.LaunchConfigurationView.access$1(LaunchConfigurationView.java:286)
	at org.eclipse.debug.internal.ui.launchConfigurations.LaunchConfigurationView$2.run(LaunchConfigurationView.java:275)
	at org.eclipse.swt.widgets.RunnableLock.run(RunnableLock.java:35)
	at org.eclipse.swt.widgets.Synchronizer.runAsyncMessages(Synchronizer.java:135)
	at org.eclipse.swt.widgets.Display.runAsyncMessages(Display.java:3794)
	at org.eclipse.swt.widgets.Display.readAndDispatch(Display.java:3433)
	at org.eclipse.jface.window.Window.runEventLoop(Window.java:827)
	at org.eclipse.jface.window.Window.open(Window.java:803)
	at org.eclipse.debug.internal.ui.launchConfigurations.LaunchConfigurationsDialog.open(LaunchConfigurationsDialog.java:1154)
	at org.eclipse.debug.ui.DebugUITools$2.run(DebugUITools.java:619)
	at org.eclipse.swt.custom.BusyIndicator.showWhile(BusyIndicator.java:70)
	at org.eclipse.debug.ui.DebugUITools.openLaunchConfigurationDialogOnGroup(DebugUITools.java:627)
	at org.eclipse.debug.ui.DebugUITools.openLaunchConfigurationDialogOnGroup(DebugUITools.java:560)
	at org.eclipse.debug.ui.actions.AbstractLaunchToolbarAction.run(AbstractLaunchToolbarAction.java:87)
	at org.eclipse.debug.ui.actions.AbstractLaunchHistoryAction.runWithEvent(AbstractLaunchHistoryAction.java:420)
	at org.eclipse.ui.internal.PluginAction.runWithEvent(PluginAction.java:237)
	at org.eclipse.ui.internal.WWinPluginAction.runWithEvent(WWinPluginAction.java:228)
	at org.eclipse.jface.action.ActionContributionItem.handleWidgetSelection(ActionContributionItem.java:595)
	at org.eclipse.jface.action.ActionContributionItem.access$2(ActionContributionItem.java:511)
	at org.eclipse.jface.action.ActionContributionItem$6.handleEvent(ActionContributionItem.java:462)
	at org.eclipse.swt.widgets.EventTable.sendEvent(EventTable.java:84)
	at org.eclipse.swt.widgets.Display.sendEvent(Display.java:4481)
	at org.eclipse.swt.widgets.Widget.sendEvent(Widget.java:1327)
	at org.eclipse.swt.widgets.Display.runDeferredEvents(Display.java:3819)
	at org.eclipse.swt.widgets.Display.readAndDispatch(Display.java:3430)
	at org.eclipse.e4.ui.internal.workbench.swt.PartRenderingEngine$4.run(PartRenderingEngine.java:1127)
	at org.eclipse.core.databinding.observable.Realm.runWithDefault(Realm.java:337)
	at org.eclipse.e4.ui.internal.workbench.swt.PartRenderingEngine.run(PartRenderingEngine.java:1018)
	at org.eclipse.e4.ui.internal.workbench.E4Workbench.createAndRunUI(E4Workbench.java:156)
	at org.eclipse.ui.internal.Workbench$5.run(Workbench.java:654)
	at org.eclipse.core.databinding.observable.Realm.runWithDefault(Realm.java:337)
	at org.eclipse.ui.internal.Workbench.createAndRunWorkbench(Workbench.java:598)
	at org.eclipse.ui.PlatformUI.createAndRunWorkbench(PlatformUI.java:150)
	at com.brainwy.liclipse.rcp.IDEApplication.start(IDEApplication.java:210)
	at org.eclipse.equinox.internal.app.EclipseAppHandle.run(EclipseAppHandle.java:196)
	at org.eclipse.core.runtime.internal.adaptor.EclipseAppLauncher.runApplication(EclipseAppLauncher.java:134)
	at org.eclipse.core.runtime.internal.adaptor.EclipseAppLauncher.start(EclipseAppLauncher.java:104)
	at org.eclipse.core.runtime.adaptor.EclipseStarter.run(EclipseStarter.java:380)
	at org.eclipse.core.runtime.adaptor.EclipseStarter.run(EclipseStarter.java:235)
	at sun.reflect.NativeMethodAccessorImpl.invoke0(Native Method)
	at sun.reflect.NativeMethodAccessorImpl.invoke(NativeMethodAccessorImpl.java:62)
	at sun.reflect.DelegatingMethodAccessorImpl.invoke(DelegatingMethodAccessorImpl.java:43)
	at java.lang.reflect.Method.invoke(Method.java:483)
	at org.eclipse.equinox.launcher.Main.invokeFramework(Main.java:669)
	at org.eclipse.equinox.launcher.Main.basicRun(Main.java:608)
	at org.eclipse.equinox.launcher.Main.run(Main.java:1515)
	at org.eclipse.equinox.launcher.Main.main(Main.java:1488)
!SUBENTRY 1 org.python.pydev.debug 4 4 2016-02-26 12:29:06.751
!MESSAGE Unable to get project for the run

!ENTRY org.python.pydev.shared_core 4 4 2016-02-26 13:01:04.810
!MESSAGE Did not expect to find item below node: Assign[targets=[Name[id=xml, ctx=Store, reserved=false]], value=null] (module: markup.py).
!STACK 0
java.lang.RuntimeException: Did not expect to find item below node: Assign[targets=[Name[id=xml, ctx=Store, reserved=false]], value=null] (module: markup.py).
	at org.python.pydev.core.log.Log.log(Log.java:54)
	at org.python.pydev.parser.fastparser.FastDefinitionsParser.endScopesInStack(FastDefinitionsParser.java:589)
	at org.python.pydev.parser.fastparser.FastDefinitionsParser.handleNewLine(FastDefinitionsParser.java:380)
	at org.python.pydev.parser.fastparser.FastDefinitionsParser.extractBody(FastDefinitionsParser.java:249)
	at org.python.pydev.parser.fastparser.FastDefinitionsParser.parse(FastDefinitionsParser.java:676)
	at com.python.pydev.analysis.additionalinfo.AbstractAdditionalTokensInfo.addAstInfo(AbstractAdditionalTokensInfo.java:310)
	at com.python.pydev.analysis.additionalinfo.AbstractAdditionalDependencyInfo.updateKeysIfNeededAndSave(AbstractAdditionalDependencyInfo.java:243)
	at com.python.pydev.analysis.system_info_builder.InterpreterInfoBuilder.syncInfoToPythonPath(InterpreterInfoBuilder.java:153)
	at com.python.pydev.analysis.system_info_builder.InterpreterInfoBuilder.syncInfoToPythonPath(InterpreterInfoBuilder.java:79)
	at org.python.pydev.editor.codecompletion.revisited.SynchSystemModulesManager.synchronizeManagerToNameToInfoPythonpath(SynchSystemModulesManager.java:390)
	at org.python.pydev.editor.codecompletion.revisited.SyncSystemModulesManagerScheduler$SynchJob.run(SyncSystemModulesManagerScheduler.java:261)
	at org.eclipse.core.internal.jobs.Worker.run(Worker.java:55)

!ENTRY org.python.pydev.shared_core 4 4 2016-02-26 13:01:05.044
!MESSAGE Did not expect to find item below node: Assign[targets=[Name[id=oid, ctx=Store, reserved=false]], value=null] (module: encoder.py).
!STACK 0
java.lang.RuntimeException: Did not expect to find item below node: Assign[targets=[Name[id=oid, ctx=Store, reserved=false]], value=null] (module: encoder.py).
	at org.python.pydev.core.log.Log.log(Log.java:54)
	at org.python.pydev.parser.fastparser.FastDefinitionsParser.endScopesInStack(FastDefinitionsParser.java:589)
	at org.python.pydev.parser.fastparser.FastDefinitionsParser.handleNewLine(FastDefinitionsParser.java:380)
	at org.python.pydev.parser.fastparser.FastDefinitionsParser.extractBody(FastDefinitionsParser.java:249)
	at org.python.pydev.parser.fastparser.FastDefinitionsParser.parse(FastDefinitionsParser.java:676)
	at com.python.pydev.analysis.additionalinfo.AbstractAdditionalTokensInfo.addAstInfo(AbstractAdditionalTokensInfo.java:310)
	at com.python.pydev.analysis.additionalinfo.AbstractAdditionalDependencyInfo.updateKeysIfNeededAndSave(AbstractAdditionalDependencyInfo.java:243)
	at com.python.pydev.analysis.system_info_builder.InterpreterInfoBuilder.syncInfoToPythonPath(InterpreterInfoBuilder.java:153)
	at com.python.pydev.analysis.system_info_builder.InterpreterInfoBuilder.syncInfoToPythonPath(InterpreterInfoBuilder.java:79)
	at org.python.pydev.editor.codecompletion.revisited.SynchSystemModulesManager.synchronizeManagerToNameToInfoPythonpath(SynchSystemModulesManager.java:390)
	at org.python.pydev.editor.codecompletion.revisited.SyncSystemModulesManagerScheduler$SynchJob.run(SyncSystemModulesManagerScheduler.java:261)
	at org.eclipse.core.internal.jobs.Worker.run(Worker.java:55)

!ENTRY org.python.pydev.shared_core 4 4 2016-02-26 13:01:05.045
!MESSAGE Did not expect to find item below node: Assign[targets=[Name[id=defaultValue, ctx=Store, reserved=false]], value=null] (module: base.py).
!STACK 0
java.lang.RuntimeException: Did not expect to find item below node: Assign[targets=[Name[id=defaultValue, ctx=Store, reserved=false]], value=null] (module: base.py).
	at org.python.pydev.core.log.Log.log(Log.java:54)
	at org.python.pydev.parser.fastparser.FastDefinitionsParser.endScopesInStack(FastDefinitionsParser.java:589)
	at org.python.pydev.parser.fastparser.FastDefinitionsParser.handleNewLine(FastDefinitionsParser.java:380)
	at org.python.pydev.parser.fastparser.FastDefinitionsParser.extractBody(FastDefinitionsParser.java:249)
	at org.python.pydev.parser.fastparser.FastDefinitionsParser.parse(FastDefinitionsParser.java:676)
	at com.python.pydev.analysis.additionalinfo.AbstractAdditionalTokensInfo.addAstInfo(AbstractAdditionalTokensInfo.java:310)
	at com.python.pydev.analysis.additionalinfo.AbstractAdditionalDependencyInfo.updateKeysIfNeededAndSave(AbstractAdditionalDependencyInfo.java:243)
	at com.python.pydev.analysis.system_info_builder.InterpreterInfoBuilder.syncInfoToPythonPath(InterpreterInfoBuilder.java:153)
	at com.python.pydev.analysis.system_info_builder.InterpreterInfoBuilder.syncInfoToPythonPath(InterpreterInfoBuilder.java:79)
	at org.python.pydev.editor.codecompletion.revisited.SynchSystemModulesManager.synchronizeManagerToNameToInfoPythonpath(SynchSystemModulesManager.java:390)
	at org.python.pydev.editor.codecompletion.revisited.SyncSystemModulesManagerScheduler$SynchJob.run(SyncSystemModulesManagerScheduler.java:261)
	at org.eclipse.core.internal.jobs.Worker.run(Worker.java:55)

!ENTRY org.python.pydev.shared_core 4 4 2016-02-26 13:01:05.046
!MESSAGE Did not expect to find item below node: Assign[targets=[Name[id=r, ctx=Store, reserved=false]], value=null] (module: univ.py).
!STACK 0
java.lang.RuntimeException: Did not expect to find item below node: Assign[targets=[Name[id=r, ctx=Store, reserved=false]], value=null] (module: univ.py).
	at org.python.pydev.core.log.Log.log(Log.java:54)
	at org.python.pydev.parser.fastparser.FastDefinitionsParser.endScopesInStack(FastDefinitionsParser.java:589)
	at org.python.pydev.parser.fastparser.FastDefinitionsParser.handleNewLine(FastDefinitionsParser.java:380)
	at org.python.pydev.parser.fastparser.FastDefinitionsParser.extractBody(FastDefinitionsParser.java:249)
	at org.python.pydev.parser.fastparser.FastDefinitionsParser.parse(FastDefinitionsParser.java:676)
	at com.python.pydev.analysis.additionalinfo.AbstractAdditionalTokensInfo.addAstInfo(AbstractAdditionalTokensInfo.java:310)
	at com.python.pydev.analysis.additionalinfo.AbstractAdditionalDependencyInfo.updateKeysIfNeededAndSave(AbstractAdditionalDependencyInfo.java:243)
	at com.python.pydev.analysis.system_info_builder.InterpreterInfoBuilder.syncInfoToPythonPath(InterpreterInfoBuilder.java:153)
	at com.python.pydev.analysis.system_info_builder.InterpreterInfoBuilder.syncInfoToPythonPath(InterpreterInfoBuilder.java:79)
	at org.python.pydev.editor.codecompletion.revisited.SynchSystemModulesManager.synchronizeManagerToNameToInfoPythonpath(SynchSystemModulesManager.java:390)
	at org.python.pydev.editor.codecompletion.revisited.SyncSystemModulesManagerScheduler$SynchJob.run(SyncSystemModulesManagerScheduler.java:261)
	at org.eclipse.core.internal.jobs.Worker.run(Worker.java:55)

!ENTRY org.python.pydev.shared_core 4 4 2016-02-26 13:01:06.065
!MESSAGE Did not expect to find item below node: Assign[targets=[Name[id=adj, ctx=Store, reserved=false]], value=null] (module: Row.py).
!STACK 0
java.lang.RuntimeException: Did not expect to find item below node: Assign[targets=[Name[id=adj, ctx=Store, reserved=false]], value=null] (module: Row.py).
	at org.python.pydev.core.log.Log.log(Log.java:54)
	at org.python.pydev.parser.fastparser.FastDefinitionsParser.endScopesInStack(FastDefinitionsParser.java:589)
	at org.python.pydev.parser.fastparser.FastDefinitionsParser.handleNewLine(FastDefinitionsParser.java:380)
	at org.python.pydev.parser.fastparser.FastDefinitionsParser.extractBody(FastDefinitionsParser.java:249)
	at org.python.pydev.parser.fastparser.FastDefinitionsParser.parse(FastDefinitionsParser.java:676)
	at com.python.pydev.analysis.additionalinfo.AbstractAdditionalTokensInfo.addAstInfo(AbstractAdditionalTokensInfo.java:310)
	at com.python.pydev.analysis.additionalinfo.AbstractAdditionalDependencyInfo.updateKeysIfNeededAndSave(AbstractAdditionalDependencyInfo.java:243)
	at com.python.pydev.analysis.system_info_builder.InterpreterInfoBuilder.syncInfoToPythonPath(InterpreterInfoBuilder.java:153)
	at com.python.pydev.analysis.system_info_builder.InterpreterInfoBuilder.syncInfoToPythonPath(InterpreterInfoBuilder.java:79)
	at org.python.pydev.editor.codecompletion.revisited.SynchSystemModulesManager.synchronizeManagerToNameToInfoPythonpath(SynchSystemModulesManager.java:390)
	at org.python.pydev.editor.codecompletion.revisited.SyncSystemModulesManagerScheduler$SynchJob.run(SyncSystemModulesManagerScheduler.java:261)
	at org.eclipse.core.internal.jobs.Worker.run(Worker.java:55)
